-- Install configuration: ""
-- Up-to-date: /home/user/ros2_ws/install/deepmind_bot_navigation/share/deepmind_bot_navigation//launch
-- Up-to-date: /home/user/ros2_ws/install/deepmind_bot_navigation/share/deepmind_bot_navigation//launch/localization.launch.py
-- Up-to-date: /home/user/ros2_ws/install/deepmind_bot_navigation/share/deepmind_bot_navigation//launch/cartographer.launch.py
-- Up-to-date: /home/user/ros2_ws/install/deepmind_bot_navigation/share/deepmind_bot_navigation//launch/pathplanner.launch.py
-- Up-to-date: /home/user/ros2_ws/install/deepmind_bot_navigation/share/deepmind_bot_navigation//launch/rviz.launch.xml
-- Up-to-date: /home/user/ros2_ws/install/deepmind_bot_navigation/share/deepmind_bot_navigation//launch/start_rviz.launch.py
-- Up-to-date: /home/user/ros2_ws/install/deepmind_bot_navigation/share/deepmind_bot_navigation//launch/nav2_map_server.launch.py
-- Up-to-date: /home/user/ros2_ws/install/deepmind_bot_navigation/share/deepmind_bot_navigation//launch/main.launch.xml
-- Up-to-date: /home/user/ros2_ws/install/deepmind_bot_navigation/share/deepmind_bot_navigation//config
-- Up-to-date: /home/user/ros2_ws/install/deepmind_bot_navigation/share/deepmind_bot_navigation//config/controller.yaml
-- Up-to-date: /home/user/ros2_ws/install/deepmind_bot_navigation/share/deepmind_bot_navigation//config/recovery.yaml
-- Up-to-date: /home/user/ros2_ws/install/deepmind_bot_navigation/share/deepmind_bot_navigation//config/planner_server.yaml
-- Up-to-date: /home/user/ros2_ws/install/deepmind_bot_navigation/share/deepmind_bot_navigation//config/bt_navigator.yaml
-- Up-to-date: /home/user/ros2_ws/install/deepmind_bot_navigation/share/deepmind_bot_navigation//config/amcl_config.yaml
-- Up-to-date: /home/user/ros2_ws/install/deepmind_bot_navigation/share/deepmind_bot_navigation//config/filters.yaml
-- Up-to-date: /home/user/ros2_ws/install/deepmind_bot_navigation/share/deepmind_bot_navigation//config/behavior.xml
-- Up-to-date: /home/user/ros2_ws/install/deepmind_bot_navigation/share/deepmind_bot_navigation//config/cartographer.lua
-- Up-to-date: /home/user/ros2_ws/install/deepmind_bot_navigation/share/deepmind_bot_navigation//rviz
-- Up-to-date: /home/user/ros2_ws/install/deepmind_bot_navigation/share/deepmind_bot_navigation//rviz/navigation.rviz
-- Up-to-date: /home/user/ros2_ws/install/deepmind_bot_navigation/share/deepmind_bot_navigation//rviz/mapping.rviz
-- Up-to-date: /home/user/ros2_ws/install/deepmind_bot_navigation/share/deepmind_bot_navigation//rviz/localization.rviz
-- Up-to-date: /home/user/ros2_ws/install/deepmind_bot_navigation/share/deepmind_bot_navigation//maps
-- Up-to-date: /home/user/ros2_ws/install/deepmind_bot_navigation/share/deepmind_bot_navigation//maps/modern_flat.png
-- Up-to-date: /home/user/ros2_ws/install/deepmind_bot_navigation/share/deepmind_bot_navigation//maps/map_keepout.pgm
-- Up-to-date: /home/user/ros2_ws/install/deepmind_bot_navigation/share/deepmind_bot_navigation//maps/modern_flat.pgm
-- Up-to-date: /home/user/ros2_ws/install/deepmind_bot_navigation/share/deepmind_bot_navigation//maps/raw_modern_flat.pgm
-- Up-to-date: /home/user/ros2_ws/install/deepmind_bot_navigation/share/deepmind_bot_navigation//maps/map_keepout.yaml
-- Up-to-date: /home/user/ros2_ws/install/deepmind_bot_navigation/share/deepmind_bot_navigation//maps/modern_flat.yaml
-- Up-to-date: /home/user/ros2_ws/install/deepmind_bot_navigation/share/ament_index/resource_index/package_run_dependencies/deepmind_bot_navigation
-- Up-to-date: /home/user/ros2_ws/install/deepmind_bot_navigation/share/ament_index/resource_index/parent_prefix_path/deepmind_bot_navigation
-- Up-to-date: /home/user/ros2_ws/install/deepmind_bot_navigation/share/deepmind_bot_navigation/environment/ament_prefix_path.sh
-- Up-to-date: /home/user/ros2_ws/install/deepmind_bot_navigation/share/deepmind_bot_navigation/environment/ament_prefix_path.dsv
-- Up-to-date: /home/user/ros2_ws/install/deepmind_bot_navigation/share/deepmind_bot_navigation/environment/path.sh
-- Up-to-date: /home/user/ros2_ws/install/deepmind_bot_navigation/share/deepmind_bot_navigation/environment/path.dsv
-- Up-to-date: /home/user/ros2_ws/install/deepmind_bot_navigation/share/deepmind_bot_navigation/local_setup.bash
-- Up-to-date: /home/user/ros2_ws/install/deepmind_bot_navigation/share/deepmind_bot_navigation/local_setup.sh
-- Up-to-date: /home/user/ros2_ws/install/deepmind_bot_navigation/share/deepmind_bot_navigation/local_setup.zsh
-- Up-to-date: /home/user/ros2_ws/install/deepmind_bot_navigation/share/deepmind_bot_navigation/local_setup.dsv
-- Installing: /home/user/ros2_ws/install/deepmind_bot_navigation/share/deepmind_bot_navigation/package.dsv
-- Up-to-date: /home/user/ros2_ws/install/deepmind_bot_navigation/share/ament_index/resource_index/packages/deepmind_bot_navigation
-- Up-to-date: /home/user/ros2_ws/install/deepmind_bot_navigation/share/deepmind_bot_navigation/cmake/deepmind_bot_navigationConfig.cmake
-- Up-to-date: /home/user/ros2_ws/install/deepmind_bot_navigation/share/deepmind_bot_navigation/cmake/deepmind_bot_navigationConfig-version.cmake
-- Up-to-date: /home/user/ros2_ws/install/deepmind_bot_navigation/share/deepmind_bot_navigation/package.xml
