running egg_info
creating ../../build/advanced_perception/advanced_perception.egg-info
writing ../../build/advanced_perception/advanced_perception.egg-info/PKG-INFO
writing dependency_links to ../../build/advanced_perception/advanced_perception.egg-info/dependency_links.txt
writing entry points to ../../build/advanced_perception/advanced_perception.egg-info/entry_points.txt
writing requirements to ../../build/advanced_perception/advanced_perception.egg-info/requires.txt
writing top-level names to ../../build/advanced_perception/advanced_perception.egg-info/top_level.txt
writing manifest file '../../build/advanced_perception/advanced_perception.egg-info/SOURCES.txt'
reading manifest file '../../build/advanced_perception/advanced_perception.egg-info/SOURCES.txt'
writing manifest file '../../build/advanced_perception/advanced_perception.egg-info/SOURCES.txt'
running build
running build_py
creating /home/user/ros2_ws/build/advanced_perception/build
creating /home/user/ros2_ws/build/advanced_perception/build/lib
creating /home/user/ros2_ws/build/advanced_perception/build/lib/advanced_perception
copying advanced_perception/__init__.py -> /home/user/ros2_ws/build/advanced_perception/build/lib/advanced_perception
running install
running install_lib
creating /home/user/ros2_ws/install/advanced_perception/lib/python3.10/site-packages/advanced_perception
copying /home/user/ros2_ws/build/advanced_perception/build/lib/advanced_perception/__init__.py -> /home/user/ros2_ws/install/advanced_perception/lib/python3.10/site-packages/advanced_perception
byte-compiling /home/user/ros2_ws/install/advanced_perception/lib/python3.10/site-packages/advanced_perception/__init__.py to __init__.cpython-310.pyc
running install_data
creating /home/user/ros2_ws/install/advanced_perception/share/ament_index
creating /home/user/ros2_ws/install/advanced_perception/share/ament_index/resource_index
creating /home/user/ros2_ws/install/advanced_perception/share/ament_index/resource_index/packages
copying resource/advanced_perception -> /home/user/ros2_ws/install/advanced_perception/share/ament_index/resource_index/packages
copying package.xml -> /home/user/ros2_ws/install/advanced_perception/share/advanced_perception
running install_egg_info
Copying ../../build/advanced_perception/advanced_perception.egg-info to /home/user/ros2_ws/install/advanced_perception/lib/python3.10/site-packages/advanced_perception-0.0.0-py3.10.egg-info
running install_scripts
writing list of installed files to '/home/user/ros2_ws/build/advanced_perception/install.log'
