[2.889s] Invoking command in '/home/user/ros2_ws/src/advanced_perception': PYTHONPATH=/home/user/ros2_ws/build/advanced_perception/prefix_override:/home/user/ros2_ws/install/advanced_perception/lib/python3.10/site-packages:${PYTHONPATH} _=/usr/bin/env /usr/bin/python3 -W ignore:setup.py install is deprecated setup.py egg_info --egg-base ../../build/advanced_perception build --build-base /home/user/ros2_ws/build/advanced_perception/build install --record /home/user/ros2_ws/build/advanced_perception/install.log --single-version-externally-managed install_data
[3.908s] running egg_info
[3.909s] creating ../../build/advanced_perception/advanced_perception.egg-info
[3.909s] writing ../../build/advanced_perception/advanced_perception.egg-info/PKG-INFO
[3.977s] writing dependency_links to ../../build/advanced_perception/advanced_perception.egg-info/dependency_links.txt
[3.977s] writing entry points to ../../build/advanced_perception/advanced_perception.egg-info/entry_points.txt
[3.977s] writing requirements to ../../build/advanced_perception/advanced_perception.egg-info/requires.txt
[3.977s] writing top-level names to ../../build/advanced_perception/advanced_perception.egg-info/top_level.txt
[3.977s] writing manifest file '../../build/advanced_perception/advanced_perception.egg-info/SOURCES.txt'
[3.982s] reading manifest file '../../build/advanced_perception/advanced_perception.egg-info/SOURCES.txt'
[3.984s] writing manifest file '../../build/advanced_perception/advanced_perception.egg-info/SOURCES.txt'
[3.985s] running build
[3.985s] running build_py
[3.985s] creating /home/user/ros2_ws/build/advanced_perception/build
[3.985s] creating /home/user/ros2_ws/build/advanced_perception/build/lib
[3.985s] creating /home/user/ros2_ws/build/advanced_perception/build/lib/advanced_perception
[3.985s] copying advanced_perception/__init__.py -> /home/user/ros2_ws/build/advanced_perception/build/lib/advanced_perception
[3.986s] running install
[3.986s] running install_lib
[3.987s] creating /home/user/ros2_ws/install/advanced_perception/lib/python3.10/site-packages/advanced_perception
[3.987s] copying /home/user/ros2_ws/build/advanced_perception/build/lib/advanced_perception/__init__.py -> /home/user/ros2_ws/install/advanced_perception/lib/python3.10/site-packages/advanced_perception
[3.988s] byte-compiling /home/user/ros2_ws/install/advanced_perception/lib/python3.10/site-packages/advanced_perception/__init__.py to __init__.cpython-310.pyc
[3.988s] running install_data
[3.988s] creating /home/user/ros2_ws/install/advanced_perception/share/ament_index
[3.988s] creating /home/user/ros2_ws/install/advanced_perception/share/ament_index/resource_index
[3.988s] creating /home/user/ros2_ws/install/advanced_perception/share/ament_index/resource_index/packages
[3.989s] copying resource/advanced_perception -> /home/user/ros2_ws/install/advanced_perception/share/ament_index/resource_index/packages
[3.989s] copying package.xml -> /home/user/ros2_ws/install/advanced_perception/share/advanced_perception
[3.989s] running install_egg_info
[3.991s] Copying ../../build/advanced_perception/advanced_perception.egg-info to /home/user/ros2_ws/install/advanced_perception/lib/python3.10/site-packages/advanced_perception-0.0.0-py3.10.egg-info
[3.992s] running install_scripts
[4.019s] writing list of installed files to '/home/user/ros2_ws/build/advanced_perception/install.log'
[4.101s] Invoked command in '/home/user/ros2_ws/src/advanced_perception' returned '0': PYTHONPATH=/home/user/ros2_ws/build/advanced_perception/prefix_override:/home/user/ros2_ws/install/advanced_perception/lib/python3.10/site-packages:${PYTHONPATH} _=/usr/bin/env /usr/bin/python3 -W ignore:setup.py install is deprecated setup.py egg_info --egg-base ../../build/advanced_perception build --build-base /home/user/ros2_ws/build/advanced_perception/build install --record /home/user/ros2_ws/build/advanced_perception/install.log --single-version-externally-managed install_data
