[1.342s] DEBUG:colcon:Command line arguments: ['/usr/bin/colcon', 'build']
[1.342s] DEBUG:colcon:Parsed command line arguments: Namespace(log_base=None, log_level=None, verb_name='build', build_base='build', install_base='install', merge_install=False, symlink_install=False, test_result_base=None, continue_on_error=False, executor='parallel', parallel_workers=8, event_handlers=None, ignore_user_meta=False, metas=['./colcon.meta'], base_paths=['.'], packages_ignore=None, packages_ignore_regex=None, paths=None, packages_up_to=None, packages_up_to_regex=None, packages_above=None, packages_above_and_dependencies=None, packages_above_depth=None, packages_select_by_dep=None, packages_skip_by_dep=None, packages_skip_up_to=None, packages_select_build_failed=False, packages_skip_build_finished=False, packages_select_test_failures=False, packages_skip_test_passed=False, packages_select=None, packages_skip=None, packages_select_regex=None, packages_skip_regex=None, packages_start=None, packages_end=None, lookup_in_workspace=False, cargo_args=None, clean_build=False, cmake_args=None, cmake_target=None, cmake_target_skip_unavailable=False, cmake_clean_cache=False, cmake_clean_first=False, cmake_force_configure=False, ament_cmake_args=None, catkin_cmake_args=None, catkin_skip_building_tests=False, mixin_files=None, mixin=None, verb_parser=<colcon_mixin.mixin.mixin_argument.MixinArgumentDecorator object at 0x7f4f65092770>, verb_extension=<colcon_core.verb.build.BuildVerb object at 0x7f4f65091c00>, main=<bound method BuildVerb.main of <colcon_core.verb.build.BuildVerb object at 0x7f4f65091c00>>, mixin_verb=('build',))
[4.520s] Level 1:colcon.colcon_core.package_discovery:discover_packages(colcon_meta) check parameters
[4.521s] Level 1:colcon.colcon_core.package_discovery:discover_packages(recursive) check parameters
[4.521s] Level 1:colcon.colcon_core.package_discovery:discover_packages(ignore) check parameters
[4.521s] Level 1:colcon.colcon_core.package_discovery:discover_packages(path) check parameters
[4.521s] Level 1:colcon.colcon_core.package_discovery:discover_packages(colcon_meta) discover
[4.521s] Level 1:colcon.colcon_core.package_discovery:discover_packages(recursive) discover
[4.521s] INFO:colcon.colcon_core.package_discovery:Crawling recursively for packages in '/home/user/ros2_ws'
[4.521s] Level 1:colcon.colcon_core.package_identification:_identify(.) by extensions ['ignore', 'ignore_ament_install']
[4.521s] Level 1:colcon.colcon_core.package_identification:_identify(.) by extension 'ignore'
[4.521s] Level 1:colcon.colcon_core.package_identification:_identify(.) by extension 'ignore_ament_install'
[4.521s] Level 1:colcon.colcon_core.package_identification:_identify(.) by extensions ['colcon_pkg']
[4.521s] Level 1:colcon.colcon_core.package_identification:_identify(.) by extension 'colcon_pkg'
[4.521s] Level 1:colcon.colcon_core.package_identification:_identify(.) by extensions ['colcon_meta']
[4.521s] Level 1:colcon.colcon_core.package_identification:_identify(.) by extension 'colcon_meta'
[4.521s] Level 1:colcon.colcon_core.package_identification:_identify(.) by extensions ['ament_cargo']
[4.521s] Level 1:colcon.colcon_core.package_identification:_identify(.) by extension 'ament_cargo'
[4.521s] Level 1:colcon.colcon_core.package_identification:_identify(.) by extensions ['ros']
[4.522s] Level 1:colcon.colcon_core.package_identification:_identify(.) by extension 'ros'
[4.597s] Level 1:colcon.colcon_core.package_identification:_identify(.) by extensions ['cargo', 'cmake', 'python']
[4.598s] Level 1:colcon.colcon_core.package_identification:_identify(.) by extension 'cargo'
[4.598s] Level 1:colcon.colcon_core.package_identification:_identify(.) by extension 'cmake'
[4.598s] Level 1:colcon.colcon_core.package_identification:_identify(.) by extension 'python'
[4.598s] Level 1:colcon.colcon_core.package_identification:_identify(.) by extensions ['python_setup_py']
[4.598s] Level 1:colcon.colcon_core.package_identification:_identify(.) by extension 'python_setup_py'
[4.598s] Level 1:colcon.colcon_core.package_identification:_identify(build) by extensions ['ignore', 'ignore_ament_install']
[4.598s] Level 1:colcon.colcon_core.package_identification:_identify(build) by extension 'ignore'
[4.598s] Level 1:colcon.colcon_core.package_identification:_identify(build) ignored
[4.598s] Level 1:colcon.colcon_core.package_identification:_identify(install) by extensions ['ignore', 'ignore_ament_install']
[4.599s] Level 1:colcon.colcon_core.package_identification:_identify(install) by extension 'ignore'
[4.599s] Level 1:colcon.colcon_core.package_identification:_identify(install) ignored
[4.599s] Level 1:colcon.colcon_core.package_identification:_identify(log) by extensions ['ignore', 'ignore_ament_install']
[4.599s] Level 1:colcon.colcon_core.package_identification:_identify(log) by extension 'ignore'
[4.599s] Level 1:colcon.colcon_core.package_identification:_identify(log) ignored
[4.599s] Level 1:colcon.colcon_core.package_identification:_identify(src) by extensions ['ignore', 'ignore_ament_install']
[4.599s] Level 1:colcon.colcon_core.package_identification:_identify(src) by extension 'ignore'
[4.599s] Level 1:colcon.colcon_core.package_identification:_identify(src) by extension 'ignore_ament_install'
[4.599s] Level 1:colcon.colcon_core.package_identification:_identify(src) by extensions ['colcon_pkg']
[4.599s] Level 1:colcon.colcon_core.package_identification:_identify(src) by extension 'colcon_pkg'
[4.599s] Level 1:colcon.colcon_core.package_identification:_identify(src) by extensions ['colcon_meta']
[4.599s] Level 1:colcon.colcon_core.package_identification:_identify(src) by extension 'colcon_meta'
[4.599s] Level 1:colcon.colcon_core.package_identification:_identify(src) by extensions ['ament_cargo']
[4.599s] Level 1:colcon.colcon_core.package_identification:_identify(src) by extension 'ament_cargo'
[4.599s] Level 1:colcon.colcon_core.package_identification:_identify(src) by extensions ['ros']
[4.599s] Level 1:colcon.colcon_core.package_identification:_identify(src) by extension 'ros'
[4.600s] Level 1:colcon.colcon_core.package_identification:_identify(src) by extensions ['cargo', 'cmake', 'python']
[4.600s] Level 1:colcon.colcon_core.package_identification:_identify(src) by extension 'cargo'
[4.600s] Level 1:colcon.colcon_core.package_identification:_identify(src) by extension 'cmake'
[4.600s] Level 1:colcon.colcon_core.package_identification:_identify(src) by extension 'python'
[4.600s] Level 1:colcon.colcon_core.package_identification:_identify(src) by extensions ['python_setup_py']
[4.600s] Level 1:colcon.colcon_core.package_identification:_identify(src) by extension 'python_setup_py'
[4.600s] Level 1:colcon.colcon_core.package_identification:_identify(src/advanced_perception) by extensions ['ignore', 'ignore_ament_install']
[4.600s] Level 1:colcon.colcon_core.package_identification:_identify(src/advanced_perception) by extension 'ignore'
[4.600s] Level 1:colcon.colcon_core.package_identification:_identify(src/advanced_perception) by extension 'ignore_ament_install'
[4.600s] Level 1:colcon.colcon_core.package_identification:_identify(src/advanced_perception) by extensions ['colcon_pkg']
[4.600s] Level 1:colcon.colcon_core.package_identification:_identify(src/advanced_perception) by extension 'colcon_pkg'
[4.600s] Level 1:colcon.colcon_core.package_identification:_identify(src/advanced_perception) by extensions ['colcon_meta']
[4.600s] Level 1:colcon.colcon_core.package_identification:_identify(src/advanced_perception) by extension 'colcon_meta'
[4.600s] Level 1:colcon.colcon_core.package_identification:_identify(src/advanced_perception) by extensions ['ament_cargo']
[4.600s] Level 1:colcon.colcon_core.package_identification:_identify(src/advanced_perception) by extension 'ament_cargo'
[4.600s] Level 1:colcon.colcon_core.package_identification:_identify(src/advanced_perception) by extensions ['ros']
[4.601s] Level 1:colcon.colcon_core.package_identification:_identify(src/advanced_perception) by extension 'ros'
[4.617s] DEBUG:colcon.colcon_core.package_identification:Package 'src/advanced_perception' with type 'ros.ament_python' and name 'advanced_perception'
[4.617s] Level 1:colcon.colcon_core.package_identification:_identify(src/custom_msgs) by extensions ['ignore', 'ignore_ament_install']
[4.617s] Level 1:colcon.colcon_core.package_identification:_identify(src/custom_msgs) by extension 'ignore'
[4.617s] Level 1:colcon.colcon_core.package_identification:_identify(src/custom_msgs) by extension 'ignore_ament_install'
[4.617s] Level 1:colcon.colcon_core.package_identification:_identify(src/custom_msgs) by extensions ['colcon_pkg']
[4.617s] Level 1:colcon.colcon_core.package_identification:_identify(src/custom_msgs) by extension 'colcon_pkg'
[4.617s] Level 1:colcon.colcon_core.package_identification:_identify(src/custom_msgs) by extensions ['colcon_meta']
[4.617s] Level 1:colcon.colcon_core.package_identification:_identify(src/custom_msgs) by extension 'colcon_meta'
[4.617s] Level 1:colcon.colcon_core.package_identification:_identify(src/custom_msgs) by extensions ['ament_cargo']
[4.617s] Level 1:colcon.colcon_core.package_identification:_identify(src/custom_msgs) by extension 'ament_cargo'
[4.618s] Level 1:colcon.colcon_core.package_identification:_identify(src/custom_msgs) by extensions ['ros']
[4.618s] Level 1:colcon.colcon_core.package_identification:_identify(src/custom_msgs) by extension 'ros'
[4.618s] DEBUG:colcon.colcon_core.package_identification:Package 'src/custom_msgs' with type 'ros.ament_cmake' and name 'custom_msgs'
[4.618s] Level 1:colcon.colcon_core.package_identification:_identify(src/deepmind_bot) by extensions ['ignore', 'ignore_ament_install']
[4.619s] Level 1:colcon.colcon_core.package_identification:_identify(src/deepmind_bot) by extension 'ignore'
[4.619s] Level 1:colcon.colcon_core.package_identification:_identify(src/deepmind_bot) by extension 'ignore_ament_install'
[4.619s] Level 1:colcon.colcon_core.package_identification:_identify(src/deepmind_bot) by extensions ['colcon_pkg']
[4.619s] Level 1:colcon.colcon_core.package_identification:_identify(src/deepmind_bot) by extension 'colcon_pkg'
[4.619s] Level 1:colcon.colcon_core.package_identification:_identify(src/deepmind_bot) by extensions ['colcon_meta']
[4.619s] Level 1:colcon.colcon_core.package_identification:_identify(src/deepmind_bot) by extension 'colcon_meta'
[4.619s] Level 1:colcon.colcon_core.package_identification:_identify(src/deepmind_bot) by extensions ['ament_cargo']
[4.619s] Level 1:colcon.colcon_core.package_identification:_identify(src/deepmind_bot) by extension 'ament_cargo'
[4.619s] Level 1:colcon.colcon_core.package_identification:_identify(src/deepmind_bot) by extensions ['ros']
[4.619s] Level 1:colcon.colcon_core.package_identification:_identify(src/deepmind_bot) by extension 'ros'
[4.619s] Level 1:colcon.colcon_core.package_identification:_identify(src/deepmind_bot) by extensions ['cargo', 'cmake', 'python']
[4.619s] Level 1:colcon.colcon_core.package_identification:_identify(src/deepmind_bot) by extension 'cargo'
[4.619s] Level 1:colcon.colcon_core.package_identification:_identify(src/deepmind_bot) by extension 'cmake'
[4.619s] Level 1:colcon.colcon_core.package_identification:_identify(src/deepmind_bot) by extension 'python'
[4.619s] Level 1:colcon.colcon_core.package_identification:_identify(src/deepmind_bot) by extensions ['python_setup_py']
[4.619s] Level 1:colcon.colcon_core.package_identification:_identify(src/deepmind_bot) by extension 'python_setup_py'
[4.619s] Level 1:colcon.colcon_core.package_identification:_identify(src/deepmind_bot/deepmind_bot_description) by extensions ['ignore', 'ignore_ament_install']
[4.619s] Level 1:colcon.colcon_core.package_identification:_identify(src/deepmind_bot/deepmind_bot_description) by extension 'ignore'
[4.620s] Level 1:colcon.colcon_core.package_identification:_identify(src/deepmind_bot/deepmind_bot_description) by extension 'ignore_ament_install'
[4.620s] Level 1:colcon.colcon_core.package_identification:_identify(src/deepmind_bot/deepmind_bot_description) by extensions ['colcon_pkg']
[4.620s] Level 1:colcon.colcon_core.package_identification:_identify(src/deepmind_bot/deepmind_bot_description) by extension 'colcon_pkg'
[4.620s] Level 1:colcon.colcon_core.package_identification:_identify(src/deepmind_bot/deepmind_bot_description) by extensions ['colcon_meta']
[4.620s] Level 1:colcon.colcon_core.package_identification:_identify(src/deepmind_bot/deepmind_bot_description) by extension 'colcon_meta'
[4.620s] Level 1:colcon.colcon_core.package_identification:_identify(src/deepmind_bot/deepmind_bot_description) by extensions ['ament_cargo']
[4.620s] Level 1:colcon.colcon_core.package_identification:_identify(src/deepmind_bot/deepmind_bot_description) by extension 'ament_cargo'
[4.620s] Level 1:colcon.colcon_core.package_identification:_identify(src/deepmind_bot/deepmind_bot_description) by extensions ['ros']
[4.620s] Level 1:colcon.colcon_core.package_identification:_identify(src/deepmind_bot/deepmind_bot_description) by extension 'ros'
[4.620s] DEBUG:colcon.colcon_core.package_identification:Package 'src/deepmind_bot/deepmind_bot_description' with type 'ros.ament_cmake' and name 'deepmind_bot_description'
[4.621s] Level 1:colcon.colcon_core.package_identification:_identify(src/deepmind_bot/deepmind_bot_gazebo) by extensions ['ignore', 'ignore_ament_install']
[4.621s] Level 1:colcon.colcon_core.package_identification:_identify(src/deepmind_bot/deepmind_bot_gazebo) by extension 'ignore'
[4.621s] Level 1:colcon.colcon_core.package_identification:_identify(src/deepmind_bot/deepmind_bot_gazebo) by extension 'ignore_ament_install'
[4.621s] Level 1:colcon.colcon_core.package_identification:_identify(src/deepmind_bot/deepmind_bot_gazebo) by extensions ['colcon_pkg']
[4.621s] Level 1:colcon.colcon_core.package_identification:_identify(src/deepmind_bot/deepmind_bot_gazebo) by extension 'colcon_pkg'
[4.621s] Level 1:colcon.colcon_core.package_identification:_identify(src/deepmind_bot/deepmind_bot_gazebo) by extensions ['colcon_meta']
[4.621s] Level 1:colcon.colcon_core.package_identification:_identify(src/deepmind_bot/deepmind_bot_gazebo) by extension 'colcon_meta'
[4.621s] Level 1:colcon.colcon_core.package_identification:_identify(src/deepmind_bot/deepmind_bot_gazebo) by extensions ['ament_cargo']
[4.621s] Level 1:colcon.colcon_core.package_identification:_identify(src/deepmind_bot/deepmind_bot_gazebo) by extension 'ament_cargo'
[4.621s] Level 1:colcon.colcon_core.package_identification:_identify(src/deepmind_bot/deepmind_bot_gazebo) by extensions ['ros']
[4.621s] Level 1:colcon.colcon_core.package_identification:_identify(src/deepmind_bot/deepmind_bot_gazebo) by extension 'ros'
[4.622s] DEBUG:colcon.colcon_core.package_identification:Package 'src/deepmind_bot/deepmind_bot_gazebo' with type 'ros.ament_cmake' and name 'deepmind_bot_gazebo'
[4.622s] Level 1:colcon.colcon_core.package_identification:_identify(src/deepmind_bot/deepmind_bot_navigation) by extensions ['ignore', 'ignore_ament_install']
[4.622s] Level 1:colcon.colcon_core.package_identification:_identify(src/deepmind_bot/deepmind_bot_navigation) by extension 'ignore'
[4.622s] Level 1:colcon.colcon_core.package_identification:_identify(src/deepmind_bot/deepmind_bot_navigation) by extension 'ignore_ament_install'
[4.622s] Level 1:colcon.colcon_core.package_identification:_identify(src/deepmind_bot/deepmind_bot_navigation) by extensions ['colcon_pkg']
[4.622s] Level 1:colcon.colcon_core.package_identification:_identify(src/deepmind_bot/deepmind_bot_navigation) by extension 'colcon_pkg'
[4.622s] Level 1:colcon.colcon_core.package_identification:_identify(src/deepmind_bot/deepmind_bot_navigation) by extensions ['colcon_meta']
[4.622s] Level 1:colcon.colcon_core.package_identification:_identify(src/deepmind_bot/deepmind_bot_navigation) by extension 'colcon_meta'
[4.622s] Level 1:colcon.colcon_core.package_identification:_identify(src/deepmind_bot/deepmind_bot_navigation) by extensions ['ament_cargo']
[4.622s] Level 1:colcon.colcon_core.package_identification:_identify(src/deepmind_bot/deepmind_bot_navigation) by extension 'ament_cargo'
[4.622s] Level 1:colcon.colcon_core.package_identification:_identify(src/deepmind_bot/deepmind_bot_navigation) by extensions ['ros']
[4.622s] Level 1:colcon.colcon_core.package_identification:_identify(src/deepmind_bot/deepmind_bot_navigation) by extension 'ros'
[4.623s] DEBUG:colcon.colcon_core.package_identification:Package 'src/deepmind_bot/deepmind_bot_navigation' with type 'ros.ament_cmake' and name 'deepmind_bot_navigation'
[4.623s] Level 1:colcon.colcon_core.package_identification:_identify(src/deepmind_bot/deepmind_bot_trajectory_sender) by extensions ['ignore', 'ignore_ament_install']
[4.623s] Level 1:colcon.colcon_core.package_identification:_identify(src/deepmind_bot/deepmind_bot_trajectory_sender) by extension 'ignore'
[4.623s] Level 1:colcon.colcon_core.package_identification:_identify(src/deepmind_bot/deepmind_bot_trajectory_sender) by extension 'ignore_ament_install'
[4.623s] Level 1:colcon.colcon_core.package_identification:_identify(src/deepmind_bot/deepmind_bot_trajectory_sender) by extensions ['colcon_pkg']
[4.623s] Level 1:colcon.colcon_core.package_identification:_identify(src/deepmind_bot/deepmind_bot_trajectory_sender) by extension 'colcon_pkg'
[4.623s] Level 1:colcon.colcon_core.package_identification:_identify(src/deepmind_bot/deepmind_bot_trajectory_sender) by extensions ['colcon_meta']
[4.623s] Level 1:colcon.colcon_core.package_identification:_identify(src/deepmind_bot/deepmind_bot_trajectory_sender) by extension 'colcon_meta'
[4.623s] Level 1:colcon.colcon_core.package_identification:_identify(src/deepmind_bot/deepmind_bot_trajectory_sender) by extensions ['ament_cargo']
[4.623s] Level 1:colcon.colcon_core.package_identification:_identify(src/deepmind_bot/deepmind_bot_trajectory_sender) by extension 'ament_cargo'
[4.623s] Level 1:colcon.colcon_core.package_identification:_identify(src/deepmind_bot/deepmind_bot_trajectory_sender) by extensions ['ros']
[4.623s] Level 1:colcon.colcon_core.package_identification:_identify(src/deepmind_bot/deepmind_bot_trajectory_sender) by extension 'ros'
[4.624s] DEBUG:colcon.colcon_core.package_identification:Package 'src/deepmind_bot/deepmind_bot_trajectory_sender' with type 'ros.ament_cmake' and name 'deepmind_bot_trajectory_sender'
[4.624s] Level 1:colcon.colcon_core.package_identification:_identify(src/deepmind_bot/scripts) by extensions ['ignore', 'ignore_ament_install']
[4.624s] Level 1:colcon.colcon_core.package_identification:_identify(src/deepmind_bot/scripts) by extension 'ignore'
[4.624s] Level 1:colcon.colcon_core.package_identification:_identify(src/deepmind_bot/scripts) by extension 'ignore_ament_install'
[4.624s] Level 1:colcon.colcon_core.package_identification:_identify(src/deepmind_bot/scripts) by extensions ['colcon_pkg']
[4.624s] Level 1:colcon.colcon_core.package_identification:_identify(src/deepmind_bot/scripts) by extension 'colcon_pkg'
[4.624s] Level 1:colcon.colcon_core.package_identification:_identify(src/deepmind_bot/scripts) by extensions ['colcon_meta']
[4.624s] Level 1:colcon.colcon_core.package_identification:_identify(src/deepmind_bot/scripts) by extension 'colcon_meta'
[4.624s] Level 1:colcon.colcon_core.package_identification:_identify(src/deepmind_bot/scripts) by extensions ['ament_cargo']
[4.624s] Level 1:colcon.colcon_core.package_identification:_identify(src/deepmind_bot/scripts) by extension 'ament_cargo'
[4.625s] Level 1:colcon.colcon_core.package_identification:_identify(src/deepmind_bot/scripts) by extensions ['ros']
[4.625s] Level 1:colcon.colcon_core.package_identification:_identify(src/deepmind_bot/scripts) by extension 'ros'
[4.625s] Level 1:colcon.colcon_core.package_identification:_identify(src/deepmind_bot/scripts) by extensions ['cargo', 'cmake', 'python']
[4.625s] Level 1:colcon.colcon_core.package_identification:_identify(src/deepmind_bot/scripts) by extension 'cargo'
[4.625s] Level 1:colcon.colcon_core.package_identification:_identify(src/deepmind_bot/scripts) by extension 'cmake'
[4.625s] Level 1:colcon.colcon_core.package_identification:_identify(src/deepmind_bot/scripts) by extension 'python'
[4.625s] Level 1:colcon.colcon_core.package_identification:_identify(src/deepmind_bot/scripts) by extensions ['python_setup_py']
[4.625s] Level 1:colcon.colcon_core.package_identification:_identify(src/deepmind_bot/scripts) by extension 'python_setup_py'
[4.625s] Level 1:colcon.colcon_core.package_discovery:discover_packages(recursive) using defaults
[4.625s] Level 1:colcon.colcon_core.package_discovery:discover_packages(ignore) discover
[4.625s] Level 1:colcon.colcon_core.package_discovery:discover_packages(ignore) using defaults
[4.625s] Level 1:colcon.colcon_core.package_discovery:discover_packages(path) discover
[4.625s] Level 1:colcon.colcon_core.package_discovery:discover_packages(path) using defaults
[4.806s] Level 5:colcon.colcon_core.verb:set package 'advanced_perception' build argument 'lookup_in_workspace' from command line to 'False'
[4.806s] Level 5:colcon.colcon_core.verb:set package 'advanced_perception' build argument 'cargo_args' from command line to 'None'
[4.806s] Level 5:colcon.colcon_core.verb:set package 'advanced_perception' build argument 'clean_build' from command line to 'False'
[4.806s] Level 5:colcon.colcon_core.verb:set package 'advanced_perception' build argument 'cmake_args' from command line to 'None'
[4.806s] Level 5:colcon.colcon_core.verb:set package 'advanced_perception' build argument 'cmake_target' from command line to 'None'
[4.806s] Level 5:colcon.colcon_core.verb:set package 'advanced_perception' build argument 'cmake_target_skip_unavailable' from command line to 'False'
[4.806s] Level 5:colcon.colcon_core.verb:set package 'advanced_perception' build argument 'cmake_clean_cache' from command line to 'False'
[4.806s] Level 5:colcon.colcon_core.verb:set package 'advanced_perception' build argument 'cmake_clean_first' from command line to 'False'
[4.806s] Level 5:colcon.colcon_core.verb:set package 'advanced_perception' build argument 'cmake_force_configure' from command line to 'False'
[4.806s] Level 5:colcon.colcon_core.verb:set package 'advanced_perception' build argument 'ament_cmake_args' from command line to 'None'
[4.806s] Level 5:colcon.colcon_core.verb:set package 'advanced_perception' build argument 'catkin_cmake_args' from command line to 'None'
[4.806s] Level 5:colcon.colcon_core.verb:set package 'advanced_perception' build argument 'catkin_skip_building_tests' from command line to 'False'
[4.806s] DEBUG:colcon.colcon_core.verb:Building package 'advanced_perception' with the following arguments: {'ament_cmake_args': None, 'build_base': '/home/user/ros2_ws/build/advanced_perception', 'cargo_args': None, 'catkin_cmake_args': None, 'catkin_skip_building_tests': False, 'clean_build': False, 'cmake_args': None, 'cmake_clean_cache': False, 'cmake_clean_first': False, 'cmake_force_configure': False, 'cmake_target': None, 'cmake_target_skip_unavailable': False, 'install_base': '/home/user/ros2_ws/install/advanced_perception', 'lookup_in_workspace': False, 'merge_install': False, 'path': '/home/user/ros2_ws/src/advanced_perception', 'symlink_install': False, 'test_result_base': None}
[4.807s] Level 5:colcon.colcon_core.verb:set package 'custom_msgs' build argument 'lookup_in_workspace' from command line to 'False'
[4.808s] Level 5:colcon.colcon_core.verb:set package 'custom_msgs' build argument 'cargo_args' from command line to 'None'
[4.808s] Level 5:colcon.colcon_core.verb:set package 'custom_msgs' build argument 'clean_build' from command line to 'False'
[4.808s] Level 5:colcon.colcon_core.verb:set package 'custom_msgs' build argument 'cmake_args' from command line to 'None'
[4.808s] Level 5:colcon.colcon_core.verb:set package 'custom_msgs' build argument 'cmake_target' from command line to 'None'
[4.808s] Level 5:colcon.colcon_core.verb:set package 'custom_msgs' build argument 'cmake_target_skip_unavailable' from command line to 'False'
[4.808s] Level 5:colcon.colcon_core.verb:set package 'custom_msgs' build argument 'cmake_clean_cache' from command line to 'False'
[4.808s] Level 5:colcon.colcon_core.verb:set package 'custom_msgs' build argument 'cmake_clean_first' from command line to 'False'
[4.808s] Level 5:colcon.colcon_core.verb:set package 'custom_msgs' build argument 'cmake_force_configure' from command line to 'False'
[4.808s] Level 5:colcon.colcon_core.verb:set package 'custom_msgs' build argument 'ament_cmake_args' from command line to 'None'
[4.808s] Level 5:colcon.colcon_core.verb:set package 'custom_msgs' build argument 'catkin_cmake_args' from command line to 'None'
[4.808s] Level 5:colcon.colcon_core.verb:set package 'custom_msgs' build argument 'catkin_skip_building_tests' from command line to 'False'
[4.808s] DEBUG:colcon.colcon_core.verb:Building package 'custom_msgs' with the following arguments: {'ament_cmake_args': None, 'build_base': '/home/user/ros2_ws/build/custom_msgs', 'cargo_args': None, 'catkin_cmake_args': None, 'catkin_skip_building_tests': False, 'clean_build': False, 'cmake_args': None, 'cmake_clean_cache': False, 'cmake_clean_first': False, 'cmake_force_configure': False, 'cmake_target': None, 'cmake_target_skip_unavailable': False, 'install_base': '/home/user/ros2_ws/install/custom_msgs', 'lookup_in_workspace': False, 'merge_install': False, 'path': '/home/user/ros2_ws/src/custom_msgs', 'symlink_install': False, 'test_result_base': None}
[4.809s] Level 5:colcon.colcon_core.verb:set package 'deepmind_bot_description' build argument 'lookup_in_workspace' from command line to 'False'
[4.809s] Level 5:colcon.colcon_core.verb:set package 'deepmind_bot_description' build argument 'cargo_args' from command line to 'None'
[4.809s] Level 5:colcon.colcon_core.verb:set package 'deepmind_bot_description' build argument 'clean_build' from command line to 'False'
[4.809s] Level 5:colcon.colcon_core.verb:set package 'deepmind_bot_description' build argument 'cmake_args' from command line to 'None'
[4.809s] Level 5:colcon.colcon_core.verb:set package 'deepmind_bot_description' build argument 'cmake_target' from command line to 'None'
[4.809s] Level 5:colcon.colcon_core.verb:set package 'deepmind_bot_description' build argument 'cmake_target_skip_unavailable' from command line to 'False'
[4.809s] Level 5:colcon.colcon_core.verb:set package 'deepmind_bot_description' build argument 'cmake_clean_cache' from command line to 'False'
[4.809s] Level 5:colcon.colcon_core.verb:set package 'deepmind_bot_description' build argument 'cmake_clean_first' from command line to 'False'
[4.809s] Level 5:colcon.colcon_core.verb:set package 'deepmind_bot_description' build argument 'cmake_force_configure' from command line to 'False'
[4.809s] Level 5:colcon.colcon_core.verb:set package 'deepmind_bot_description' build argument 'ament_cmake_args' from command line to 'None'
[4.809s] Level 5:colcon.colcon_core.verb:set package 'deepmind_bot_description' build argument 'catkin_cmake_args' from command line to 'None'
[4.809s] Level 5:colcon.colcon_core.verb:set package 'deepmind_bot_description' build argument 'catkin_skip_building_tests' from command line to 'False'
[4.809s] DEBUG:colcon.colcon_core.verb:Building package 'deepmind_bot_description' with the following arguments: {'ament_cmake_args': None, 'build_base': '/home/user/ros2_ws/build/deepmind_bot_description', 'cargo_args': None, 'catkin_cmake_args': None, 'catkin_skip_building_tests': False, 'clean_build': False, 'cmake_args': None, 'cmake_clean_cache': False, 'cmake_clean_first': False, 'cmake_force_configure': False, 'cmake_target': None, 'cmake_target_skip_unavailable': False, 'install_base': '/home/user/ros2_ws/install/deepmind_bot_description', 'lookup_in_workspace': False, 'merge_install': False, 'path': '/home/user/ros2_ws/src/deepmind_bot/deepmind_bot_description', 'symlink_install': False, 'test_result_base': None}
[4.810s] Level 5:colcon.colcon_core.verb:set package 'deepmind_bot_gazebo' build argument 'lookup_in_workspace' from command line to 'False'
[4.810s] Level 5:colcon.colcon_core.verb:set package 'deepmind_bot_gazebo' build argument 'cargo_args' from command line to 'None'
[4.810s] Level 5:colcon.colcon_core.verb:set package 'deepmind_bot_gazebo' build argument 'clean_build' from command line to 'False'
[4.810s] Level 5:colcon.colcon_core.verb:set package 'deepmind_bot_gazebo' build argument 'cmake_args' from command line to 'None'
[4.810s] Level 5:colcon.colcon_core.verb:set package 'deepmind_bot_gazebo' build argument 'cmake_target' from command line to 'None'
[4.810s] Level 5:colcon.colcon_core.verb:set package 'deepmind_bot_gazebo' build argument 'cmake_target_skip_unavailable' from command line to 'False'
[4.810s] Level 5:colcon.colcon_core.verb:set package 'deepmind_bot_gazebo' build argument 'cmake_clean_cache' from command line to 'False'
[4.810s] Level 5:colcon.colcon_core.verb:set package 'deepmind_bot_gazebo' build argument 'cmake_clean_first' from command line to 'False'
[4.810s] Level 5:colcon.colcon_core.verb:set package 'deepmind_bot_gazebo' build argument 'cmake_force_configure' from command line to 'False'
[4.810s] Level 5:colcon.colcon_core.verb:set package 'deepmind_bot_gazebo' build argument 'ament_cmake_args' from command line to 'None'
[4.810s] Level 5:colcon.colcon_core.verb:set package 'deepmind_bot_gazebo' build argument 'catkin_cmake_args' from command line to 'None'
[4.810s] Level 5:colcon.colcon_core.verb:set package 'deepmind_bot_gazebo' build argument 'catkin_skip_building_tests' from command line to 'False'
[4.810s] DEBUG:colcon.colcon_core.verb:Building package 'deepmind_bot_gazebo' with the following arguments: {'ament_cmake_args': None, 'build_base': '/home/user/ros2_ws/build/deepmind_bot_gazebo', 'cargo_args': None, 'catkin_cmake_args': None, 'catkin_skip_building_tests': False, 'clean_build': False, 'cmake_args': None, 'cmake_clean_cache': False, 'cmake_clean_first': False, 'cmake_force_configure': False, 'cmake_target': None, 'cmake_target_skip_unavailable': False, 'install_base': '/home/user/ros2_ws/install/deepmind_bot_gazebo', 'lookup_in_workspace': False, 'merge_install': False, 'path': '/home/user/ros2_ws/src/deepmind_bot/deepmind_bot_gazebo', 'symlink_install': False, 'test_result_base': None}
[4.810s] Level 5:colcon.colcon_core.verb:set package 'deepmind_bot_navigation' build argument 'lookup_in_workspace' from command line to 'False'
[4.811s] Level 5:colcon.colcon_core.verb:set package 'deepmind_bot_navigation' build argument 'cargo_args' from command line to 'None'
[4.811s] Level 5:colcon.colcon_core.verb:set package 'deepmind_bot_navigation' build argument 'clean_build' from command line to 'False'
[4.811s] Level 5:colcon.colcon_core.verb:set package 'deepmind_bot_navigation' build argument 'cmake_args' from command line to 'None'
[4.811s] Level 5:colcon.colcon_core.verb:set package 'deepmind_bot_navigation' build argument 'cmake_target' from command line to 'None'
[4.811s] Level 5:colcon.colcon_core.verb:set package 'deepmind_bot_navigation' build argument 'cmake_target_skip_unavailable' from command line to 'False'
[4.811s] Level 5:colcon.colcon_core.verb:set package 'deepmind_bot_navigation' build argument 'cmake_clean_cache' from command line to 'False'
[4.811s] Level 5:colcon.colcon_core.verb:set package 'deepmind_bot_navigation' build argument 'cmake_clean_first' from command line to 'False'
[4.811s] Level 5:colcon.colcon_core.verb:set package 'deepmind_bot_navigation' build argument 'cmake_force_configure' from command line to 'False'
[4.811s] Level 5:colcon.colcon_core.verb:set package 'deepmind_bot_navigation' build argument 'ament_cmake_args' from command line to 'None'
[4.811s] Level 5:colcon.colcon_core.verb:set package 'deepmind_bot_navigation' build argument 'catkin_cmake_args' from command line to 'None'
[4.811s] Level 5:colcon.colcon_core.verb:set package 'deepmind_bot_navigation' build argument 'catkin_skip_building_tests' from command line to 'False'
[4.811s] DEBUG:colcon.colcon_core.verb:Building package 'deepmind_bot_navigation' with the following arguments: {'ament_cmake_args': None, 'build_base': '/home/user/ros2_ws/build/deepmind_bot_navigation', 'cargo_args': None, 'catkin_cmake_args': None, 'catkin_skip_building_tests': False, 'clean_build': False, 'cmake_args': None, 'cmake_clean_cache': False, 'cmake_clean_first': False, 'cmake_force_configure': False, 'cmake_target': None, 'cmake_target_skip_unavailable': False, 'install_base': '/home/user/ros2_ws/install/deepmind_bot_navigation', 'lookup_in_workspace': False, 'merge_install': False, 'path': '/home/user/ros2_ws/src/deepmind_bot/deepmind_bot_navigation', 'symlink_install': False, 'test_result_base': None}
[4.811s] Level 5:colcon.colcon_core.verb:set package 'deepmind_bot_trajectory_sender' build argument 'lookup_in_workspace' from command line to 'False'
[4.811s] Level 5:colcon.colcon_core.verb:set package 'deepmind_bot_trajectory_sender' build argument 'cargo_args' from command line to 'None'
[4.811s] Level 5:colcon.colcon_core.verb:set package 'deepmind_bot_trajectory_sender' build argument 'clean_build' from command line to 'False'
[4.812s] Level 5:colcon.colcon_core.verb:set package 'deepmind_bot_trajectory_sender' build argument 'cmake_args' from command line to 'None'
[4.812s] Level 5:colcon.colcon_core.verb:set package 'deepmind_bot_trajectory_sender' build argument 'cmake_target' from command line to 'None'
[4.812s] Level 5:colcon.colcon_core.verb:set package 'deepmind_bot_trajectory_sender' build argument 'cmake_target_skip_unavailable' from command line to 'False'
[4.812s] Level 5:colcon.colcon_core.verb:set package 'deepmind_bot_trajectory_sender' build argument 'cmake_clean_cache' from command line to 'False'
[4.812s] Level 5:colcon.colcon_core.verb:set package 'deepmind_bot_trajectory_sender' build argument 'cmake_clean_first' from command line to 'False'
[4.812s] Level 5:colcon.colcon_core.verb:set package 'deepmind_bot_trajectory_sender' build argument 'cmake_force_configure' from command line to 'False'
[4.812s] Level 5:colcon.colcon_core.verb:set package 'deepmind_bot_trajectory_sender' build argument 'ament_cmake_args' from command line to 'None'
[4.812s] Level 5:colcon.colcon_core.verb:set package 'deepmind_bot_trajectory_sender' build argument 'catkin_cmake_args' from command line to 'None'
[4.812s] Level 5:colcon.colcon_core.verb:set package 'deepmind_bot_trajectory_sender' build argument 'catkin_skip_building_tests' from command line to 'False'
[4.812s] DEBUG:colcon.colcon_core.verb:Building package 'deepmind_bot_trajectory_sender' with the following arguments: {'ament_cmake_args': None, 'build_base': '/home/user/ros2_ws/build/deepmind_bot_trajectory_sender', 'cargo_args': None, 'catkin_cmake_args': None, 'catkin_skip_building_tests': False, 'clean_build': False, 'cmake_args': None, 'cmake_clean_cache': False, 'cmake_clean_first': False, 'cmake_force_configure': False, 'cmake_target': None, 'cmake_target_skip_unavailable': False, 'install_base': '/home/user/ros2_ws/install/deepmind_bot_trajectory_sender', 'lookup_in_workspace': False, 'merge_install': False, 'path': '/home/user/ros2_ws/src/deepmind_bot/deepmind_bot_trajectory_sender', 'symlink_install': False, 'test_result_base': None}
[4.812s] INFO:colcon.colcon_core.executor:Executing jobs using 'parallel' executor
[4.813s] DEBUG:colcon.colcon_parallel_executor.executor.parallel:run_until_complete
[4.814s] INFO:colcon.colcon_ros.task.ament_python.build:Building ROS package in '/home/user/ros2_ws/src/advanced_perception' with build type 'ament_python'
[4.814s] Level 1:colcon.colcon_core.shell:create_environment_hook('advanced_perception', 'ament_prefix_path')
[4.900s] INFO:colcon.colcon_core.plugin_system:Skipping extension 'colcon_core.shell.bat': Not used on non-Windows systems
[4.901s] INFO:colcon.colcon_core.shell:Creating environment hook '/home/user/ros2_ws/install/advanced_perception/share/advanced_perception/hook/ament_prefix_path.ps1'
[4.902s] INFO:colcon.colcon_core.shell:Creating environment descriptor '/home/user/ros2_ws/install/advanced_perception/share/advanced_perception/hook/ament_prefix_path.dsv'
[4.903s] INFO:colcon.colcon_core.shell:Creating environment hook '/home/user/ros2_ws/install/advanced_perception/share/advanced_perception/hook/ament_prefix_path.sh'
[4.905s] INFO:colcon.colcon_core.shell:Skip shell extension 'powershell' for command environment: Not usable outside of PowerShell
[4.905s] DEBUG:colcon.colcon_core.shell:Skip shell extension 'dsv' for command environment
[5.005s] INFO:colcon.colcon_ros.task.ament_cmake.build:Building ROS package in '/home/user/ros2_ws/src/custom_msgs' with build type 'ament_cmake'
[5.006s] INFO:colcon.colcon_cmake.task.cmake.build:Building CMake package in '/home/user/ros2_ws/src/custom_msgs'
[5.006s] INFO:colcon.colcon_core.shell:Skip shell extension 'powershell' for command environment: Not usable outside of PowerShell
[5.006s] DEBUG:colcon.colcon_core.shell:Skip shell extension 'dsv' for command environment
[5.020s] INFO:colcon.colcon_ros.task.ament_cmake.build:Building ROS package in '/home/user/ros2_ws/src/deepmind_bot/deepmind_bot_description' with build type 'ament_cmake'
[5.020s] INFO:colcon.colcon_cmake.task.cmake.build:Building CMake package in '/home/user/ros2_ws/src/deepmind_bot/deepmind_bot_description'
[5.020s] INFO:colcon.colcon_core.shell:Skip shell extension 'powershell' for command environment: Not usable outside of PowerShell
[5.021s] DEBUG:colcon.colcon_core.shell:Skip shell extension 'dsv' for command environment
[5.034s] INFO:colcon.colcon_ros.task.ament_cmake.build:Building ROS package in '/home/user/ros2_ws/src/deepmind_bot/deepmind_bot_gazebo' with build type 'ament_cmake'
[5.034s] INFO:colcon.colcon_cmake.task.cmake.build:Building CMake package in '/home/user/ros2_ws/src/deepmind_bot/deepmind_bot_gazebo'
[5.034s] INFO:colcon.colcon_core.shell:Skip shell extension 'powershell' for command environment: Not usable outside of PowerShell
[5.035s] DEBUG:colcon.colcon_core.shell:Skip shell extension 'dsv' for command environment
[5.100s] INFO:colcon.colcon_ros.task.ament_cmake.build:Building ROS package in '/home/user/ros2_ws/src/deepmind_bot/deepmind_bot_navigation' with build type 'ament_cmake'
[5.101s] INFO:colcon.colcon_cmake.task.cmake.build:Building CMake package in '/home/user/ros2_ws/src/deepmind_bot/deepmind_bot_navigation'
[5.101s] INFO:colcon.colcon_core.shell:Skip shell extension 'powershell' for command environment: Not usable outside of PowerShell
[5.101s] DEBUG:colcon.colcon_core.shell:Skip shell extension 'dsv' for command environment
[5.114s] INFO:colcon.colcon_ros.task.ament_cmake.build:Building ROS package in '/home/user/ros2_ws/src/deepmind_bot/deepmind_bot_trajectory_sender' with build type 'ament_cmake'
[5.114s] INFO:colcon.colcon_cmake.task.cmake.build:Building CMake package in '/home/user/ros2_ws/src/deepmind_bot/deepmind_bot_trajectory_sender'
[5.114s] INFO:colcon.colcon_core.shell:Skip shell extension 'powershell' for command environment: Not usable outside of PowerShell
[5.115s] DEBUG:colcon.colcon_core.shell:Skip shell extension 'dsv' for command environment
[6.298s] INFO:colcon.colcon_core.task.python.build:Building Python package in '/home/user/ros2_ws/src/advanced_perception'
[6.298s] INFO:colcon.colcon_core.shell:Skip shell extension 'powershell' for command environment: Not usable outside of PowerShell
[6.298s] DEBUG:colcon.colcon_core.shell:Skip shell extension 'dsv' for command environment
[6.320s] DEBUG:colcon.colcon_core.event_handler.log_command:Invoking command in '/home/user/ros2_ws/build/custom_msgs': CMAKE_PREFIX_PATH=${CMAKE_PREFIX_PATH}:/home/simulations/ros2_sims_ws/install/rclrs_tests:/home/simulations/ros2_sims_ws/install/examples_rclrs_minimal_client_service:/home/simulations/ros2_sims_ws/install/sensor_msgs_py:/home/simulations/ros2_sims_ws/install/examples_rclrs_minimal_pub_sub:/home/simulations/ros2_sims_ws/install/examples_rclrs_message_demo:/home/simulations/ros2_sims_ws/install/rclrs:/home/simulations/ros2_sims_ws/install/rosidl_runtime_rs:/opt/ros/humble _=/usr/bin/env /usr/bin/cmake --build /home/user/ros2_ws/build/custom_msgs -- -j8 -l8
[6.328s] DEBUG:colcon.colcon_core.event_handler.log_command:Invoking command in '/home/user/ros2_ws/build/deepmind_bot_description': CMAKE_PREFIX_PATH=${CMAKE_PREFIX_PATH}:/home/simulations/ros2_sims_ws/install/rclrs_tests:/home/simulations/ros2_sims_ws/install/examples_rclrs_minimal_client_service:/home/simulations/ros2_sims_ws/install/sensor_msgs_py:/home/simulations/ros2_sims_ws/install/examples_rclrs_minimal_pub_sub:/home/simulations/ros2_sims_ws/install/examples_rclrs_message_demo:/home/simulations/ros2_sims_ws/install/rclrs:/home/simulations/ros2_sims_ws/install/rosidl_runtime_rs:/opt/ros/humble _=/usr/bin/env /usr/bin/cmake --build /home/user/ros2_ws/build/deepmind_bot_description -- -j8 -l8
[6.331s] DEBUG:colcon.colcon_core.event_handler.log_command:Invoking command in '/home/user/ros2_ws/build/deepmind_bot_gazebo': CMAKE_PREFIX_PATH=${CMAKE_PREFIX_PATH}:/home/simulations/ros2_sims_ws/install/rclrs_tests:/home/simulations/ros2_sims_ws/install/examples_rclrs_minimal_client_service:/home/simulations/ros2_sims_ws/install/sensor_msgs_py:/home/simulations/ros2_sims_ws/install/examples_rclrs_minimal_pub_sub:/home/simulations/ros2_sims_ws/install/examples_rclrs_message_demo:/home/simulations/ros2_sims_ws/install/rclrs:/home/simulations/ros2_sims_ws/install/rosidl_runtime_rs:/opt/ros/humble _=/usr/bin/env /usr/bin/cmake --build /home/user/ros2_ws/build/deepmind_bot_gazebo -- -j8 -l8
[6.421s] DEBUG:colcon.colcon_core.event_handler.log_command:Invoking command in '/home/user/ros2_ws/build/deepmind_bot_navigation': CMAKE_PREFIX_PATH=${CMAKE_PREFIX_PATH}:/home/simulations/ros2_sims_ws/install/rclrs_tests:/home/simulations/ros2_sims_ws/install/examples_rclrs_minimal_client_service:/home/simulations/ros2_sims_ws/install/sensor_msgs_py:/home/simulations/ros2_sims_ws/install/examples_rclrs_minimal_pub_sub:/home/simulations/ros2_sims_ws/install/examples_rclrs_message_demo:/home/simulations/ros2_sims_ws/install/rclrs:/home/simulations/ros2_sims_ws/install/rosidl_runtime_rs:/opt/ros/humble _=/usr/bin/env /usr/bin/cmake --build /home/user/ros2_ws/build/deepmind_bot_navigation -- -j8 -l8
[6.429s] DEBUG:colcon.colcon_core.event_handler.log_command:Invoking command in '/home/user/ros2_ws/build/deepmind_bot_trajectory_sender': CMAKE_PREFIX_PATH=${CMAKE_PREFIX_PATH}:/home/simulations/ros2_sims_ws/install/rclrs_tests:/home/simulations/ros2_sims_ws/install/examples_rclrs_minimal_client_service:/home/simulations/ros2_sims_ws/install/sensor_msgs_py:/home/simulations/ros2_sims_ws/install/examples_rclrs_minimal_pub_sub:/home/simulations/ros2_sims_ws/install/examples_rclrs_message_demo:/home/simulations/ros2_sims_ws/install/rclrs:/home/simulations/ros2_sims_ws/install/rosidl_runtime_rs:/opt/ros/humble _=/usr/bin/env /usr/bin/cmake --build /home/user/ros2_ws/build/deepmind_bot_trajectory_sender -- -j8 -l8
[7.998s] DEBUG:colcon.colcon_core.event_handler.log_command:Invoked command in '/home/user/ros2_ws/build/deepmind_bot_navigation' returned '0': CMAKE_PREFIX_PATH=${CMAKE_PREFIX_PATH}:/home/simulations/ros2_sims_ws/install/rclrs_tests:/home/simulations/ros2_sims_ws/install/examples_rclrs_minimal_client_service:/home/simulations/ros2_sims_ws/install/sensor_msgs_py:/home/simulations/ros2_sims_ws/install/examples_rclrs_minimal_pub_sub:/home/simulations/ros2_sims_ws/install/examples_rclrs_message_demo:/home/simulations/ros2_sims_ws/install/rclrs:/home/simulations/ros2_sims_ws/install/rosidl_runtime_rs:/opt/ros/humble _=/usr/bin/env /usr/bin/cmake --build /home/user/ros2_ws/build/deepmind_bot_navigation -- -j8 -l8
[8.014s] DEBUG:colcon.colcon_core.event_handler.log_command:Invoked command in '/home/user/ros2_ws/build/deepmind_bot_gazebo' returned '0': CMAKE_PREFIX_PATH=${CMAKE_PREFIX_PATH}:/home/simulations/ros2_sims_ws/install/rclrs_tests:/home/simulations/ros2_sims_ws/install/examples_rclrs_minimal_client_service:/home/simulations/ros2_sims_ws/install/sensor_msgs_py:/home/simulations/ros2_sims_ws/install/examples_rclrs_minimal_pub_sub:/home/simulations/ros2_sims_ws/install/examples_rclrs_message_demo:/home/simulations/ros2_sims_ws/install/rclrs:/home/simulations/ros2_sims_ws/install/rosidl_runtime_rs:/opt/ros/humble _=/usr/bin/env /usr/bin/cmake --build /home/user/ros2_ws/build/deepmind_bot_gazebo -- -j8 -l8
[8.119s] DEBUG:colcon.colcon_core.event_handler.log_command:Invoked command in '/home/user/ros2_ws/build/deepmind_bot_trajectory_sender' returned '0': CMAKE_PREFIX_PATH=${CMAKE_PREFIX_PATH}:/home/simulations/ros2_sims_ws/install/rclrs_tests:/home/simulations/ros2_sims_ws/install/examples_rclrs_minimal_client_service:/home/simulations/ros2_sims_ws/install/sensor_msgs_py:/home/simulations/ros2_sims_ws/install/examples_rclrs_minimal_pub_sub:/home/simulations/ros2_sims_ws/install/examples_rclrs_message_demo:/home/simulations/ros2_sims_ws/install/rclrs:/home/simulations/ros2_sims_ws/install/rosidl_runtime_rs:/opt/ros/humble _=/usr/bin/env /usr/bin/cmake --build /home/user/ros2_ws/build/deepmind_bot_trajectory_sender -- -j8 -l8
[8.123s] DEBUG:colcon.colcon_core.event_handler.log_command:Invoked command in '/home/user/ros2_ws/build/deepmind_bot_description' returned '0': CMAKE_PREFIX_PATH=${CMAKE_PREFIX_PATH}:/home/simulations/ros2_sims_ws/install/rclrs_tests:/home/simulations/ros2_sims_ws/install/examples_rclrs_minimal_client_service:/home/simulations/ros2_sims_ws/install/sensor_msgs_py:/home/simulations/ros2_sims_ws/install/examples_rclrs_minimal_pub_sub:/home/simulations/ros2_sims_ws/install/examples_rclrs_message_demo:/home/simulations/ros2_sims_ws/install/rclrs:/home/simulations/ros2_sims_ws/install/rosidl_runtime_rs:/opt/ros/humble _=/usr/bin/env /usr/bin/cmake --build /home/user/ros2_ws/build/deepmind_bot_description -- -j8 -l8
[8.424s] DEBUG:colcon.colcon_core.event_handler.log_command:Invoking command in '/home/user/ros2_ws/build/deepmind_bot_navigation': CMAKE_PREFIX_PATH=${CMAKE_PREFIX_PATH}:/home/simulations/ros2_sims_ws/install/rclrs_tests:/home/simulations/ros2_sims_ws/install/examples_rclrs_minimal_client_service:/home/simulations/ros2_sims_ws/install/sensor_msgs_py:/home/simulations/ros2_sims_ws/install/examples_rclrs_minimal_pub_sub:/home/simulations/ros2_sims_ws/install/examples_rclrs_message_demo:/home/simulations/ros2_sims_ws/install/rclrs:/home/simulations/ros2_sims_ws/install/rosidl_runtime_rs:/opt/ros/humble _=/usr/bin/env /usr/bin/cmake --install /home/user/ros2_ws/build/deepmind_bot_navigation
[8.615s] DEBUG:colcon.colcon_core.event_handler.log_command:Invoking command in '/home/user/ros2_ws/build/deepmind_bot_trajectory_sender': CMAKE_PREFIX_PATH=${CMAKE_PREFIX_PATH}:/home/simulations/ros2_sims_ws/install/rclrs_tests:/home/simulations/ros2_sims_ws/install/examples_rclrs_minimal_client_service:/home/simulations/ros2_sims_ws/install/sensor_msgs_py:/home/simulations/ros2_sims_ws/install/examples_rclrs_minimal_pub_sub:/home/simulations/ros2_sims_ws/install/examples_rclrs_message_demo:/home/simulations/ros2_sims_ws/install/rclrs:/home/simulations/ros2_sims_ws/install/rosidl_runtime_rs:/opt/ros/humble _=/usr/bin/env /usr/bin/cmake --install /home/user/ros2_ws/build/deepmind_bot_trajectory_sender
[8.624s] Level 1:colcon.colcon_core.environment:create_environment_scripts_only(deepmind_bot_navigation)
[8.625s] DEBUG:colcon.colcon_core.event_handler.log_command:Invoked command in '/home/user/ros2_ws/build/deepmind_bot_navigation' returned '0': CMAKE_PREFIX_PATH=${CMAKE_PREFIX_PATH}:/home/simulations/ros2_sims_ws/install/rclrs_tests:/home/simulations/ros2_sims_ws/install/examples_rclrs_minimal_client_service:/home/simulations/ros2_sims_ws/install/sensor_msgs_py:/home/simulations/ros2_sims_ws/install/examples_rclrs_minimal_pub_sub:/home/simulations/ros2_sims_ws/install/examples_rclrs_message_demo:/home/simulations/ros2_sims_ws/install/rclrs:/home/simulations/ros2_sims_ws/install/rosidl_runtime_rs:/opt/ros/humble _=/usr/bin/env /usr/bin/cmake --install /home/user/ros2_ws/build/deepmind_bot_navigation
[8.716s] Level 1:colcon.colcon_core.environment:checking '/home/user/ros2_ws/install/deepmind_bot_navigation' for CMake module files
[8.720s] Level 1:colcon.colcon_core.environment:checking '/home/user/ros2_ws/install/deepmind_bot_navigation' for CMake config files
[8.721s] Level 1:colcon.colcon_core.shell:create_environment_hook('deepmind_bot_navigation', 'cmake_prefix_path')
[8.722s] INFO:colcon.colcon_core.shell:Creating environment hook '/home/user/ros2_ws/install/deepmind_bot_navigation/share/deepmind_bot_navigation/hook/cmake_prefix_path.ps1'
[8.722s] INFO:colcon.colcon_core.shell:Creating environment descriptor '/home/user/ros2_ws/install/deepmind_bot_navigation/share/deepmind_bot_navigation/hook/cmake_prefix_path.dsv'
[8.723s] INFO:colcon.colcon_core.shell:Creating environment hook '/home/user/ros2_ws/install/deepmind_bot_navigation/share/deepmind_bot_navigation/hook/cmake_prefix_path.sh'
[8.723s] Level 1:colcon.colcon_core.environment:checking '/home/user/ros2_ws/install/deepmind_bot_navigation/bin'
[8.723s] Level 1:colcon.colcon_core.environment:checking '/home/user/ros2_ws/install/deepmind_bot_navigation/lib/pkgconfig/deepmind_bot_navigation.pc'
[8.724s] Level 1:colcon.colcon_core.environment:checking '/home/user/ros2_ws/install/deepmind_bot_navigation/lib/python3.10/site-packages'
[8.724s] Level 1:colcon.colcon_core.environment:checking '/home/user/ros2_ws/install/deepmind_bot_navigation/bin'
[8.725s] INFO:colcon.colcon_core.shell:Creating package script '/home/user/ros2_ws/install/deepmind_bot_navigation/share/deepmind_bot_navigation/package.ps1'
[8.726s] INFO:colcon.colcon_core.shell:Creating package descriptor '/home/user/ros2_ws/install/deepmind_bot_navigation/share/deepmind_bot_navigation/package.dsv'
[8.727s] INFO:colcon.colcon_core.shell:Creating package script '/home/user/ros2_ws/install/deepmind_bot_navigation/share/deepmind_bot_navigation/package.sh'
[8.729s] INFO:colcon.colcon_core.shell:Creating package script '/home/user/ros2_ws/install/deepmind_bot_navigation/share/deepmind_bot_navigation/package.bash'
[8.797s] DEBUG:colcon.colcon_parallel_executor.executor.parallel:run_until_complete was interrupted
[8.797s] DEBUG:colcon.colcon_parallel_executor.executor.parallel:run_until_complete again
[8.920s] DEBUG:colcon.colcon_parallel_executor.executor.parallel:run_until_complete finished
[8.921s] DEBUG:colcon.colcon_parallel_executor.executor.parallel:closing loop
[8.921s] DEBUG:colcon.colcon_parallel_executor.executor.parallel:loop closed
[8.921s] DEBUG:colcon.colcon_core.event_reactor:joining thread
[9.102s] INFO:colcon.colcon_core.plugin_system:Skipping extension 'colcon_notification.desktop_notification.notify_send': Could not find 'notify-send'
[9.102s] INFO:colcon.colcon_core.plugin_system:Skipping extension 'colcon_notification.desktop_notification.terminal_notifier': Not used on non-Darwin systems
[9.103s] INFO:colcon.colcon_core.plugin_system:Skipping extension 'colcon_notification.desktop_notification.win32': Not used on non-Windows systems
[9.103s] INFO:colcon.colcon_notification.desktop_notification:Sending desktop notification using 'notify2'
[9.122s] DEBUG:colcon.colcon_notification.desktop_notification.notify2:Failed to initialize notify2: org.freedesktop.DBus.Error.Spawn.ExecFailed: /usr/bin/dbus-launch terminated abnormally without any error message
[9.123s] DEBUG:colcon.colcon_core.event_reactor:joined thread
[9.123s] INFO:colcon.colcon_core.shell:Creating prefix script '/home/user/ros2_ws/install/local_setup.ps1'
[9.125s] INFO:colcon.colcon_core.shell:Creating prefix util module '/home/user/ros2_ws/install/_local_setup_util_ps1.py'
[9.127s] INFO:colcon.colcon_core.shell:Creating prefix chain script '/home/user/ros2_ws/install/setup.ps1'
[9.131s] INFO:colcon.colcon_core.shell:Creating prefix script '/home/user/ros2_ws/install/local_setup.sh'
[9.132s] INFO:colcon.colcon_core.shell:Creating prefix util module '/home/user/ros2_ws/install/_local_setup_util_sh.py'
[9.132s] INFO:colcon.colcon_core.shell:Creating prefix chain script '/home/user/ros2_ws/install/setup.sh'
[9.136s] INFO:colcon.colcon_core.shell:Creating prefix script '/home/user/ros2_ws/install/local_setup.bash'
[9.137s] INFO:colcon.colcon_core.shell:Creating prefix chain script '/home/user/ros2_ws/install/setup.bash'
[9.206s] INFO:colcon.colcon_core.shell:Creating prefix script '/home/user/ros2_ws/install/local_setup.zsh'
[9.208s] INFO:colcon.colcon_core.shell:Creating prefix chain script '/home/user/ros2_ws/install/setup.zsh'
