-- Install configuration: ""
-- Up-to-date: /home/user/ros2_ws/install/deepmind_bot_description/share/deepmind_bot_description//robot
-- Up-to-date: /home/user/ros2_ws/install/deepmind_bot_description/share/deepmind_bot_description//robot/deepmind_bot_body.xacro
-- Up-to-date: /home/user/ros2_ws/install/deepmind_bot_description/share/deepmind_bot_description//robot/macros.xacro
-- Up-to-date: /home/user/ros2_ws/install/deepmind_bot_description/share/deepmind_bot_description//robot/caster_wheels.xacro
-- Up-to-date: /home/user/ros2_ws/install/deepmind_bot_description/share/deepmind_bot_description//robot/deepmind_bot.ros2_control.xacro
-- Up-to-date: /home/user/ros2_ws/install/deepmind_bot_description/share/deepmind_bot_description//robot/deepmind_bot_with_arm.ros2_control.xacro
-- Up-to-date: /home/user/ros2_ws/install/deepmind_bot_description/share/deepmind_bot_description//robot/deepmind_bot.xacro
-- Up-to-date: /home/user/ros2_ws/install/deepmind_bot_description/share/deepmind_bot_description//robot/deepmind_bot_base.xacro
-- Up-to-date: /home/user/ros2_ws/install/deepmind_bot_description/share/deepmind_bot_description//robot/properties.xacro
-- Up-to-date: /home/user/ros2_ws/install/deepmind_bot_description/share/deepmind_bot_description//robot/deepmind_bot_with_arm.xacro
-- Up-to-date: /home/user/ros2_ws/install/deepmind_bot_description/share/deepmind_bot_description//robot/properties_common.xacro
-- Up-to-date: /home/user/ros2_ws/install/deepmind_bot_description/share/deepmind_bot_description//robot/materials.xacro
-- Up-to-date: /home/user/ros2_ws/install/deepmind_bot_description/share/deepmind_bot_description//robot/deepmind_bot.gazebo
-- Up-to-date: /home/user/ros2_ws/install/deepmind_bot_description/share/deepmind_bot_description//robot/deepmind_bot_arm.xacro
-- Up-to-date: /home/user/ros2_ws/install/deepmind_bot_description/share/deepmind_bot_description//robot/wheels.xacro
-- Up-to-date: /home/user/ros2_ws/install/deepmind_bot_description/share/deepmind_bot_description//robot/sensors.xacro
-- Up-to-date: /home/user/ros2_ws/install/deepmind_bot_description/share/deepmind_bot_description//meshes
-- Up-to-date: /home/user/ros2_ws/install/deepmind_bot_description/share/deepmind_bot_description//meshes/laser.dae
-- Up-to-date: /home/user/ros2_ws/install/deepmind_bot_description/share/deepmind_bot_description//meshes/arm4.dae
-- Up-to-date: /home/user/ros2_ws/install/deepmind_bot_description/share/deepmind_bot_description//meshes/middle_base.dae
-- Up-to-date: /home/user/ros2_ws/install/deepmind_bot_description/share/deepmind_bot_description//meshes/yellow.png
-- Up-to-date: /home/user/ros2_ws/install/deepmind_bot_description/share/deepmind_bot_description//meshes/separator_ring.dae
-- Up-to-date: /home/user/ros2_ws/install/deepmind_bot_description/share/deepmind_bot_description//meshes/head_base.dae
-- Up-to-date: /home/user/ros2_ws/install/deepmind_bot_description/share/deepmind_bot_description//meshes/glass.png
-- Up-to-date: /home/user/ros2_ws/install/deepmind_bot_description/share/deepmind_bot_description//meshes/gripper.dae
-- Up-to-date: /home/user/ros2_ws/install/deepmind_bot_description/share/deepmind_bot_description//meshes/white.png
-- Up-to-date: /home/user/ros2_ws/install/deepmind_bot_description/share/deepmind_bot_description//meshes/arm5.dae
-- Up-to-date: /home/user/ros2_ws/install/deepmind_bot_description/share/deepmind_bot_description//meshes/green.png
-- Up-to-date: /home/user/ros2_ws/install/deepmind_bot_description/share/deepmind_bot_description//meshes/black.png
-- Up-to-date: /home/user/ros2_ws/install/deepmind_bot_description/share/deepmind_bot_description//meshes/arm2.dae
-- Up-to-date: /home/user/ros2_ws/install/deepmind_bot_description/share/deepmind_bot_description//meshes/arm6.dae
-- Up-to-date: /home/user/ros2_ws/install/deepmind_bot_description/share/deepmind_bot_description//meshes/grey.png
-- Up-to-date: /home/user/ros2_ws/install/deepmind_bot_description/share/deepmind_bot_description//meshes/bottom_base.dae
-- Up-to-date: /home/user/ros2_ws/install/deepmind_bot_description/share/deepmind_bot_description//meshes/arm3.dae
-- Up-to-date: /home/user/ros2_ws/install/deepmind_bot_description/share/deepmind_bot_description//meshes/head.dae
-- Up-to-date: /home/user/ros2_ws/install/deepmind_bot_description/share/deepmind_bot_description//meshes/arm1.dae
-- Up-to-date: /home/user/ros2_ws/install/deepmind_bot_description/share/deepmind_bot_description//meshes/mobile_base.dae
-- Up-to-date: /home/user/ros2_ws/install/deepmind_bot_description/share/deepmind_bot_description//meshes/laser_base.dae
-- Up-to-date: /home/user/ros2_ws/install/deepmind_bot_description/share/deepmind_bot_description//rviz
-- Up-to-date: /home/user/ros2_ws/install/deepmind_bot_description/share/deepmind_bot_description//rviz/deepmind_robot.rviz
-- Up-to-date: /home/user/ros2_ws/install/deepmind_bot_description/share/deepmind_bot_description//rviz/deepmind_museum.rviz
-- Up-to-date: /home/user/ros2_ws/install/deepmind_bot_description/share/deepmind_bot_description//rviz/deepmind_demo.rviz
-- Up-to-date: /home/user/ros2_ws/install/deepmind_bot_description/share/deepmind_bot_description//config
-- Up-to-date: /home/user/ros2_ws/install/deepmind_bot_description/share/deepmind_bot_description//config/controller_configuration.yaml
-- Up-to-date: /home/user/ros2_ws/install/deepmind_bot_description/share/deepmind_bot_description//config/controller_configuration_with_arm.yaml
-- Up-to-date: /home/user/ros2_ws/install/deepmind_bot_description/share/deepmind_bot_description//launch
-- Up-to-date: /home/user/ros2_ws/install/deepmind_bot_description/share/deepmind_bot_description//launch/start_rviz.launch.py
-- Up-to-date: /home/user/ros2_ws/install/deepmind_bot_description/share/deepmind_bot_description//launch/start_rviz_museum.launch.py
-- Up-to-date: /home/user/ros2_ws/install/deepmind_bot_description/share/deepmind_bot_description//launch/robot_state_publisher.launch.py
-- Up-to-date: /home/user/ros2_ws/install/deepmind_bot_description/share/deepmind_bot_description//launch/start_control.launch.py
-- Up-to-date: /home/user/ros2_ws/install/deepmind_bot_description/share/ament_index/resource_index/package_run_dependencies/deepmind_bot_description
-- Up-to-date: /home/user/ros2_ws/install/deepmind_bot_description/share/ament_index/resource_index/parent_prefix_path/deepmind_bot_description
-- Up-to-date: /home/user/ros2_ws/install/deepmind_bot_description/share/deepmind_bot_description/environment/ament_prefix_path.sh
-- Up-to-date: /home/user/ros2_ws/install/deepmind_bot_description/share/deepmind_bot_description/environment/ament_prefix_path.dsv
-- Up-to-date: /home/user/ros2_ws/install/deepmind_bot_description/share/deepmind_bot_description/environment/path.sh
-- Up-to-date: /home/user/ros2_ws/install/deepmind_bot_description/share/deepmind_bot_description/environment/path.dsv
-- Up-to-date: /home/user/ros2_ws/install/deepmind_bot_description/share/deepmind_bot_description/local_setup.bash
-- Up-to-date: /home/user/ros2_ws/install/deepmind_bot_description/share/deepmind_bot_description/local_setup.sh
-- Up-to-date: /home/user/ros2_ws/install/deepmind_bot_description/share/deepmind_bot_description/local_setup.zsh
-- Up-to-date: /home/user/ros2_ws/install/deepmind_bot_description/share/deepmind_bot_description/local_setup.dsv
-- Installing: /home/user/ros2_ws/install/deepmind_bot_description/share/deepmind_bot_description/package.dsv
-- Up-to-date: /home/user/ros2_ws/install/deepmind_bot_description/share/ament_index/resource_index/packages/deepmind_bot_description
-- Up-to-date: /home/user/ros2_ws/install/deepmind_bot_description/share/deepmind_bot_description/cmake/deepmind_bot_descriptionConfig.cmake
-- Up-to-date: /home/user/ros2_ws/install/deepmind_bot_description/share/deepmind_bot_description/cmake/deepmind_bot_descriptionConfig-version.cmake
-- Up-to-date: /home/user/ros2_ws/install/deepmind_bot_description/share/deepmind_bot_description/package.xml
