[0.057s] Invoking command in '/home/user/ros2_ws/build/deepmind_bot_description': CMAKE_PREFIX_PATH=${CMAKE_PREFIX_PATH}:/home/simulations/ros2_sims_ws/install/rclrs_tests:/home/simulations/ros2_sims_ws/install/examples_rclrs_minimal_client_service:/home/simulations/ros2_sims_ws/install/sensor_msgs_py:/home/simulations/ros2_sims_ws/install/examples_rclrs_minimal_pub_sub:/home/simulations/ros2_sims_ws/install/examples_rclrs_message_demo:/home/simulations/ros2_sims_ws/install/rclrs:/home/simulations/ros2_sims_ws/install/rosidl_runtime_rs:/home/user/ros2_ws/install/advanced_perception:/opt/ros/humble _=/usr/bin/env /usr/bin/cmake --build /home/user/ros2_ws/build/deepmind_bot_description -- -j8 -l8
[0.178s] Invoked command in '/home/user/ros2_ws/build/deepmind_bot_description' returned '0': CMAKE_PREFIX_PATH=${CMAKE_PREFIX_PATH}:/home/simulations/ros2_sims_ws/install/rclrs_tests:/home/simulations/ros2_sims_ws/install/examples_rclrs_minimal_client_service:/home/simulations/ros2_sims_ws/install/sensor_msgs_py:/home/simulations/ros2_sims_ws/install/examples_rclrs_minimal_pub_sub:/home/simulations/ros2_sims_ws/install/examples_rclrs_message_demo:/home/simulations/ros2_sims_ws/install/rclrs:/home/simulations/ros2_sims_ws/install/rosidl_runtime_rs:/home/user/ros2_ws/install/advanced_perception:/opt/ros/humble _=/usr/bin/env /usr/bin/cmake --build /home/user/ros2_ws/build/deepmind_bot_description -- -j8 -l8
[0.363s] Invoking command in '/home/user/ros2_ws/build/deepmind_bot_description': CMAKE_PREFIX_PATH=${CMAKE_PREFIX_PATH}:/home/simulations/ros2_sims_ws/install/rclrs_tests:/home/simulations/ros2_sims_ws/install/examples_rclrs_minimal_client_service:/home/simulations/ros2_sims_ws/install/sensor_msgs_py:/home/simulations/ros2_sims_ws/install/examples_rclrs_minimal_pub_sub:/home/simulations/ros2_sims_ws/install/examples_rclrs_message_demo:/home/simulations/ros2_sims_ws/install/rclrs:/home/simulations/ros2_sims_ws/install/rosidl_runtime_rs:/home/user/ros2_ws/install/advanced_perception:/opt/ros/humble _=/usr/bin/env /usr/bin/cmake --install /home/user/ros2_ws/build/deepmind_bot_description
[0.379s] -- Install configuration: ""
[0.380s] -- Up-to-date: /home/user/ros2_ws/install/deepmind_bot_description/share/deepmind_bot_description//robot
[0.380s] -- Up-to-date: /home/user/ros2_ws/install/deepmind_bot_description/share/deepmind_bot_description//robot/deepmind_bot_body.xacro
[0.380s] -- Up-to-date: /home/user/ros2_ws/install/deepmind_bot_description/share/deepmind_bot_description//robot/macros.xacro
[0.381s] -- Up-to-date: /home/user/ros2_ws/install/deepmind_bot_description/share/deepmind_bot_description//robot/caster_wheels.xacro
[0.381s] -- Up-to-date: /home/user/ros2_ws/install/deepmind_bot_description/share/deepmind_bot_description//robot/deepmind_bot.ros2_control.xacro
[0.381s] -- Up-to-date: /home/user/ros2_ws/install/deepmind_bot_description/share/deepmind_bot_description//robot/deepmind_bot_with_arm.ros2_control.xacro
[0.381s] -- Up-to-date: /home/user/ros2_ws/install/deepmind_bot_description/share/deepmind_bot_description//robot/deepmind_bot.xacro
[0.381s] -- Up-to-date: /home/user/ros2_ws/install/deepmind_bot_description/share/deepmind_bot_description//robot/deepmind_bot_base.xacro
[0.382s] -- Up-to-date: /home/user/ros2_ws/install/deepmind_bot_description/share/deepmind_bot_description//robot/properties.xacro
[0.382s] -- Up-to-date: /home/user/ros2_ws/install/deepmind_bot_description/share/deepmind_bot_description//robot/deepmind_bot_with_arm.xacro
[0.382s] -- Up-to-date: /home/user/ros2_ws/install/deepmind_bot_description/share/deepmind_bot_description//robot/properties_common.xacro
[0.382s] -- Up-to-date: /home/user/ros2_ws/install/deepmind_bot_description/share/deepmind_bot_description//robot/materials.xacro
[0.383s] -- Up-to-date: /home/user/ros2_ws/install/deepmind_bot_description/share/deepmind_bot_description//robot/deepmind_bot.gazebo
[0.383s] -- Up-to-date: /home/user/ros2_ws/install/deepmind_bot_description/share/deepmind_bot_description//robot/deepmind_bot_arm.xacro
[0.383s] -- Up-to-date: /home/user/ros2_ws/install/deepmind_bot_description/share/deepmind_bot_description//robot/wheels.xacro
[0.383s] -- Up-to-date: /home/user/ros2_ws/install/deepmind_bot_description/share/deepmind_bot_description//robot/sensors.xacro
[0.383s] -- Up-to-date: /home/user/ros2_ws/install/deepmind_bot_description/share/deepmind_bot_description//meshes
[0.383s] -- Up-to-date: /home/user/ros2_ws/install/deepmind_bot_description/share/deepmind_bot_description//meshes/laser.dae
[0.383s] -- Up-to-date: /home/user/ros2_ws/install/deepmind_bot_description/share/deepmind_bot_description//meshes/arm4.dae
[0.383s] -- Up-to-date: /home/user/ros2_ws/install/deepmind_bot_description/share/deepmind_bot_description//meshes/middle_base.dae
[0.383s] -- Up-to-date: /home/user/ros2_ws/install/deepmind_bot_description/share/deepmind_bot_description//meshes/yellow.png
[0.384s] -- Up-to-date: /home/user/ros2_ws/install/deepmind_bot_description/share/deepmind_bot_description//meshes/separator_ring.dae
[0.384s] -- Up-to-date: /home/user/ros2_ws/install/deepmind_bot_description/share/deepmind_bot_description//meshes/head_base.dae
[0.384s] -- Up-to-date: /home/user/ros2_ws/install/deepmind_bot_description/share/deepmind_bot_description//meshes/glass.png
[0.384s] -- Up-to-date: /home/user/ros2_ws/install/deepmind_bot_description/share/deepmind_bot_description//meshes/gripper.dae
[0.384s] -- Up-to-date: /home/user/ros2_ws/install/deepmind_bot_description/share/deepmind_bot_description//meshes/white.png
[0.384s] -- Up-to-date: /home/user/ros2_ws/install/deepmind_bot_description/share/deepmind_bot_description//meshes/arm5.dae
[0.384s] -- Up-to-date: /home/user/ros2_ws/install/deepmind_bot_description/share/deepmind_bot_description//meshes/green.png
[0.384s] -- Up-to-date: /home/user/ros2_ws/install/deepmind_bot_description/share/deepmind_bot_description//meshes/black.png
[0.384s] -- Up-to-date: /home/user/ros2_ws/install/deepmind_bot_description/share/deepmind_bot_description//meshes/arm2.dae
[0.384s] -- Up-to-date: /home/user/ros2_ws/install/deepmind_bot_description/share/deepmind_bot_description//meshes/arm6.dae
[0.384s] -- Up-to-date: /home/user/ros2_ws/install/deepmind_bot_description/share/deepmind_bot_description//meshes/grey.png
[0.385s] -- Up-to-date: /home/user/ros2_ws/install/deepmind_bot_description/share/deepmind_bot_description//meshes/bottom_base.dae
[0.385s] -- Up-to-date: /home/user/ros2_ws/install/deepmind_bot_description/share/deepmind_bot_description//meshes/arm3.dae
[0.385s] -- Up-to-date: /home/user/ros2_ws/install/deepmind_bot_description/share/deepmind_bot_description//meshes/head.dae
[0.385s] -- Up-to-date: /home/user/ros2_ws/install/deepmind_bot_description/share/deepmind_bot_description//meshes/arm1.dae
[0.385s] -- Up-to-date: /home/user/ros2_ws/install/deepmind_bot_description/share/deepmind_bot_description//meshes/mobile_base.dae
[0.385s] -- Up-to-date: /home/user/ros2_ws/install/deepmind_bot_description/share/deepmind_bot_description//meshes/laser_base.dae
[0.385s] -- Up-to-date: /home/user/ros2_ws/install/deepmind_bot_description/share/deepmind_bot_description//rviz
[0.385s] -- Up-to-date: /home/user/ros2_ws/install/deepmind_bot_description/share/deepmind_bot_description//rviz/deepmind_robot.rviz
[0.385s] -- Up-to-date: /home/user/ros2_ws/install/deepmind_bot_description/share/deepmind_bot_description//rviz/deepmind_museum.rviz
[0.386s] -- Up-to-date: /home/user/ros2_ws/install/deepmind_bot_description/share/deepmind_bot_description//rviz/deepmind_demo.rviz
[0.386s] -- Up-to-date: /home/user/ros2_ws/install/deepmind_bot_description/share/deepmind_bot_description//config
[0.386s] -- Up-to-date: /home/user/ros2_ws/install/deepmind_bot_description/share/deepmind_bot_description//config/controller_configuration.yaml
[0.386s] -- Up-to-date: /home/user/ros2_ws/install/deepmind_bot_description/share/deepmind_bot_description//config/controller_configuration_with_arm.yaml
[0.386s] -- Up-to-date: /home/user/ros2_ws/install/deepmind_bot_description/share/deepmind_bot_description//launch
[0.387s] -- Up-to-date: /home/user/ros2_ws/install/deepmind_bot_description/share/deepmind_bot_description//launch/start_rviz.launch.py
[0.387s] -- Up-to-date: /home/user/ros2_ws/install/deepmind_bot_description/share/deepmind_bot_description//launch/start_rviz_museum.launch.py
[0.387s] -- Up-to-date: /home/user/ros2_ws/install/deepmind_bot_description/share/deepmind_bot_description//launch/robot_state_publisher.launch.py
[0.387s] -- Up-to-date: /home/user/ros2_ws/install/deepmind_bot_description/share/deepmind_bot_description//launch/start_control.launch.py
[0.387s] -- Up-to-date: /home/user/ros2_ws/install/deepmind_bot_description/share/ament_index/resource_index/package_run_dependencies/deepmind_bot_description
[0.387s] -- Up-to-date: /home/user/ros2_ws/install/deepmind_bot_description/share/ament_index/resource_index/parent_prefix_path/deepmind_bot_description
[0.388s] -- Up-to-date: /home/user/ros2_ws/install/deepmind_bot_description/share/deepmind_bot_description/environment/ament_prefix_path.sh
[0.388s] -- Up-to-date: /home/user/ros2_ws/install/deepmind_bot_description/share/deepmind_bot_description/environment/ament_prefix_path.dsv
[0.388s] -- Up-to-date: /home/user/ros2_ws/install/deepmind_bot_description/share/deepmind_bot_description/environment/path.sh
[0.388s] -- Up-to-date: /home/user/ros2_ws/install/deepmind_bot_description/share/deepmind_bot_description/environment/path.dsv
[0.388s] -- Up-to-date: /home/user/ros2_ws/install/deepmind_bot_description/share/deepmind_bot_description/local_setup.bash
[0.388s] -- Up-to-date: /home/user/ros2_ws/install/deepmind_bot_description/share/deepmind_bot_description/local_setup.sh
[0.388s] -- Up-to-date: /home/user/ros2_ws/install/deepmind_bot_description/share/deepmind_bot_description/local_setup.zsh
[0.388s] -- Up-to-date: /home/user/ros2_ws/install/deepmind_bot_description/share/deepmind_bot_description/local_setup.dsv
[0.388s] -- Installing: /home/user/ros2_ws/install/deepmind_bot_description/share/deepmind_bot_description/package.dsv
[0.388s] -- Up-to-date: /home/user/ros2_ws/install/deepmind_bot_description/share/ament_index/resource_index/packages/deepmind_bot_description
[0.388s] -- Up-to-date: /home/user/ros2_ws/install/deepmind_bot_description/share/deepmind_bot_description/cmake/deepmind_bot_descriptionConfig.cmake
[0.389s] -- Up-to-date: /home/user/ros2_ws/install/deepmind_bot_description/share/deepmind_bot_description/cmake/deepmind_bot_descriptionConfig-version.cmake
[0.392s] -- Up-to-date: /home/user/ros2_ws/install/deepmind_bot_description/share/deepmind_bot_description/package.xml
[0.393s] Invoked command in '/home/user/ros2_ws/build/deepmind_bot_description' returned '0': CMAKE_PREFIX_PATH=${CMAKE_PREFIX_PATH}:/home/simulations/ros2_sims_ws/install/rclrs_tests:/home/simulations/ros2_sims_ws/install/examples_rclrs_minimal_client_service:/home/simulations/ros2_sims_ws/install/sensor_msgs_py:/home/simulations/ros2_sims_ws/install/examples_rclrs_minimal_pub_sub:/home/simulations/ros2_sims_ws/install/examples_rclrs_message_demo:/home/simulations/ros2_sims_ws/install/rclrs:/home/simulations/ros2_sims_ws/install/rosidl_runtime_rs:/home/user/ros2_ws/install/advanced_perception:/opt/ros/humble _=/usr/bin/env /usr/bin/cmake --install /home/user/ros2_ws/build/deepmind_bot_description
