running egg_info
writing ../../build/advanced_perception/advanced_perception.egg-info/PKG-INFO
writing dependency_links to ../../build/advanced_perception/advanced_perception.egg-info/dependency_links.txt
writing entry points to ../../build/advanced_perception/advanced_perception.egg-info/entry_points.txt
writing requirements to ../../build/advanced_perception/advanced_perception.egg-info/requires.txt
writing top-level names to ../../build/advanced_perception/advanced_perception.egg-info/top_level.txt
reading manifest file '../../build/advanced_perception/advanced_perception.egg-info/SOURCES.txt'
writing manifest file '../../build/advanced_perception/advanced_perception.egg-info/SOURCES.txt'
running build
running build_py
copying advanced_perception/pose_estimation.py -> /home/user/ros2_ws/build/advanced_perception/build/lib/advanced_perception
running install
running install_lib
copying /home/user/ros2_ws/build/advanced_perception/build/lib/advanced_perception/pose_estimation.py -> /home/user/ros2_ws/install/advanced_perception/lib/python3.10/site-packages/advanced_perception
byte-compiling /home/user/ros2_ws/install/advanced_perception/lib/python3.10/site-packages/advanced_perception/pose_estimation.py to pose_estimation.cpython-310.pyc
running install_data
running install_egg_info
removing '/home/user/ros2_ws/install/advanced_perception/lib/python3.10/site-packages/advanced_perception-0.0.0-py3.10.egg-info' (and everything under it)
Copying ../../build/advanced_perception/advanced_perception.egg-info to /home/user/ros2_ws/install/advanced_perception/lib/python3.10/site-packages/advanced_perception-0.0.0-py3.10.egg-info
running install_scripts
Installing pose_estimation_node script to /home/user/ros2_ws/install/advanced_perception/lib/advanced_perception
writing list of installed files to '/home/user/ros2_ws/build/advanced_perception/install.log'
