[0.434s] DEBUG:colcon:Command line arguments: ['/usr/bin/colcon', 'build', '--packages-select', 'advanced_perception']
[0.434s] DEBUG:colcon:Parsed command line arguments: Namespace(log_base=None, log_level=None, verb_name='build', build_base='build', install_base='install', merge_install=False, symlink_install=False, test_result_base=None, continue_on_error=False, executor='parallel', parallel_workers=8, event_handlers=None, ignore_user_meta=False, metas=['./colcon.meta'], base_paths=['.'], packages_ignore=None, packages_ignore_regex=None, paths=None, packages_up_to=None, packages_up_to_regex=None, packages_above=None, packages_above_and_dependencies=None, packages_above_depth=None, packages_select_by_dep=None, packages_skip_by_dep=None, packages_skip_up_to=None, packages_select_build_failed=False, packages_skip_build_finished=False, packages_select_test_failures=False, packages_skip_test_passed=False, packages_select=['advanced_perception'], packages_skip=None, packages_select_regex=None, packages_skip_regex=None, packages_start=None, packages_end=None, lookup_in_workspace=False, cargo_args=None, clean_build=False, cmake_args=None, cmake_target=None, cmake_target_skip_unavailable=False, cmake_clean_cache=False, cmake_clean_first=False, cmake_force_configure=False, ament_cmake_args=None, catkin_cmake_args=None, catkin_skip_building_tests=False, mixin_files=None, mixin=None, verb_parser=<colcon_mixin.mixin.mixin_argument.MixinArgumentDecorator object at 0x7f3f7718a7a0>, verb_extension=<colcon_core.verb.build.BuildVerb object at 0x7f3f77189c30>, main=<bound method BuildVerb.main of <colcon_core.verb.build.BuildVerb object at 0x7f3f77189c30>>, mixin_verb=('build',))
[1.117s] Level 1:colcon.colcon_core.package_discovery:discover_packages(colcon_meta) check parameters
[1.117s] Level 1:colcon.colcon_core.package_discovery:discover_packages(recursive) check parameters
[1.117s] Level 1:colcon.colcon_core.package_discovery:discover_packages(ignore) check parameters
[1.117s] Level 1:colcon.colcon_core.package_discovery:discover_packages(path) check parameters
[1.117s] Level 1:colcon.colcon_core.package_discovery:discover_packages(colcon_meta) discover
[1.117s] Level 1:colcon.colcon_core.package_discovery:discover_packages(recursive) discover
[1.117s] INFO:colcon.colcon_core.package_discovery:Crawling recursively for packages in '/home/user/ros2_ws'
[1.117s] Level 1:colcon.colcon_core.package_identification:_identify(.) by extensions ['ignore', 'ignore_ament_install']
[1.117s] Level 1:colcon.colcon_core.package_identification:_identify(.) by extension 'ignore'
[1.118s] Level 1:colcon.colcon_core.package_identification:_identify(.) by extension 'ignore_ament_install'
[1.118s] Level 1:colcon.colcon_core.package_identification:_identify(.) by extensions ['colcon_pkg']
[1.118s] Level 1:colcon.colcon_core.package_identification:_identify(.) by extension 'colcon_pkg'
[1.118s] Level 1:colcon.colcon_core.package_identification:_identify(.) by extensions ['colcon_meta']
[1.118s] Level 1:colcon.colcon_core.package_identification:_identify(.) by extension 'colcon_meta'
[1.118s] Level 1:colcon.colcon_core.package_identification:_identify(.) by extensions ['ament_cargo']
[1.118s] Level 1:colcon.colcon_core.package_identification:_identify(.) by extension 'ament_cargo'
[1.118s] Level 1:colcon.colcon_core.package_identification:_identify(.) by extensions ['ros']
[1.118s] Level 1:colcon.colcon_core.package_identification:_identify(.) by extension 'ros'
[1.135s] Level 1:colcon.colcon_core.package_identification:_identify(.) by extensions ['cargo', 'cmake', 'python']
[1.135s] Level 1:colcon.colcon_core.package_identification:_identify(.) by extension 'cargo'
[1.136s] Level 1:colcon.colcon_core.package_identification:_identify(.) by extension 'cmake'
[1.136s] Level 1:colcon.colcon_core.package_identification:_identify(.) by extension 'python'
[1.136s] Level 1:colcon.colcon_core.package_identification:_identify(.) by extensions ['python_setup_py']
[1.136s] Level 1:colcon.colcon_core.package_identification:_identify(.) by extension 'python_setup_py'
[1.136s] Level 1:colcon.colcon_core.package_identification:_identify(build) by extensions ['ignore', 'ignore_ament_install']
[1.136s] Level 1:colcon.colcon_core.package_identification:_identify(build) by extension 'ignore'
[1.136s] Level 1:colcon.colcon_core.package_identification:_identify(build) ignored
[1.136s] Level 1:colcon.colcon_core.package_identification:_identify(install) by extensions ['ignore', 'ignore_ament_install']
[1.137s] Level 1:colcon.colcon_core.package_identification:_identify(install) by extension 'ignore'
[1.137s] Level 1:colcon.colcon_core.package_identification:_identify(install) ignored
[1.137s] Level 1:colcon.colcon_core.package_identification:_identify(log) by extensions ['ignore', 'ignore_ament_install']
[1.137s] Level 1:colcon.colcon_core.package_identification:_identify(log) by extension 'ignore'
[1.137s] Level 1:colcon.colcon_core.package_identification:_identify(log) ignored
[1.137s] Level 1:colcon.colcon_core.package_identification:_identify(src) by extensions ['ignore', 'ignore_ament_install']
[1.138s] Level 1:colcon.colcon_core.package_identification:_identify(src) by extension 'ignore'
[1.138s] Level 1:colcon.colcon_core.package_identification:_identify(src) by extension 'ignore_ament_install'
[1.138s] Level 1:colcon.colcon_core.package_identification:_identify(src) by extensions ['colcon_pkg']
[1.138s] Level 1:colcon.colcon_core.package_identification:_identify(src) by extension 'colcon_pkg'
[1.138s] Level 1:colcon.colcon_core.package_identification:_identify(src) by extensions ['colcon_meta']
[1.138s] Level 1:colcon.colcon_core.package_identification:_identify(src) by extension 'colcon_meta'
[1.138s] Level 1:colcon.colcon_core.package_identification:_identify(src) by extensions ['ament_cargo']
[1.138s] Level 1:colcon.colcon_core.package_identification:_identify(src) by extension 'ament_cargo'
[1.139s] Level 1:colcon.colcon_core.package_identification:_identify(src) by extensions ['ros']
[1.139s] Level 1:colcon.colcon_core.package_identification:_identify(src) by extension 'ros'
[1.139s] Level 1:colcon.colcon_core.package_identification:_identify(src) by extensions ['cargo', 'cmake', 'python']
[1.139s] Level 1:colcon.colcon_core.package_identification:_identify(src) by extension 'cargo'
[1.139s] Level 1:colcon.colcon_core.package_identification:_identify(src) by extension 'cmake'
[1.139s] Level 1:colcon.colcon_core.package_identification:_identify(src) by extension 'python'
[1.139s] Level 1:colcon.colcon_core.package_identification:_identify(src) by extensions ['python_setup_py']
[1.139s] Level 1:colcon.colcon_core.package_identification:_identify(src) by extension 'python_setup_py'
[1.139s] Level 1:colcon.colcon_core.package_identification:_identify(src/advanced_perception) by extensions ['ignore', 'ignore_ament_install']
[1.139s] Level 1:colcon.colcon_core.package_identification:_identify(src/advanced_perception) by extension 'ignore'
[1.140s] Level 1:colcon.colcon_core.package_identification:_identify(src/advanced_perception) by extension 'ignore_ament_install'
[1.140s] Level 1:colcon.colcon_core.package_identification:_identify(src/advanced_perception) by extensions ['colcon_pkg']
[1.140s] Level 1:colcon.colcon_core.package_identification:_identify(src/advanced_perception) by extension 'colcon_pkg'
[1.140s] Level 1:colcon.colcon_core.package_identification:_identify(src/advanced_perception) by extensions ['colcon_meta']
[1.140s] Level 1:colcon.colcon_core.package_identification:_identify(src/advanced_perception) by extension 'colcon_meta'
[1.140s] Level 1:colcon.colcon_core.package_identification:_identify(src/advanced_perception) by extensions ['ament_cargo']
[1.140s] Level 1:colcon.colcon_core.package_identification:_identify(src/advanced_perception) by extension 'ament_cargo'
[1.140s] Level 1:colcon.colcon_core.package_identification:_identify(src/advanced_perception) by extensions ['ros']
[1.140s] Level 1:colcon.colcon_core.package_identification:_identify(src/advanced_perception) by extension 'ros'
[1.210s] DEBUG:colcon.colcon_core.package_identification:Package 'src/advanced_perception' with type 'ros.ament_python' and name 'advanced_perception'
[1.210s] Level 1:colcon.colcon_core.package_identification:_identify(src/custom_msgs) by extensions ['ignore', 'ignore_ament_install']
[1.210s] Level 1:colcon.colcon_core.package_identification:_identify(src/custom_msgs) by extension 'ignore'
[1.210s] Level 1:colcon.colcon_core.package_identification:_identify(src/custom_msgs) by extension 'ignore_ament_install'
[1.210s] Level 1:colcon.colcon_core.package_identification:_identify(src/custom_msgs) by extensions ['colcon_pkg']
[1.210s] Level 1:colcon.colcon_core.package_identification:_identify(src/custom_msgs) by extension 'colcon_pkg'
[1.210s] Level 1:colcon.colcon_core.package_identification:_identify(src/custom_msgs) by extensions ['colcon_meta']
[1.210s] Level 1:colcon.colcon_core.package_identification:_identify(src/custom_msgs) by extension 'colcon_meta'
[1.210s] Level 1:colcon.colcon_core.package_identification:_identify(src/custom_msgs) by extensions ['ament_cargo']
[1.210s] Level 1:colcon.colcon_core.package_identification:_identify(src/custom_msgs) by extension 'ament_cargo'
[1.210s] Level 1:colcon.colcon_core.package_identification:_identify(src/custom_msgs) by extensions ['ros']
[1.210s] Level 1:colcon.colcon_core.package_identification:_identify(src/custom_msgs) by extension 'ros'
[1.211s] DEBUG:colcon.colcon_core.package_identification:Package 'src/custom_msgs' with type 'ros.ament_cmake' and name 'custom_msgs'
[1.211s] Level 1:colcon.colcon_core.package_identification:_identify(src/deepmind_bot) by extensions ['ignore', 'ignore_ament_install']
[1.211s] Level 1:colcon.colcon_core.package_identification:_identify(src/deepmind_bot) by extension 'ignore'
[1.212s] Level 1:colcon.colcon_core.package_identification:_identify(src/deepmind_bot) by extension 'ignore_ament_install'
[1.212s] Level 1:colcon.colcon_core.package_identification:_identify(src/deepmind_bot) by extensions ['colcon_pkg']
[1.212s] Level 1:colcon.colcon_core.package_identification:_identify(src/deepmind_bot) by extension 'colcon_pkg'
[1.212s] Level 1:colcon.colcon_core.package_identification:_identify(src/deepmind_bot) by extensions ['colcon_meta']
[1.212s] Level 1:colcon.colcon_core.package_identification:_identify(src/deepmind_bot) by extension 'colcon_meta'
[1.212s] Level 1:colcon.colcon_core.package_identification:_identify(src/deepmind_bot) by extensions ['ament_cargo']
[1.212s] Level 1:colcon.colcon_core.package_identification:_identify(src/deepmind_bot) by extension 'ament_cargo'
[1.212s] Level 1:colcon.colcon_core.package_identification:_identify(src/deepmind_bot) by extensions ['ros']
[1.212s] Level 1:colcon.colcon_core.package_identification:_identify(src/deepmind_bot) by extension 'ros'
[1.212s] Level 1:colcon.colcon_core.package_identification:_identify(src/deepmind_bot) by extensions ['cargo', 'cmake', 'python']
[1.212s] Level 1:colcon.colcon_core.package_identification:_identify(src/deepmind_bot) by extension 'cargo'
[1.212s] Level 1:colcon.colcon_core.package_identification:_identify(src/deepmind_bot) by extension 'cmake'
[1.212s] Level 1:colcon.colcon_core.package_identification:_identify(src/deepmind_bot) by extension 'python'
[1.212s] Level 1:colcon.colcon_core.package_identification:_identify(src/deepmind_bot) by extensions ['python_setup_py']
[1.212s] Level 1:colcon.colcon_core.package_identification:_identify(src/deepmind_bot) by extension 'python_setup_py'
[1.212s] Level 1:colcon.colcon_core.package_identification:_identify(src/deepmind_bot/deepmind_bot_description) by extensions ['ignore', 'ignore_ament_install']
[1.212s] Level 1:colcon.colcon_core.package_identification:_identify(src/deepmind_bot/deepmind_bot_description) by extension 'ignore'
[1.212s] Level 1:colcon.colcon_core.package_identification:_identify(src/deepmind_bot/deepmind_bot_description) by extension 'ignore_ament_install'
[1.213s] Level 1:colcon.colcon_core.package_identification:_identify(src/deepmind_bot/deepmind_bot_description) by extensions ['colcon_pkg']
[1.213s] Level 1:colcon.colcon_core.package_identification:_identify(src/deepmind_bot/deepmind_bot_description) by extension 'colcon_pkg'
[1.213s] Level 1:colcon.colcon_core.package_identification:_identify(src/deepmind_bot/deepmind_bot_description) by extensions ['colcon_meta']
[1.213s] Level 1:colcon.colcon_core.package_identification:_identify(src/deepmind_bot/deepmind_bot_description) by extension 'colcon_meta'
[1.213s] Level 1:colcon.colcon_core.package_identification:_identify(src/deepmind_bot/deepmind_bot_description) by extensions ['ament_cargo']
[1.213s] Level 1:colcon.colcon_core.package_identification:_identify(src/deepmind_bot/deepmind_bot_description) by extension 'ament_cargo'
[1.213s] Level 1:colcon.colcon_core.package_identification:_identify(src/deepmind_bot/deepmind_bot_description) by extensions ['ros']
[1.213s] Level 1:colcon.colcon_core.package_identification:_identify(src/deepmind_bot/deepmind_bot_description) by extension 'ros'
[1.213s] DEBUG:colcon.colcon_core.package_identification:Package 'src/deepmind_bot/deepmind_bot_description' with type 'ros.ament_cmake' and name 'deepmind_bot_description'
[1.214s] Level 1:colcon.colcon_core.package_identification:_identify(src/deepmind_bot/deepmind_bot_gazebo) by extensions ['ignore', 'ignore_ament_install']
[1.214s] Level 1:colcon.colcon_core.package_identification:_identify(src/deepmind_bot/deepmind_bot_gazebo) by extension 'ignore'
[1.214s] Level 1:colcon.colcon_core.package_identification:_identify(src/deepmind_bot/deepmind_bot_gazebo) by extension 'ignore_ament_install'
[1.214s] Level 1:colcon.colcon_core.package_identification:_identify(src/deepmind_bot/deepmind_bot_gazebo) by extensions ['colcon_pkg']
[1.214s] Level 1:colcon.colcon_core.package_identification:_identify(src/deepmind_bot/deepmind_bot_gazebo) by extension 'colcon_pkg'
[1.214s] Level 1:colcon.colcon_core.package_identification:_identify(src/deepmind_bot/deepmind_bot_gazebo) by extensions ['colcon_meta']
[1.214s] Level 1:colcon.colcon_core.package_identification:_identify(src/deepmind_bot/deepmind_bot_gazebo) by extension 'colcon_meta'
[1.214s] Level 1:colcon.colcon_core.package_identification:_identify(src/deepmind_bot/deepmind_bot_gazebo) by extensions ['ament_cargo']
[1.214s] Level 1:colcon.colcon_core.package_identification:_identify(src/deepmind_bot/deepmind_bot_gazebo) by extension 'ament_cargo'
[1.214s] Level 1:colcon.colcon_core.package_identification:_identify(src/deepmind_bot/deepmind_bot_gazebo) by extensions ['ros']
[1.214s] Level 1:colcon.colcon_core.package_identification:_identify(src/deepmind_bot/deepmind_bot_gazebo) by extension 'ros'
[1.215s] DEBUG:colcon.colcon_core.package_identification:Package 'src/deepmind_bot/deepmind_bot_gazebo' with type 'ros.ament_cmake' and name 'deepmind_bot_gazebo'
[1.215s] Level 1:colcon.colcon_core.package_identification:_identify(src/deepmind_bot/deepmind_bot_navigation) by extensions ['ignore', 'ignore_ament_install']
[1.215s] Level 1:colcon.colcon_core.package_identification:_identify(src/deepmind_bot/deepmind_bot_navigation) by extension 'ignore'
[1.215s] Level 1:colcon.colcon_core.package_identification:_identify(src/deepmind_bot/deepmind_bot_navigation) by extension 'ignore_ament_install'
[1.215s] Level 1:colcon.colcon_core.package_identification:_identify(src/deepmind_bot/deepmind_bot_navigation) by extensions ['colcon_pkg']
[1.215s] Level 1:colcon.colcon_core.package_identification:_identify(src/deepmind_bot/deepmind_bot_navigation) by extension 'colcon_pkg'
[1.216s] Level 1:colcon.colcon_core.package_identification:_identify(src/deepmind_bot/deepmind_bot_navigation) by extensions ['colcon_meta']
[1.216s] Level 1:colcon.colcon_core.package_identification:_identify(src/deepmind_bot/deepmind_bot_navigation) by extension 'colcon_meta'
[1.216s] Level 1:colcon.colcon_core.package_identification:_identify(src/deepmind_bot/deepmind_bot_navigation) by extensions ['ament_cargo']
[1.216s] Level 1:colcon.colcon_core.package_identification:_identify(src/deepmind_bot/deepmind_bot_navigation) by extension 'ament_cargo'
[1.216s] Level 1:colcon.colcon_core.package_identification:_identify(src/deepmind_bot/deepmind_bot_navigation) by extensions ['ros']
[1.216s] Level 1:colcon.colcon_core.package_identification:_identify(src/deepmind_bot/deepmind_bot_navigation) by extension 'ros'
[1.216s] DEBUG:colcon.colcon_core.package_identification:Package 'src/deepmind_bot/deepmind_bot_navigation' with type 'ros.ament_cmake' and name 'deepmind_bot_navigation'
[1.216s] Level 1:colcon.colcon_core.package_identification:_identify(src/deepmind_bot/deepmind_bot_trajectory_sender) by extensions ['ignore', 'ignore_ament_install']
[1.217s] Level 1:colcon.colcon_core.package_identification:_identify(src/deepmind_bot/deepmind_bot_trajectory_sender) by extension 'ignore'
[1.217s] Level 1:colcon.colcon_core.package_identification:_identify(src/deepmind_bot/deepmind_bot_trajectory_sender) by extension 'ignore_ament_install'
[1.217s] Level 1:colcon.colcon_core.package_identification:_identify(src/deepmind_bot/deepmind_bot_trajectory_sender) by extensions ['colcon_pkg']
[1.217s] Level 1:colcon.colcon_core.package_identification:_identify(src/deepmind_bot/deepmind_bot_trajectory_sender) by extension 'colcon_pkg'
[1.217s] Level 1:colcon.colcon_core.package_identification:_identify(src/deepmind_bot/deepmind_bot_trajectory_sender) by extensions ['colcon_meta']
[1.217s] Level 1:colcon.colcon_core.package_identification:_identify(src/deepmind_bot/deepmind_bot_trajectory_sender) by extension 'colcon_meta'
[1.217s] Level 1:colcon.colcon_core.package_identification:_identify(src/deepmind_bot/deepmind_bot_trajectory_sender) by extensions ['ament_cargo']
[1.217s] Level 1:colcon.colcon_core.package_identification:_identify(src/deepmind_bot/deepmind_bot_trajectory_sender) by extension 'ament_cargo'
[1.217s] Level 1:colcon.colcon_core.package_identification:_identify(src/deepmind_bot/deepmind_bot_trajectory_sender) by extensions ['ros']
[1.217s] Level 1:colcon.colcon_core.package_identification:_identify(src/deepmind_bot/deepmind_bot_trajectory_sender) by extension 'ros'
[1.218s] DEBUG:colcon.colcon_core.package_identification:Package 'src/deepmind_bot/deepmind_bot_trajectory_sender' with type 'ros.ament_cmake' and name 'deepmind_bot_trajectory_sender'
[1.218s] Level 1:colcon.colcon_core.package_identification:_identify(src/deepmind_bot/scripts) by extensions ['ignore', 'ignore_ament_install']
[1.218s] Level 1:colcon.colcon_core.package_identification:_identify(src/deepmind_bot/scripts) by extension 'ignore'
[1.218s] Level 1:colcon.colcon_core.package_identification:_identify(src/deepmind_bot/scripts) by extension 'ignore_ament_install'
[1.218s] Level 1:colcon.colcon_core.package_identification:_identify(src/deepmind_bot/scripts) by extensions ['colcon_pkg']
[1.218s] Level 1:colcon.colcon_core.package_identification:_identify(src/deepmind_bot/scripts) by extension 'colcon_pkg'
[1.218s] Level 1:colcon.colcon_core.package_identification:_identify(src/deepmind_bot/scripts) by extensions ['colcon_meta']
[1.218s] Level 1:colcon.colcon_core.package_identification:_identify(src/deepmind_bot/scripts) by extension 'colcon_meta'
[1.219s] Level 1:colcon.colcon_core.package_identification:_identify(src/deepmind_bot/scripts) by extensions ['ament_cargo']
[1.219s] Level 1:colcon.colcon_core.package_identification:_identify(src/deepmind_bot/scripts) by extension 'ament_cargo'
[1.219s] Level 1:colcon.colcon_core.package_identification:_identify(src/deepmind_bot/scripts) by extensions ['ros']
[1.219s] Level 1:colcon.colcon_core.package_identification:_identify(src/deepmind_bot/scripts) by extension 'ros'
[1.219s] Level 1:colcon.colcon_core.package_identification:_identify(src/deepmind_bot/scripts) by extensions ['cargo', 'cmake', 'python']
[1.219s] Level 1:colcon.colcon_core.package_identification:_identify(src/deepmind_bot/scripts) by extension 'cargo'
[1.219s] Level 1:colcon.colcon_core.package_identification:_identify(src/deepmind_bot/scripts) by extension 'cmake'
[1.219s] Level 1:colcon.colcon_core.package_identification:_identify(src/deepmind_bot/scripts) by extension 'python'
[1.219s] Level 1:colcon.colcon_core.package_identification:_identify(src/deepmind_bot/scripts) by extensions ['python_setup_py']
[1.219s] Level 1:colcon.colcon_core.package_identification:_identify(src/deepmind_bot/scripts) by extension 'python_setup_py'
[1.219s] Level 1:colcon.colcon_core.package_discovery:discover_packages(recursive) using defaults
[1.219s] Level 1:colcon.colcon_core.package_discovery:discover_packages(ignore) discover
[1.219s] Level 1:colcon.colcon_core.package_discovery:discover_packages(ignore) using defaults
[1.220s] Level 1:colcon.colcon_core.package_discovery:discover_packages(path) discover
[1.220s] Level 1:colcon.colcon_core.package_discovery:discover_packages(path) using defaults
[1.316s] INFO:colcon.colcon_core.package_selection:Skipping not selected package 'custom_msgs' in 'src/custom_msgs'
[1.317s] INFO:colcon.colcon_core.package_selection:Skipping not selected package 'deepmind_bot_description' in 'src/deepmind_bot/deepmind_bot_description'
[1.317s] INFO:colcon.colcon_core.package_selection:Skipping not selected package 'deepmind_bot_gazebo' in 'src/deepmind_bot/deepmind_bot_gazebo'
[1.317s] INFO:colcon.colcon_core.package_selection:Skipping not selected package 'deepmind_bot_navigation' in 'src/deepmind_bot/deepmind_bot_navigation'
[1.317s] INFO:colcon.colcon_core.package_selection:Skipping not selected package 'deepmind_bot_trajectory_sender' in 'src/deepmind_bot/deepmind_bot_trajectory_sender'
[1.318s] Level 5:colcon.colcon_core.verb:set package 'advanced_perception' build argument 'lookup_in_workspace' from command line to 'False'
[1.318s] Level 5:colcon.colcon_core.verb:set package 'advanced_perception' build argument 'cargo_args' from command line to 'None'
[1.318s] Level 5:colcon.colcon_core.verb:set package 'advanced_perception' build argument 'clean_build' from command line to 'False'
[1.318s] Level 5:colcon.colcon_core.verb:set package 'advanced_perception' build argument 'cmake_args' from command line to 'None'
[1.318s] Level 5:colcon.colcon_core.verb:set package 'advanced_perception' build argument 'cmake_target' from command line to 'None'
[1.318s] Level 5:colcon.colcon_core.verb:set package 'advanced_perception' build argument 'cmake_target_skip_unavailable' from command line to 'False'
[1.318s] Level 5:colcon.colcon_core.verb:set package 'advanced_perception' build argument 'cmake_clean_cache' from command line to 'False'
[1.318s] Level 5:colcon.colcon_core.verb:set package 'advanced_perception' build argument 'cmake_clean_first' from command line to 'False'
[1.318s] Level 5:colcon.colcon_core.verb:set package 'advanced_perception' build argument 'cmake_force_configure' from command line to 'False'
[1.318s] Level 5:colcon.colcon_core.verb:set package 'advanced_perception' build argument 'ament_cmake_args' from command line to 'None'
[1.318s] Level 5:colcon.colcon_core.verb:set package 'advanced_perception' build argument 'catkin_cmake_args' from command line to 'None'
[1.318s] Level 5:colcon.colcon_core.verb:set package 'advanced_perception' build argument 'catkin_skip_building_tests' from command line to 'False'
[1.318s] DEBUG:colcon.colcon_core.verb:Building package 'advanced_perception' with the following arguments: {'ament_cmake_args': None, 'build_base': '/home/user/ros2_ws/build/advanced_perception', 'cargo_args': None, 'catkin_cmake_args': None, 'catkin_skip_building_tests': False, 'clean_build': False, 'cmake_args': None, 'cmake_clean_cache': False, 'cmake_clean_first': False, 'cmake_force_configure': False, 'cmake_target': None, 'cmake_target_skip_unavailable': False, 'install_base': '/home/user/ros2_ws/install/advanced_perception', 'lookup_in_workspace': False, 'merge_install': False, 'path': '/home/user/ros2_ws/src/advanced_perception', 'symlink_install': False, 'test_result_base': None}
[1.318s] INFO:colcon.colcon_core.executor:Executing jobs using 'parallel' executor
[1.319s] DEBUG:colcon.colcon_parallel_executor.executor.parallel:run_until_complete
[1.320s] INFO:colcon.colcon_ros.task.ament_python.build:Building ROS package in '/home/user/ros2_ws/src/advanced_perception' with build type 'ament_python'
[1.320s] Level 1:colcon.colcon_core.shell:create_environment_hook('advanced_perception', 'ament_prefix_path')
[1.323s] INFO:colcon.colcon_core.plugin_system:Skipping extension 'colcon_core.shell.bat': Not used on non-Windows systems
[1.324s] INFO:colcon.colcon_core.shell:Creating environment hook '/home/user/ros2_ws/install/advanced_perception/share/advanced_perception/hook/ament_prefix_path.ps1'
[1.324s] INFO:colcon.colcon_core.shell:Creating environment descriptor '/home/user/ros2_ws/install/advanced_perception/share/advanced_perception/hook/ament_prefix_path.dsv'
[1.325s] INFO:colcon.colcon_core.shell:Creating environment hook '/home/user/ros2_ws/install/advanced_perception/share/advanced_perception/hook/ament_prefix_path.sh'
[1.326s] INFO:colcon.colcon_core.shell:Skip shell extension 'powershell' for command environment: Not usable outside of PowerShell
[1.326s] DEBUG:colcon.colcon_core.shell:Skip shell extension 'dsv' for command environment
[2.407s] INFO:colcon.colcon_core.task.python.build:Building Python package in '/home/user/ros2_ws/src/advanced_perception'
[2.407s] INFO:colcon.colcon_core.shell:Skip shell extension 'powershell' for command environment: Not usable outside of PowerShell
[2.408s] DEBUG:colcon.colcon_core.shell:Skip shell extension 'dsv' for command environment
[4.210s] DEBUG:colcon.colcon_core.event_handler.log_command:Invoking command in '/home/user/ros2_ws/src/advanced_perception': PYTHONPATH=/home/user/ros2_ws/build/advanced_perception/prefix_override:/home/user/ros2_ws/install/advanced_perception/lib/python3.10/site-packages:${PYTHONPATH} _=/usr/bin/env /usr/bin/python3 -W ignore:setup.py install is deprecated setup.py egg_info --egg-base ../../build/advanced_perception build --build-base /home/user/ros2_ws/build/advanced_perception/build install --record /home/user/ros2_ws/build/advanced_perception/install.log --single-version-externally-managed install_data
[5.421s] Level 1:colcon.colcon_core.environment:checking '/home/user/ros2_ws/install/advanced_perception' for CMake module files
[5.422s] DEBUG:colcon.colcon_core.event_handler.log_command:Invoked command in '/home/user/ros2_ws/src/advanced_perception' returned '0': PYTHONPATH=/home/user/ros2_ws/build/advanced_perception/prefix_override:/home/user/ros2_ws/install/advanced_perception/lib/python3.10/site-packages:${PYTHONPATH} _=/usr/bin/env /usr/bin/python3 -W ignore:setup.py install is deprecated setup.py egg_info --egg-base ../../build/advanced_perception build --build-base /home/user/ros2_ws/build/advanced_perception/build install --record /home/user/ros2_ws/build/advanced_perception/install.log --single-version-externally-managed install_data
[5.422s] Level 1:colcon.colcon_core.environment:checking '/home/user/ros2_ws/install/advanced_perception' for CMake config files
[5.423s] Level 1:colcon.colcon_core.environment:checking '/home/user/ros2_ws/install/advanced_perception/lib'
[5.423s] Level 1:colcon.colcon_core.environment:checking '/home/user/ros2_ws/install/advanced_perception/bin'
[5.423s] Level 1:colcon.colcon_core.environment:checking '/home/user/ros2_ws/install/advanced_perception/lib/pkgconfig/advanced_perception.pc'
[5.425s] Level 1:colcon.colcon_core.environment:checking '/home/user/ros2_ws/install/advanced_perception/lib/python3.10/site-packages'
[5.425s] Level 1:colcon.colcon_core.shell:create_environment_hook('advanced_perception', 'pythonpath')
[5.425s] INFO:colcon.colcon_core.shell:Creating environment hook '/home/user/ros2_ws/install/advanced_perception/share/advanced_perception/hook/pythonpath.ps1'
[5.426s] INFO:colcon.colcon_core.shell:Creating environment descriptor '/home/user/ros2_ws/install/advanced_perception/share/advanced_perception/hook/pythonpath.dsv'
[5.426s] INFO:colcon.colcon_core.shell:Creating environment hook '/home/user/ros2_ws/install/advanced_perception/share/advanced_perception/hook/pythonpath.sh'
[5.427s] Level 1:colcon.colcon_core.environment:checking '/home/user/ros2_ws/install/advanced_perception/bin'
[5.427s] Level 1:colcon.colcon_core.environment:create_environment_scripts_only(advanced_perception)
[5.427s] INFO:colcon.colcon_core.shell:Creating package script '/home/user/ros2_ws/install/advanced_perception/share/advanced_perception/package.ps1'
[5.428s] INFO:colcon.colcon_core.shell:Creating package descriptor '/home/user/ros2_ws/install/advanced_perception/share/advanced_perception/package.dsv'
[5.428s] INFO:colcon.colcon_core.shell:Creating package script '/home/user/ros2_ws/install/advanced_perception/share/advanced_perception/package.sh'
[5.429s] INFO:colcon.colcon_core.shell:Creating package script '/home/user/ros2_ws/install/advanced_perception/share/advanced_perception/package.bash'
[5.430s] INFO:colcon.colcon_core.shell:Creating package script '/home/user/ros2_ws/install/advanced_perception/share/advanced_perception/package.zsh'
[5.498s] Level 1:colcon.colcon_core.environment:create_file_with_runtime_dependencies(/home/user/ros2_ws/install/advanced_perception/share/colcon-core/packages/advanced_perception)
[5.499s] DEBUG:colcon.colcon_parallel_executor.executor.parallel:closing loop
[5.499s] DEBUG:colcon.colcon_parallel_executor.executor.parallel:loop closed
[5.499s] DEBUG:colcon.colcon_parallel_executor.executor.parallel:run_until_complete finished with '0'
[5.499s] DEBUG:colcon.colcon_core.event_reactor:joining thread
[5.512s] INFO:colcon.colcon_core.plugin_system:Skipping extension 'colcon_notification.desktop_notification.notify_send': Could not find 'notify-send'
[5.512s] INFO:colcon.colcon_core.plugin_system:Skipping extension 'colcon_notification.desktop_notification.terminal_notifier': Not used on non-Darwin systems
[5.512s] INFO:colcon.colcon_core.plugin_system:Skipping extension 'colcon_notification.desktop_notification.win32': Not used on non-Windows systems
[5.512s] INFO:colcon.colcon_notification.desktop_notification:Sending desktop notification using 'notify2'
[5.515s] DEBUG:colcon.colcon_notification.desktop_notification.notify2:Failed to initialize notify2: org.freedesktop.DBus.Error.Spawn.ExecFailed: /usr/bin/dbus-launch terminated abnormally without any error message
[5.516s] DEBUG:colcon.colcon_core.event_reactor:joined thread
[5.517s] INFO:colcon.colcon_core.shell:Creating prefix script '/home/user/ros2_ws/install/local_setup.ps1'
[5.518s] INFO:colcon.colcon_core.shell:Creating prefix util module '/home/user/ros2_ws/install/_local_setup_util_ps1.py'
[5.521s] INFO:colcon.colcon_core.shell:Creating prefix chain script '/home/user/ros2_ws/install/setup.ps1'
[5.525s] INFO:colcon.colcon_core.shell:Creating prefix script '/home/user/ros2_ws/install/local_setup.sh'
[5.526s] INFO:colcon.colcon_core.shell:Creating prefix util module '/home/user/ros2_ws/install/_local_setup_util_sh.py'
[5.526s] INFO:colcon.colcon_core.shell:Creating prefix chain script '/home/user/ros2_ws/install/setup.sh'
[5.599s] INFO:colcon.colcon_core.shell:Creating prefix script '/home/user/ros2_ws/install/local_setup.bash'
[5.600s] INFO:colcon.colcon_core.shell:Creating prefix chain script '/home/user/ros2_ws/install/setup.bash'
[5.606s] INFO:colcon.colcon_core.shell:Creating prefix script '/home/user/ros2_ws/install/local_setup.zsh'
[5.607s] INFO:colcon.colcon_core.shell:Creating prefix chain script '/home/user/ros2_ws/install/setup.zsh'
