-- Install configuration: ""
-- Up-to-date: /home/user/ros2_ws/install/deepmind_bot_gazebo/share/deepmind_bot_gazebo//launch
-- Up-to-date: /home/user/ros2_ws/install/deepmind_bot_gazebo/share/deepmind_bot_gazebo//launch/main_perception1.launch.xml
-- Up-to-date: /home/user/ros2_ws/install/deepmind_bot_gazebo/share/deepmind_bot_gazebo//launch/start_world_party.launch.py
-- Up-to-date: /home/user/ros2_ws/install/deepmind_bot_gazebo/share/deepmind_bot_gazebo//launch/main_modern_flat.launch.xml
-- Up-to-date: /home/user/ros2_ws/install/deepmind_bot_gazebo/share/deepmind_bot_gazebo//launch/main_party.launch.xml
-- Up-to-date: /home/user/ros2_ws/install/deepmind_bot_gazebo/share/deepmind_bot_gazebo//launch/main_simple.launch.xml
-- Up-to-date: /home/user/ros2_ws/install/deepmind_bot_gazebo/share/deepmind_bot_gazebo//launch/main_arm.launch.xml
-- Up-to-date: /home/user/ros2_ws/install/deepmind_bot_gazebo/share/deepmind_bot_gazebo//launch/main_perception2.launch.xml
-- Up-to-date: /home/user/ros2_ws/install/deepmind_bot_gazebo/share/deepmind_bot_gazebo//launch/static_odom_to_world.launch.py
-- Up-to-date: /home/user/ros2_ws/install/deepmind_bot_gazebo/share/deepmind_bot_gazebo//launch/main.launch.xml
-- Up-to-date: /home/user/ros2_ws/install/deepmind_bot_gazebo/share/deepmind_bot_gazebo//launch/start_world_v2.launch.py
-- Up-to-date: /home/user/ros2_ws/install/deepmind_bot_gazebo/share/deepmind_bot_gazebo//launch/start_world_modern_flat.launch.py
-- Up-to-date: /home/user/ros2_ws/install/deepmind_bot_gazebo/share/deepmind_bot_gazebo//launch/spawn_in_gazebo.launch.py
-- Up-to-date: /home/user/ros2_ws/install/deepmind_bot_gazebo/share/deepmind_bot_gazebo//launch/spawn.launch.xml
-- Up-to-date: /home/user/ros2_ws/install/deepmind_bot_gazebo/share/deepmind_bot_gazebo//launch/start_world.launch.py
-- Up-to-date: /home/user/ros2_ws/install/deepmind_bot_gazebo/share/deepmind_bot_gazebo//worlds
-- Up-to-date: /home/user/ros2_ws/install/deepmind_bot_gazebo/share/deepmind_bot_gazebo//worlds/simple.world
-- Up-to-date: /home/user/ros2_ws/install/deepmind_bot_gazebo/share/deepmind_bot_gazebo//worlds/room_party.world
-- Up-to-date: /home/user/ros2_ws/install/deepmind_bot_gazebo/share/deepmind_bot_gazebo//worlds/modern_flat.world
-- Up-to-date: /home/user/ros2_ws/install/deepmind_bot_gazebo/share/deepmind_bot_gazebo//worlds/perception1.world
-- Up-to-date: /home/user/ros2_ws/install/deepmind_bot_gazebo/share/deepmind_bot_gazebo//worlds/room.world
-- Up-to-date: /home/user/ros2_ws/install/deepmind_bot_gazebo/share/deepmind_bot_gazebo//worlds/modern_flat_gazebolights.world
-- Up-to-date: /home/user/ros2_ws/install/deepmind_bot_gazebo/share/deepmind_bot_gazebo//worlds/perception2.world
-- Up-to-date: /home/user/ros2_ws/install/deepmind_bot_gazebo/share/deepmind_bot_gazebo//models
-- Up-to-date: /home/user/ros2_ws/install/deepmind_bot_gazebo/share/deepmind_bot_gazebo//models/perception_env2
-- Up-to-date: /home/user/ros2_ws/install/deepmind_bot_gazebo/share/deepmind_bot_gazebo//models/perception_env2/model.sdf
-- Up-to-date: /home/user/ros2_ws/install/deepmind_bot_gazebo/share/deepmind_bot_gazebo//models/perception_env2/meshes
-- Up-to-date: /home/user/ros2_ws/install/deepmind_bot_gazebo/share/deepmind_bot_gazebo//models/perception_env2/meshes/Material__19546_3_baseColor.png
-- Up-to-date: /home/user/ros2_ws/install/deepmind_bot_gazebo/share/deepmind_bot_gazebo//models/perception_env2/meshes/B_Stack06_VB_15_baseColor.jpg
-- Up-to-date: /home/user/ros2_ws/install/deepmind_bot_gazebo/share/deepmind_bot_gazebo//models/perception_env2/meshes/Material__19546_9_baseColor.jpg
-- Up-to-date: /home/user/ros2_ws/install/deepmind_bot_gazebo/share/deepmind_bot_gazebo//models/perception_env2/meshes/B_Stack06_VB_48_baseColor.jpg
-- Up-to-date: /home/user/ros2_ws/install/deepmind_bot_gazebo/share/deepmind_bot_gazebo//models/perception_env2/meshes/B_Stack06_VB_26_baseColor.jpg
-- Up-to-date: /home/user/ros2_ws/install/deepmind_bot_gazebo/share/deepmind_bot_gazebo//models/perception_env2/meshes/B_Stack06_VB_44_baseColor.jpg
-- Up-to-date: /home/user/ros2_ws/install/deepmind_bot_gazebo/share/deepmind_bot_gazebo//models/perception_env2/meshes/B_Stack06_VB_58_baseColor.jpg
-- Up-to-date: /home/user/ros2_ws/install/deepmind_bot_gazebo/share/deepmind_bot_gazebo//models/perception_env2/meshes/B_Stack06_VB_28_baseColor.jpg
-- Up-to-date: /home/user/ros2_ws/install/deepmind_bot_gazebo/share/deepmind_bot_gazebo//models/perception_env2/meshes/Material__19546_6_baseColor.png
-- Up-to-date: /home/user/ros2_ws/install/deepmind_bot_gazebo/share/deepmind_bot_gazebo//models/perception_env2/meshes/Material__19546_1_baseColor.png
-- Up-to-date: /home/user/ros2_ws/install/deepmind_bot_gazebo/share/deepmind_bot_gazebo//models/perception_env2/meshes/Material__19546_5_baseColor.png
-- Up-to-date: /home/user/ros2_ws/install/deepmind_bot_gazebo/share/deepmind_bot_gazebo//models/perception_env2/meshes/B_Stack06_VB_63_baseColor.jpg
-- Up-to-date: /home/user/ros2_ws/install/deepmind_bot_gazebo/share/deepmind_bot_gazebo//models/perception_env2/meshes/B_Stack06_VB_45_baseColor.jpg
-- Up-to-date: /home/user/ros2_ws/install/deepmind_bot_gazebo/share/deepmind_bot_gazebo//models/perception_env2/meshes/B_Stack06_VB_2_baseColor.jpg
-- Up-to-date: /home/user/ros2_ws/install/deepmind_bot_gazebo/share/deepmind_bot_gazebo//models/perception_env2/meshes/B_Stack06_VB_70_baseColor.jpg
-- Up-to-date: /home/user/ros2_ws/install/deepmind_bot_gazebo/share/deepmind_bot_gazebo//models/perception_env2/meshes/B_Stack06_VB_11_baseColor.jpg
-- Up-to-date: /home/user/ros2_ws/install/deepmind_bot_gazebo/share/deepmind_bot_gazebo//models/perception_env2/meshes/B_Stack06_VB_29_baseColor.jpg
-- Up-to-date: /home/user/ros2_ws/install/deepmind_bot_gazebo/share/deepmind_bot_gazebo//models/perception_env2/meshes/COcolasc_baseColor.jpg
-- Up-to-date: /home/user/ros2_ws/install/deepmind_bot_gazebo/share/deepmind_bot_gazebo//models/perception_env2/meshes/B_Stack06_VB_34_baseColor.jpg
-- Up-to-date: /home/user/ros2_ws/install/deepmind_bot_gazebo/share/deepmind_bot_gazebo//models/perception_env2/meshes/B_Stack06_VB_32_baseColor.jpg
-- Up-to-date: /home/user/ros2_ws/install/deepmind_bot_gazebo/share/deepmind_bot_gazebo//models/perception_env2/meshes/711_wps_007456_baseColor.jpg
-- Up-to-date: /home/user/ros2_ws/install/deepmind_bot_gazebo/share/deepmind_bot_gazebo//models/perception_env2/meshes/B_Stack06_VB_8_baseColor.jpg
-- Up-to-date: /home/user/ros2_ws/install/deepmind_bot_gazebo/share/deepmind_bot_gazebo//models/perception_env2/meshes/B_Stack06_VB_19_baseColor.jpg
-- Up-to-date: /home/user/ros2_ws/install/deepmind_bot_gazebo/share/deepmind_bot_gazebo//models/perception_env2/meshes/B_Stack06_VB_6_baseColor.jpg
-- Up-to-date: /home/user/ros2_ws/install/deepmind_bot_gazebo/share/deepmind_bot_gazebo//models/perception_env2/meshes/B_Stack06_VB_16_baseColor.png
-- Up-to-date: /home/user/ros2_ws/install/deepmind_bot_gazebo/share/deepmind_bot_gazebo//models/perception_env2/meshes/B_Stack06_VB_13_baseColor.png
-- Up-to-date: /home/user/ros2_ws/install/deepmind_bot_gazebo/share/deepmind_bot_gazebo//models/perception_env2/meshes/B_Stack06_VB_62_baseColor.jpg
-- Up-to-date: /home/user/ros2_ws/install/deepmind_bot_gazebo/share/deepmind_bot_gazebo//models/perception_env2/meshes/B_Stack06_VB_46_baseColor.jpg
-- Up-to-date: /home/user/ros2_ws/install/deepmind_bot_gazebo/share/deepmind_bot_gazebo//models/perception_env2/meshes/B_Stack06_VB_31_baseColor.png
-- Up-to-date: /home/user/ros2_ws/install/deepmind_bot_gazebo/share/deepmind_bot_gazebo//models/perception_env2/meshes/B_Stack06_VB_54_baseColor.jpg
-- Up-to-date: /home/user/ros2_ws/install/deepmind_bot_gazebo/share/deepmind_bot_gazebo//models/perception_env2/meshes/B_Stack06_VB_24_baseColor.jpg
-- Up-to-date: /home/user/ros2_ws/install/deepmind_bot_gazebo/share/deepmind_bot_gazebo//models/perception_env2/meshes/Material__19546_0_baseColor.png
-- Up-to-date: /home/user/ros2_ws/install/deepmind_bot_gazebo/share/deepmind_bot_gazebo//models/perception_env2/meshes/B_Stack06_VB_14_baseColor.jpg
-- Up-to-date: /home/user/ros2_ws/install/deepmind_bot_gazebo/share/deepmind_bot_gazebo//models/perception_env2/meshes/B_Stack06_VB_69_baseColor.jpg
-- Up-to-date: /home/user/ros2_ws/install/deepmind_bot_gazebo/share/deepmind_bot_gazebo//models/perception_env2/meshes/B_Stack06_VB_1_baseColor.png
-- Up-to-date: /home/user/ros2_ws/install/deepmind_bot_gazebo/share/deepmind_bot_gazebo//models/perception_env2/meshes/B_Stack06_VB_38_baseColor.jpg
-- Up-to-date: /home/user/ros2_ws/install/deepmind_bot_gazebo/share/deepmind_bot_gazebo//models/perception_env2/meshes/B_Stack06_VB_9_baseColor.jpg
-- Up-to-date: /home/user/ros2_ws/install/deepmind_bot_gazebo/share/deepmind_bot_gazebo//models/perception_env2/meshes/B_Stack06_VB_25_baseColor.jpg
-- Up-to-date: /home/user/ros2_ws/install/deepmind_bot_gazebo/share/deepmind_bot_gazebo//models/perception_env2/meshes/B_Stack06_VB_53_baseColor.jpg
-- Up-to-date: /home/user/ros2_ws/install/deepmind_bot_gazebo/share/deepmind_bot_gazebo//models/perception_env2/meshes/B_Stack06_VB_21_baseColor.jpg
-- Up-to-date: /home/user/ros2_ws/install/deepmind_bot_gazebo/share/deepmind_bot_gazebo//models/perception_env2/meshes/B_Stack06_VB_50_baseColor.jpg
-- Up-to-date: /home/user/ros2_ws/install/deepmind_bot_gazebo/share/deepmind_bot_gazebo//models/perception_env2/meshes/Material__19546_11_baseColor.png
-- Up-to-date: /home/user/ros2_ws/install/deepmind_bot_gazebo/share/deepmind_bot_gazebo//models/perception_env2/meshes/sevenelevenstore.dae
-- Up-to-date: /home/user/ros2_ws/install/deepmind_bot_gazebo/share/deepmind_bot_gazebo//models/perception_env2/meshes/Material__19546_10_baseColor.png
-- Up-to-date: /home/user/ros2_ws/install/deepmind_bot_gazebo/share/deepmind_bot_gazebo//models/perception_env2/meshes/B_Stack06_VB_18_baseColor.jpg
-- Up-to-date: /home/user/ros2_ws/install/deepmind_bot_gazebo/share/deepmind_bot_gazebo//models/perception_env2/meshes/Material__404_baseColor.jpg
-- Up-to-date: /home/user/ros2_ws/install/deepmind_bot_gazebo/share/deepmind_bot_gazebo//models/perception_env2/meshes/Material__19546_4_baseColor.png
-- Up-to-date: /home/user/ros2_ws/install/deepmind_bot_gazebo/share/deepmind_bot_gazebo//models/perception_env2/meshes/B_Stack06_VB_23_baseColor.jpg
-- Up-to-date: /home/user/ros2_ws/install/deepmind_bot_gazebo/share/deepmind_bot_gazebo//models/perception_env2/meshes/B_Stack06_VB_41_baseColor.jpg
-- Up-to-date: /home/user/ros2_ws/install/deepmind_bot_gazebo/share/deepmind_bot_gazebo//models/perception_env2/meshes/B_Stack06_VB_51_baseColor.jpg
-- Up-to-date: /home/user/ros2_ws/install/deepmind_bot_gazebo/share/deepmind_bot_gazebo//models/perception_env2/meshes/B_Stack06_VB_55_baseColor.jpg
-- Up-to-date: /home/user/ros2_ws/install/deepmind_bot_gazebo/share/deepmind_bot_gazebo//models/perception_env2/meshes/B_Stack06_VB_baseColor.jpg
-- Up-to-date: /home/user/ros2_ws/install/deepmind_bot_gazebo/share/deepmind_bot_gazebo//models/perception_env2/meshes/B_Stack06_VB_52_baseColor.jpg
-- Up-to-date: /home/user/ros2_ws/install/deepmind_bot_gazebo/share/deepmind_bot_gazebo//models/perception_env2/meshes/B_Stack06_VB_7_baseColor.jpg
-- Up-to-date: /home/user/ros2_ws/install/deepmind_bot_gazebo/share/deepmind_bot_gazebo//models/perception_env2/meshes/711_wps_007456ccv_baseColor.jpg
-- Up-to-date: /home/user/ros2_ws/install/deepmind_bot_gazebo/share/deepmind_bot_gazebo//models/perception_env2/meshes/B_Stack06_VB_61_baseColor.jpg
-- Up-to-date: /home/user/ros2_ws/install/deepmind_bot_gazebo/share/deepmind_bot_gazebo//models/perception_env2/meshes/B_Stack06_VB_27_baseColor.jpg
-- Up-to-date: /home/user/ros2_ws/install/deepmind_bot_gazebo/share/deepmind_bot_gazebo//models/perception_env2/meshes/B_Stack06_VB_20_baseColor.jpg
-- Up-to-date: /home/user/ros2_ws/install/deepmind_bot_gazebo/share/deepmind_bot_gazebo//models/perception_env2/meshes/B_Stack06_VB_42_baseColor.jpg
-- Up-to-date: /home/user/ros2_ws/install/deepmind_bot_gazebo/share/deepmind_bot_gazebo//models/perception_env2/meshes/B_Stack06_VB_56_baseColor.jpg
-- Up-to-date: /home/user/ros2_ws/install/deepmind_bot_gazebo/share/deepmind_bot_gazebo//models/perception_env2/meshes/B_Stack06_VB_35_baseColor.jpg
-- Up-to-date: /home/user/ros2_ws/install/deepmind_bot_gazebo/share/deepmind_bot_gazebo//models/perception_env2/meshes/Material__19546_8_baseColor.png
-- Up-to-date: /home/user/ros2_ws/install/deepmind_bot_gazebo/share/deepmind_bot_gazebo//models/perception_env2/meshes/Material__19546_7_baseColor.png
-- Up-to-date: /home/user/ros2_ws/install/deepmind_bot_gazebo/share/deepmind_bot_gazebo//models/perception_env2/meshes/Material__19546_12_baseColor.jpg
-- Up-to-date: /home/user/ros2_ws/install/deepmind_bot_gazebo/share/deepmind_bot_gazebo//models/perception_env2/meshes/B_Stack06_VB_47_baseColor.jpg
-- Up-to-date: /home/user/ros2_ws/install/deepmind_bot_gazebo/share/deepmind_bot_gazebo//models/perception_env2/meshes/B_Stack06_VB_40_baseColor.jpg
-- Up-to-date: /home/user/ros2_ws/install/deepmind_bot_gazebo/share/deepmind_bot_gazebo//models/perception_env2/meshes/B_Stack06_VB_65_baseColor.jpg
-- Up-to-date: /home/user/ros2_ws/install/deepmind_bot_gazebo/share/deepmind_bot_gazebo//models/perception_env2/meshes/B_Stack06_VB_60_baseColor.jpg
-- Up-to-date: /home/user/ros2_ws/install/deepmind_bot_gazebo/share/deepmind_bot_gazebo//models/perception_env2/meshes/B_Stack06_VB_59_baseColor.jpg
-- Up-to-date: /home/user/ros2_ws/install/deepmind_bot_gazebo/share/deepmind_bot_gazebo//models/perception_env2/meshes/B_Stack06_VB_3_baseColor.jpg
-- Up-to-date: /home/user/ros2_ws/install/deepmind_bot_gazebo/share/deepmind_bot_gazebo//models/perception_env2/meshes/B_Stack06_VB_43_baseColor.jpg
-- Up-to-date: /home/user/ros2_ws/install/deepmind_bot_gazebo/share/deepmind_bot_gazebo//models/perception_env2/meshes/B_Stack06_VB_4_baseColor.jpg
-- Up-to-date: /home/user/ros2_ws/install/deepmind_bot_gazebo/share/deepmind_bot_gazebo//models/perception_env2/meshes/B_Stack06_VB_49_baseColor.jpg
-- Up-to-date: /home/user/ros2_ws/install/deepmind_bot_gazebo/share/deepmind_bot_gazebo//models/perception_env2/meshes/Material__19546_baseColor.png
-- Up-to-date: /home/user/ros2_ws/install/deepmind_bot_gazebo/share/deepmind_bot_gazebo//models/perception_env2/meshes/B_Stack06_VB_67_baseColor.jpg
-- Up-to-date: /home/user/ros2_ws/install/deepmind_bot_gazebo/share/deepmind_bot_gazebo//models/perception_env2/meshes/B_Stack06_VB_12_baseColor.jpg
-- Up-to-date: /home/user/ros2_ws/install/deepmind_bot_gazebo/share/deepmind_bot_gazebo//models/perception_env2/meshes/B_Stack06_VB_36_baseColor.jpg
-- Up-to-date: /home/user/ros2_ws/install/deepmind_bot_gazebo/share/deepmind_bot_gazebo//models/perception_env2/meshes/B_Stack06_VB_37_baseColor.jpg
-- Up-to-date: /home/user/ros2_ws/install/deepmind_bot_gazebo/share/deepmind_bot_gazebo//models/perception_env2/meshes/B_Stack06_VB_68_baseColor.jpg
-- Up-to-date: /home/user/ros2_ws/install/deepmind_bot_gazebo/share/deepmind_bot_gazebo//models/perception_env2/meshes/B_Stack06_VB_66_baseColor.jpg
-- Up-to-date: /home/user/ros2_ws/install/deepmind_bot_gazebo/share/deepmind_bot_gazebo//models/perception_env2/meshes/B_Stack06_VB_0_baseColor.jpg
-- Up-to-date: /home/user/ros2_ws/install/deepmind_bot_gazebo/share/deepmind_bot_gazebo//models/perception_env2/meshes/B_Stack06_VB_30_baseColor.jpg
-- Up-to-date: /home/user/ros2_ws/install/deepmind_bot_gazebo/share/deepmind_bot_gazebo//models/perception_env2/meshes/B_Stack06_VB_71_baseColor.png
-- Up-to-date: /home/user/ros2_ws/install/deepmind_bot_gazebo/share/deepmind_bot_gazebo//models/perception_env2/meshes/B_Stack06_VB_57_baseColor.jpg
-- Up-to-date: /home/user/ros2_ws/install/deepmind_bot_gazebo/share/deepmind_bot_gazebo//models/perception_env2/meshes/B_Stack06_VB_10_baseColor.jpg
-- Up-to-date: /home/user/ros2_ws/install/deepmind_bot_gazebo/share/deepmind_bot_gazebo//models/perception_env2/meshes/B_Stack06_VB_39_baseColor.jpg
-- Up-to-date: /home/user/ros2_ws/install/deepmind_bot_gazebo/share/deepmind_bot_gazebo//models/perception_env2/meshes/B_Stack06_VB_5_baseColor.jpg
-- Up-to-date: /home/user/ros2_ws/install/deepmind_bot_gazebo/share/deepmind_bot_gazebo//models/perception_env2/meshes/Material__19546_2_baseColor.png
-- Up-to-date: /home/user/ros2_ws/install/deepmind_bot_gazebo/share/deepmind_bot_gazebo//models/perception_env2/meshes/Material__368_baseColor.jpg
-- Up-to-date: /home/user/ros2_ws/install/deepmind_bot_gazebo/share/deepmind_bot_gazebo//models/perception_env2/meshes/B_Stack06_VB_33_baseColor.jpg
-- Up-to-date: /home/user/ros2_ws/install/deepmind_bot_gazebo/share/deepmind_bot_gazebo//models/perception_env2/meshes/B_Stack06_VB_17_baseColor.png
-- Up-to-date: /home/user/ros2_ws/install/deepmind_bot_gazebo/share/deepmind_bot_gazebo//models/perception_env2/meshes/B_Stack06_VB_22_baseColor.jpg
-- Up-to-date: /home/user/ros2_ws/install/deepmind_bot_gazebo/share/deepmind_bot_gazebo//models/perception_env2/meshes/B_Stack06_VB_64_baseColor.jpg
-- Up-to-date: /home/user/ros2_ws/install/deepmind_bot_gazebo/share/deepmind_bot_gazebo//models/perception_env2/model.config
-- Up-to-date: /home/user/ros2_ws/install/deepmind_bot_gazebo/share/deepmind_bot_gazebo//models/perception_env1
-- Up-to-date: /home/user/ros2_ws/install/deepmind_bot_gazebo/share/deepmind_bot_gazebo//models/perception_env1/model.sdf
-- Up-to-date: /home/user/ros2_ws/install/deepmind_bot_gazebo/share/deepmind_bot_gazebo//models/perception_env1/meshes
-- Up-to-date: /home/user/ros2_ws/install/deepmind_bot_gazebo/share/deepmind_bot_gazebo//models/perception_env1/meshes/gallery_room.dae
-- Up-to-date: /home/user/ros2_ws/install/deepmind_bot_gazebo/share/deepmind_bot_gazebo//models/perception_env1/meshes/gallery_room_col.stl
-- Up-to-date: /home/user/ros2_ws/install/deepmind_bot_gazebo/share/deepmind_bot_gazebo//models/perception_env1/meshes/Material_baseColor.jpg
-- Up-to-date: /home/user/ros2_ws/install/deepmind_bot_gazebo/share/deepmind_bot_gazebo//models/perception_env1/model.config
-- Up-to-date: /home/user/ros2_ws/install/deepmind_bot_gazebo/share/deepmind_bot_gazebo//models/person3
-- Up-to-date: /home/user/ros2_ws/install/deepmind_bot_gazebo/share/deepmind_bot_gazebo//models/person3/model.sdf
-- Up-to-date: /home/user/ros2_ws/install/deepmind_bot_gazebo/share/deepmind_bot_gazebo//models/person3/meshes
-- Up-to-date: /home/user/ros2_ws/install/deepmind_bot_gazebo/share/deepmind_bot_gazebo//models/person3/meshes/person3.dae
-- Up-to-date: /home/user/ros2_ws/install/deepmind_bot_gazebo/share/deepmind_bot_gazebo//models/person3/meshes/091_W_Aya_2K_01_baseColor.jpeg
-- Up-to-date: /home/user/ros2_ws/install/deepmind_bot_gazebo/share/deepmind_bot_gazebo//models/person3/model.config
-- Up-to-date: /home/user/ros2_ws/install/deepmind_bot_gazebo/share/deepmind_bot_gazebo//models/painting_vangoh
-- Up-to-date: /home/user/ros2_ws/install/deepmind_bot_gazebo/share/deepmind_bot_gazebo//models/painting_vangoh/model.sdf
-- Up-to-date: /home/user/ros2_ws/install/deepmind_bot_gazebo/share/deepmind_bot_gazebo//models/painting_vangoh/meshes
-- Up-to-date: /home/user/ros2_ws/install/deepmind_bot_gazebo/share/deepmind_bot_gazebo//models/painting_vangoh/meshes/lambert1_baseColor.jpg
-- Up-to-date: /home/user/ros2_ws/install/deepmind_bot_gazebo/share/deepmind_bot_gazebo//models/painting_vangoh/meshes/Vincent_Willem_van_Gogh.jpg
-- Up-to-date: /home/user/ros2_ws/install/deepmind_bot_gazebo/share/deepmind_bot_gazebo//models/painting_vangoh/meshes/vangoh.dae
-- Up-to-date: /home/user/ros2_ws/install/deepmind_bot_gazebo/share/deepmind_bot_gazebo//models/painting_vangoh/model.config
-- Up-to-date: /home/user/ros2_ws/install/deepmind_bot_gazebo/share/deepmind_bot_gazebo//models/person1
-- Up-to-date: /home/user/ros2_ws/install/deepmind_bot_gazebo/share/deepmind_bot_gazebo//models/person1/model.sdf
-- Up-to-date: /home/user/ros2_ws/install/deepmind_bot_gazebo/share/deepmind_bot_gazebo//models/person1/meshes
-- Up-to-date: /home/user/ros2_ws/install/deepmind_bot_gazebo/share/deepmind_bot_gazebo//models/person1/meshes/person1.dae
-- Up-to-date: /home/user/ros2_ws/install/deepmind_bot_gazebo/share/deepmind_bot_gazebo//models/person1/meshes/material_0_baseColor.jpeg
-- Up-to-date: /home/user/ros2_ws/install/deepmind_bot_gazebo/share/deepmind_bot_gazebo//models/person1/model.config
-- Up-to-date: /home/user/ros2_ws/install/deepmind_bot_gazebo/share/deepmind_bot_gazebo//models/painting_monalisa
-- Up-to-date: /home/user/ros2_ws/install/deepmind_bot_gazebo/share/deepmind_bot_gazebo//models/painting_monalisa/model.sdf
-- Up-to-date: /home/user/ros2_ws/install/deepmind_bot_gazebo/share/deepmind_bot_gazebo//models/painting_monalisa/meshes
-- Up-to-date: /home/user/ros2_ws/install/deepmind_bot_gazebo/share/deepmind_bot_gazebo//models/painting_monalisa/meshes/monalisa.dae
-- Up-to-date: /home/user/ros2_ws/install/deepmind_bot_gazebo/share/deepmind_bot_gazebo//models/painting_monalisa/meshes/lambert1_baseColor.jpg
-- Up-to-date: /home/user/ros2_ws/install/deepmind_bot_gazebo/share/deepmind_bot_gazebo//models/painting_monalisa/meshes/Leonardo_da_Vinci_Mona_Lisa.jpg
-- Up-to-date: /home/user/ros2_ws/install/deepmind_bot_gazebo/share/deepmind_bot_gazebo//models/painting_monalisa/model.config
-- Up-to-date: /home/user/ros2_ws/install/deepmind_bot_gazebo/share/deepmind_bot_gazebo//models/perception_floor1
-- Up-to-date: /home/user/ros2_ws/install/deepmind_bot_gazebo/share/deepmind_bot_gazebo//models/perception_floor1/model.sdf
-- Up-to-date: /home/user/ros2_ws/install/deepmind_bot_gazebo/share/deepmind_bot_gazebo//models/perception_floor1/meshes
-- Up-to-date: /home/user/ros2_ws/install/deepmind_bot_gazebo/share/deepmind_bot_gazebo//models/perception_floor1/meshes/PerceptionFloorTexture.png
-- Up-to-date: /home/user/ros2_ws/install/deepmind_bot_gazebo/share/deepmind_bot_gazebo//models/perception_floor1/meshes/perception_floor.dae
-- Up-to-date: /home/user/ros2_ws/install/deepmind_bot_gazebo/share/deepmind_bot_gazebo//models/perception_floor1/meshes/PerceptionFloorTexture-export.png
-- Up-to-date: /home/user/ros2_ws/install/deepmind_bot_gazebo/share/deepmind_bot_gazebo//models/perception_floor1/model.config
-- Up-to-date: /home/user/ros2_ws/install/deepmind_bot_gazebo/share/deepmind_bot_gazebo//models/ground_plane_invisible
-- Up-to-date: /home/user/ros2_ws/install/deepmind_bot_gazebo/share/deepmind_bot_gazebo//models/ground_plane_invisible/model-1_2.sdf
-- Up-to-date: /home/user/ros2_ws/install/deepmind_bot_gazebo/share/deepmind_bot_gazebo//models/ground_plane_invisible/model-1_3.sdf
-- Up-to-date: /home/user/ros2_ws/install/deepmind_bot_gazebo/share/deepmind_bot_gazebo//models/ground_plane_invisible/model.sdf
-- Up-to-date: /home/user/ros2_ws/install/deepmind_bot_gazebo/share/deepmind_bot_gazebo//models/ground_plane_invisible/model-1_4.sdf
-- Up-to-date: /home/user/ros2_ws/install/deepmind_bot_gazebo/share/deepmind_bot_gazebo//models/ground_plane_invisible/model.config
-- Up-to-date: /home/user/ros2_ws/install/deepmind_bot_gazebo/share/ament_index/resource_index/package_run_dependencies/deepmind_bot_gazebo
-- Up-to-date: /home/user/ros2_ws/install/deepmind_bot_gazebo/share/ament_index/resource_index/parent_prefix_path/deepmind_bot_gazebo
-- Up-to-date: /home/user/ros2_ws/install/deepmind_bot_gazebo/share/deepmind_bot_gazebo/environment/ament_prefix_path.sh
-- Up-to-date: /home/user/ros2_ws/install/deepmind_bot_gazebo/share/deepmind_bot_gazebo/environment/ament_prefix_path.dsv
-- Up-to-date: /home/user/ros2_ws/install/deepmind_bot_gazebo/share/deepmind_bot_gazebo/environment/path.sh
-- Up-to-date: /home/user/ros2_ws/install/deepmind_bot_gazebo/share/deepmind_bot_gazebo/environment/path.dsv
-- Up-to-date: /home/user/ros2_ws/install/deepmind_bot_gazebo/share/deepmind_bot_gazebo/local_setup.bash
-- Up-to-date: /home/user/ros2_ws/install/deepmind_bot_gazebo/share/deepmind_bot_gazebo/local_setup.sh
-- Up-to-date: /home/user/ros2_ws/install/deepmind_bot_gazebo/share/deepmind_bot_gazebo/local_setup.zsh
-- Up-to-date: /home/user/ros2_ws/install/deepmind_bot_gazebo/share/deepmind_bot_gazebo/local_setup.dsv
-- Installing: /home/user/ros2_ws/install/deepmind_bot_gazebo/share/deepmind_bot_gazebo/package.dsv
-- Up-to-date: /home/user/ros2_ws/install/deepmind_bot_gazebo/share/ament_index/resource_index/packages/deepmind_bot_gazebo
-- Up-to-date: /home/user/ros2_ws/install/deepmind_bot_gazebo/share/deepmind_bot_gazebo/cmake/deepmind_bot_gazeboConfig.cmake
-- Up-to-date: /home/user/ros2_ws/install/deepmind_bot_gazebo/share/deepmind_bot_gazebo/cmake/deepmind_bot_gazeboConfig-version.cmake
-- Up-to-date: /home/user/ros2_ws/install/deepmind_bot_gazebo/share/deepmind_bot_gazebo/package.xml
