[0.052s] Invoking command in '/home/user/ros2_ws/build/deepmind_bot_gazebo': CMAKE_PREFIX_PATH=${CMAKE_PREFIX_PATH}:/home/simulations/ros2_sims_ws/install/rclrs_tests:/home/simulations/ros2_sims_ws/install/examples_rclrs_minimal_client_service:/home/simulations/ros2_sims_ws/install/sensor_msgs_py:/home/simulations/ros2_sims_ws/install/examples_rclrs_minimal_pub_sub:/home/simulations/ros2_sims_ws/install/examples_rclrs_message_demo:/home/simulations/ros2_sims_ws/install/rclrs:/home/simulations/ros2_sims_ws/install/rosidl_runtime_rs:/home/user/ros2_ws/install/advanced_perception:/opt/ros/humble _=/usr/bin/env /usr/bin/cmake --build /home/user/ros2_ws/build/deepmind_bot_gazebo -- -j8 -l8
[0.175s] Invoked command in '/home/user/ros2_ws/build/deepmind_bot_gazebo' returned '0': CMAKE_PREFIX_PATH=${CMAKE_PREFIX_PATH}:/home/simulations/ros2_sims_ws/install/rclrs_tests:/home/simulations/ros2_sims_ws/install/examples_rclrs_minimal_client_service:/home/simulations/ros2_sims_ws/install/sensor_msgs_py:/home/simulations/ros2_sims_ws/install/examples_rclrs_minimal_pub_sub:/home/simulations/ros2_sims_ws/install/examples_rclrs_message_demo:/home/simulations/ros2_sims_ws/install/rclrs:/home/simulations/ros2_sims_ws/install/rosidl_runtime_rs:/home/user/ros2_ws/install/advanced_perception:/opt/ros/humble _=/usr/bin/env /usr/bin/cmake --build /home/user/ros2_ws/build/deepmind_bot_gazebo -- -j8 -l8
[0.360s] Invoking command in '/home/user/ros2_ws/build/deepmind_bot_gazebo': CMAKE_PREFIX_PATH=${CMAKE_PREFIX_PATH}:/home/simulations/ros2_sims_ws/install/rclrs_tests:/home/simulations/ros2_sims_ws/install/examples_rclrs_minimal_client_service:/home/simulations/ros2_sims_ws/install/sensor_msgs_py:/home/simulations/ros2_sims_ws/install/examples_rclrs_minimal_pub_sub:/home/simulations/ros2_sims_ws/install/examples_rclrs_message_demo:/home/simulations/ros2_sims_ws/install/rclrs:/home/simulations/ros2_sims_ws/install/rosidl_runtime_rs:/home/user/ros2_ws/install/advanced_perception:/opt/ros/humble _=/usr/bin/env /usr/bin/cmake --install /home/user/ros2_ws/build/deepmind_bot_gazebo
[0.388s] -- Install configuration: ""
[0.389s] -- Up-to-date: /home/user/ros2_ws/install/deepmind_bot_gazebo/share/deepmind_bot_gazebo//launch
[0.390s] -- Up-to-date: /home/user/ros2_ws/install/deepmind_bot_gazebo/share/deepmind_bot_gazebo//launch/main_perception1.launch.xml
[0.397s] -- Up-to-date: /home/user/ros2_ws/install/deepmind_bot_gazebo/share/deepmind_bot_gazebo//launch/start_world_party.launch.py
[0.397s] -- Up-to-date: /home/user/ros2_ws/install/deepmind_bot_gazebo/share/deepmind_bot_gazebo//launch/main_modern_flat.launch.xml
[0.397s] -- Up-to-date: /home/user/ros2_ws/install/deepmind_bot_gazebo/share/deepmind_bot_gazebo//launch/main_party.launch.xml
[0.397s] -- Up-to-date: /home/user/ros2_ws/install/deepmind_bot_gazebo/share/deepmind_bot_gazebo//launch/main_simple.launch.xml
[0.398s] -- Up-to-date: /home/user/ros2_ws/install/deepmind_bot_gazebo/share/deepmind_bot_gazebo//launch/main_arm.launch.xml
[0.398s] -- Up-to-date: /home/user/ros2_ws/install/deepmind_bot_gazebo/share/deepmind_bot_gazebo//launch/main_perception2.launch.xml
[0.399s] -- Up-to-date: /home/user/ros2_ws/install/deepmind_bot_gazebo/share/deepmind_bot_gazebo//launch/static_odom_to_world.launch.py
[0.399s] -- Up-to-date: /home/user/ros2_ws/install/deepmind_bot_gazebo/share/deepmind_bot_gazebo//launch/main.launch.xml
[0.399s] -- Up-to-date: /home/user/ros2_ws/install/deepmind_bot_gazebo/share/deepmind_bot_gazebo//launch/start_world_v2.launch.py
[0.400s] -- Up-to-date: /home/user/ros2_ws/install/deepmind_bot_gazebo/share/deepmind_bot_gazebo//launch/start_world_modern_flat.launch.py
[0.400s] -- Up-to-date: /home/user/ros2_ws/install/deepmind_bot_gazebo/share/deepmind_bot_gazebo//launch/spawn_in_gazebo.launch.py
[0.400s] -- Up-to-date: /home/user/ros2_ws/install/deepmind_bot_gazebo/share/deepmind_bot_gazebo//launch/spawn.launch.xml
[0.400s] -- Up-to-date: /home/user/ros2_ws/install/deepmind_bot_gazebo/share/deepmind_bot_gazebo//launch/start_world.launch.py
[0.401s] -- Up-to-date: /home/user/ros2_ws/install/deepmind_bot_gazebo/share/deepmind_bot_gazebo//worlds
[0.401s] -- Up-to-date: /home/user/ros2_ws/install/deepmind_bot_gazebo/share/deepmind_bot_gazebo//worlds/simple.world
[0.401s] -- Up-to-date: /home/user/ros2_ws/install/deepmind_bot_gazebo/share/deepmind_bot_gazebo//worlds/room_party.world
[0.401s] -- Up-to-date: /home/user/ros2_ws/install/deepmind_bot_gazebo/share/deepmind_bot_gazebo//worlds/modern_flat.world
[0.401s] -- Up-to-date: /home/user/ros2_ws/install/deepmind_bot_gazebo/share/deepmind_bot_gazebo//worlds/perception1.world
[0.401s] -- Up-to-date: /home/user/ros2_ws/install/deepmind_bot_gazebo/share/deepmind_bot_gazebo//worlds/room.world
[0.401s] -- Up-to-date: /home/user/ros2_ws/install/deepmind_bot_gazebo/share/deepmind_bot_gazebo//worlds/modern_flat_gazebolights.world
[0.402s] -- Up-to-date: /home/user/ros2_ws/install/deepmind_bot_gazebo/share/deepmind_bot_gazebo//worlds/perception2.world
[0.402s] -- Up-to-date: /home/user/ros2_ws/install/deepmind_bot_gazebo/share/deepmind_bot_gazebo//models
[0.402s] -- Up-to-date: /home/user/ros2_ws/install/deepmind_bot_gazebo/share/deepmind_bot_gazebo//models/perception_env2
[0.403s] -- Up-to-date: /home/user/ros2_ws/install/deepmind_bot_gazebo/share/deepmind_bot_gazebo//models/perception_env2/model.sdf
[0.403s] -- Up-to-date: /home/user/ros2_ws/install/deepmind_bot_gazebo/share/deepmind_bot_gazebo//models/perception_env2/meshes
[0.404s] -- Up-to-date: /home/user/ros2_ws/install/deepmind_bot_gazebo/share/deepmind_bot_gazebo//models/perception_env2/meshes/Material__19546_3_baseColor.png
[0.404s] -- Up-to-date: /home/user/ros2_ws/install/deepmind_bot_gazebo/share/deepmind_bot_gazebo//models/perception_env2/meshes/B_Stack06_VB_15_baseColor.jpg
[0.404s] -- Up-to-date: /home/user/ros2_ws/install/deepmind_bot_gazebo/share/deepmind_bot_gazebo//models/perception_env2/meshes/Material__19546_9_baseColor.jpg
[0.404s] -- Up-to-date: /home/user/ros2_ws/install/deepmind_bot_gazebo/share/deepmind_bot_gazebo//models/perception_env2/meshes/B_Stack06_VB_48_baseColor.jpg
[0.405s] -- Up-to-date: /home/user/ros2_ws/install/deepmind_bot_gazebo/share/deepmind_bot_gazebo//models/perception_env2/meshes/B_Stack06_VB_26_baseColor.jpg
[0.405s] -- Up-to-date: /home/user/ros2_ws/install/deepmind_bot_gazebo/share/deepmind_bot_gazebo//models/perception_env2/meshes/B_Stack06_VB_44_baseColor.jpg
[0.451s] -- Up-to-date: /home/user/ros2_ws/install/deepmind_bot_gazebo/share/deepmind_bot_gazebo//models/perception_env2/meshes/B_Stack06_VB_58_baseColor.jpg
[0.453s] -- Up-to-date: /home/user/ros2_ws/install/deepmind_bot_gazebo/share/deepmind_bot_gazebo//models/perception_env2/meshes/B_Stack06_VB_28_baseColor.jpg
[0.453s] -- Up-to-date: /home/user/ros2_ws/install/deepmind_bot_gazebo/share/deepmind_bot_gazebo//models/perception_env2/meshes/Material__19546_6_baseColor.png
[0.453s] -- Up-to-date: /home/user/ros2_ws/install/deepmind_bot_gazebo/share/deepmind_bot_gazebo//models/perception_env2/meshes/Material__19546_1_baseColor.png
[0.453s] -- Up-to-date: /home/user/ros2_ws/install/deepmind_bot_gazebo/share/deepmind_bot_gazebo//models/perception_env2/meshes/Material__19546_5_baseColor.png
[0.454s] -- Up-to-date: /home/user/ros2_ws/install/deepmind_bot_gazebo/share/deepmind_bot_gazebo//models/perception_env2/meshes/B_Stack06_VB_63_baseColor.jpg
[0.454s] -- Up-to-date: /home/user/ros2_ws/install/deepmind_bot_gazebo/share/deepmind_bot_gazebo//models/perception_env2/meshes/B_Stack06_VB_45_baseColor.jpg
[0.454s] -- Up-to-date: /home/user/ros2_ws/install/deepmind_bot_gazebo/share/deepmind_bot_gazebo//models/perception_env2/meshes/B_Stack06_VB_2_baseColor.jpg
[0.454s] -- Up-to-date: /home/user/ros2_ws/install/deepmind_bot_gazebo/share/deepmind_bot_gazebo//models/perception_env2/meshes/B_Stack06_VB_70_baseColor.jpg
[0.454s] -- Up-to-date: /home/user/ros2_ws/install/deepmind_bot_gazebo/share/deepmind_bot_gazebo//models/perception_env2/meshes/B_Stack06_VB_11_baseColor.jpg
[0.454s] -- Up-to-date: /home/user/ros2_ws/install/deepmind_bot_gazebo/share/deepmind_bot_gazebo//models/perception_env2/meshes/B_Stack06_VB_29_baseColor.jpg
[0.454s] -- Up-to-date: /home/user/ros2_ws/install/deepmind_bot_gazebo/share/deepmind_bot_gazebo//models/perception_env2/meshes/COcolasc_baseColor.jpg
[0.454s] -- Up-to-date: /home/user/ros2_ws/install/deepmind_bot_gazebo/share/deepmind_bot_gazebo//models/perception_env2/meshes/B_Stack06_VB_34_baseColor.jpg
[0.455s] -- Up-to-date: /home/user/ros2_ws/install/deepmind_bot_gazebo/share/deepmind_bot_gazebo//models/perception_env2/meshes/B_Stack06_VB_32_baseColor.jpg
[0.455s] -- Up-to-date: /home/user/ros2_ws/install/deepmind_bot_gazebo/share/deepmind_bot_gazebo//models/perception_env2/meshes/711_wps_007456_baseColor.jpg
[0.455s] -- Up-to-date: /home/user/ros2_ws/install/deepmind_bot_gazebo/share/deepmind_bot_gazebo//models/perception_env2/meshes/B_Stack06_VB_8_baseColor.jpg
[0.455s] -- Up-to-date: /home/user/ros2_ws/install/deepmind_bot_gazebo/share/deepmind_bot_gazebo//models/perception_env2/meshes/B_Stack06_VB_19_baseColor.jpg
[0.455s] -- Up-to-date: /home/user/ros2_ws/install/deepmind_bot_gazebo/share/deepmind_bot_gazebo//models/perception_env2/meshes/B_Stack06_VB_6_baseColor.jpg
[0.455s] -- Up-to-date: /home/user/ros2_ws/install/deepmind_bot_gazebo/share/deepmind_bot_gazebo//models/perception_env2/meshes/B_Stack06_VB_16_baseColor.png
[0.455s] -- Up-to-date: /home/user/ros2_ws/install/deepmind_bot_gazebo/share/deepmind_bot_gazebo//models/perception_env2/meshes/B_Stack06_VB_13_baseColor.png
[0.455s] -- Up-to-date: /home/user/ros2_ws/install/deepmind_bot_gazebo/share/deepmind_bot_gazebo//models/perception_env2/meshes/B_Stack06_VB_62_baseColor.jpg
[0.456s] -- Up-to-date: /home/user/ros2_ws/install/deepmind_bot_gazebo/share/deepmind_bot_gazebo//models/perception_env2/meshes/B_Stack06_VB_46_baseColor.jpg
[0.456s] -- Up-to-date: /home/user/ros2_ws/install/deepmind_bot_gazebo/share/deepmind_bot_gazebo//models/perception_env2/meshes/B_Stack06_VB_31_baseColor.png
[0.456s] -- Up-to-date: /home/user/ros2_ws/install/deepmind_bot_gazebo/share/deepmind_bot_gazebo//models/perception_env2/meshes/B_Stack06_VB_54_baseColor.jpg
[0.456s] -- Up-to-date: /home/user/ros2_ws/install/deepmind_bot_gazebo/share/deepmind_bot_gazebo//models/perception_env2/meshes/B_Stack06_VB_24_baseColor.jpg
[0.456s] -- Up-to-date: /home/user/ros2_ws/install/deepmind_bot_gazebo/share/deepmind_bot_gazebo//models/perception_env2/meshes/Material__19546_0_baseColor.png
[0.456s] -- Up-to-date: /home/user/ros2_ws/install/deepmind_bot_gazebo/share/deepmind_bot_gazebo//models/perception_env2/meshes/B_Stack06_VB_14_baseColor.jpg
[0.456s] -- Up-to-date: /home/user/ros2_ws/install/deepmind_bot_gazebo/share/deepmind_bot_gazebo//models/perception_env2/meshes/B_Stack06_VB_69_baseColor.jpg
[0.456s] -- Up-to-date: /home/user/ros2_ws/install/deepmind_bot_gazebo/share/deepmind_bot_gazebo//models/perception_env2/meshes/B_Stack06_VB_1_baseColor.png
[0.456s] -- Up-to-date: /home/user/ros2_ws/install/deepmind_bot_gazebo/share/deepmind_bot_gazebo//models/perception_env2/meshes/B_Stack06_VB_38_baseColor.jpg
[0.457s] -- Up-to-date: /home/user/ros2_ws/install/deepmind_bot_gazebo/share/deepmind_bot_gazebo//models/perception_env2/meshes/B_Stack06_VB_9_baseColor.jpg
[0.457s] -- Up-to-date: /home/user/ros2_ws/install/deepmind_bot_gazebo/share/deepmind_bot_gazebo//models/perception_env2/meshes/B_Stack06_VB_25_baseColor.jpg
[0.457s] -- Up-to-date: /home/user/ros2_ws/install/deepmind_bot_gazebo/share/deepmind_bot_gazebo//models/perception_env2/meshes/B_Stack06_VB_53_baseColor.jpg
[0.457s] -- Up-to-date: /home/user/ros2_ws/install/deepmind_bot_gazebo/share/deepmind_bot_gazebo//models/perception_env2/meshes/B_Stack06_VB_21_baseColor.jpg
[0.457s] -- Up-to-date: /home/user/ros2_ws/install/deepmind_bot_gazebo/share/deepmind_bot_gazebo//models/perception_env2/meshes/B_Stack06_VB_50_baseColor.jpg
[0.457s] -- Up-to-date: /home/user/ros2_ws/install/deepmind_bot_gazebo/share/deepmind_bot_gazebo//models/perception_env2/meshes/Material__19546_11_baseColor.png
[0.457s] -- Up-to-date: /home/user/ros2_ws/install/deepmind_bot_gazebo/share/deepmind_bot_gazebo//models/perception_env2/meshes/sevenelevenstore.dae
[0.457s] -- Up-to-date: /home/user/ros2_ws/install/deepmind_bot_gazebo/share/deepmind_bot_gazebo//models/perception_env2/meshes/Material__19546_10_baseColor.png
[0.458s] -- Up-to-date: /home/user/ros2_ws/install/deepmind_bot_gazebo/share/deepmind_bot_gazebo//models/perception_env2/meshes/B_Stack06_VB_18_baseColor.jpg
[0.458s] -- Up-to-date: /home/user/ros2_ws/install/deepmind_bot_gazebo/share/deepmind_bot_gazebo//models/perception_env2/meshes/Material__404_baseColor.jpg
[0.458s] -- Up-to-date: /home/user/ros2_ws/install/deepmind_bot_gazebo/share/deepmind_bot_gazebo//models/perception_env2/meshes/Material__19546_4_baseColor.png
[0.458s] -- Up-to-date: /home/user/ros2_ws/install/deepmind_bot_gazebo/share/deepmind_bot_gazebo//models/perception_env2/meshes/B_Stack06_VB_23_baseColor.jpg
[0.458s] -- Up-to-date: /home/user/ros2_ws/install/deepmind_bot_gazebo/share/deepmind_bot_gazebo//models/perception_env2/meshes/B_Stack06_VB_41_baseColor.jpg
[0.458s] -- Up-to-date: /home/user/ros2_ws/install/deepmind_bot_gazebo/share/deepmind_bot_gazebo//models/perception_env2/meshes/B_Stack06_VB_51_baseColor.jpg
[0.458s] -- Up-to-date: /home/user/ros2_ws/install/deepmind_bot_gazebo/share/deepmind_bot_gazebo//models/perception_env2/meshes/B_Stack06_VB_55_baseColor.jpg
[0.458s] -- Up-to-date: /home/user/ros2_ws/install/deepmind_bot_gazebo/share/deepmind_bot_gazebo//models/perception_env2/meshes/B_Stack06_VB_baseColor.jpg
[0.458s] -- Up-to-date: /home/user/ros2_ws/install/deepmind_bot_gazebo/share/deepmind_bot_gazebo//models/perception_env2/meshes/B_Stack06_VB_52_baseColor.jpg
[0.458s] -- Up-to-date: /home/user/ros2_ws/install/deepmind_bot_gazebo/share/deepmind_bot_gazebo//models/perception_env2/meshes/B_Stack06_VB_7_baseColor.jpg
[0.458s] -- Up-to-date: /home/user/ros2_ws/install/deepmind_bot_gazebo/share/deepmind_bot_gazebo//models/perception_env2/meshes/711_wps_007456ccv_baseColor.jpg
[0.459s] -- Up-to-date: /home/user/ros2_ws/install/deepmind_bot_gazebo/share/deepmind_bot_gazebo//models/perception_env2/meshes/B_Stack06_VB_61_baseColor.jpg
[0.459s] -- Up-to-date: /home/user/ros2_ws/install/deepmind_bot_gazebo/share/deepmind_bot_gazebo//models/perception_env2/meshes/B_Stack06_VB_27_baseColor.jpg
[0.459s] -- Up-to-date: /home/user/ros2_ws/install/deepmind_bot_gazebo/share/deepmind_bot_gazebo//models/perception_env2/meshes/B_Stack06_VB_20_baseColor.jpg
[0.459s] -- Up-to-date: /home/user/ros2_ws/install/deepmind_bot_gazebo/share/deepmind_bot_gazebo//models/perception_env2/meshes/B_Stack06_VB_42_baseColor.jpg
[0.459s] -- Up-to-date: /home/user/ros2_ws/install/deepmind_bot_gazebo/share/deepmind_bot_gazebo//models/perception_env2/meshes/B_Stack06_VB_56_baseColor.jpg
[0.459s] -- Up-to-date: /home/user/ros2_ws/install/deepmind_bot_gazebo/share/deepmind_bot_gazebo//models/perception_env2/meshes/B_Stack06_VB_35_baseColor.jpg
[0.459s] -- Up-to-date: /home/user/ros2_ws/install/deepmind_bot_gazebo/share/deepmind_bot_gazebo//models/perception_env2/meshes/Material__19546_8_baseColor.png
[0.459s] -- Up-to-date: /home/user/ros2_ws/install/deepmind_bot_gazebo/share/deepmind_bot_gazebo//models/perception_env2/meshes/Material__19546_7_baseColor.png
[0.459s] -- Up-to-date: /home/user/ros2_ws/install/deepmind_bot_gazebo/share/deepmind_bot_gazebo//models/perception_env2/meshes/Material__19546_12_baseColor.jpg
[0.459s] -- Up-to-date: /home/user/ros2_ws/install/deepmind_bot_gazebo/share/deepmind_bot_gazebo//models/perception_env2/meshes/B_Stack06_VB_47_baseColor.jpg
[0.459s] -- Up-to-date: /home/user/ros2_ws/install/deepmind_bot_gazebo/share/deepmind_bot_gazebo//models/perception_env2/meshes/B_Stack06_VB_40_baseColor.jpg
[0.459s] -- Up-to-date: /home/user/ros2_ws/install/deepmind_bot_gazebo/share/deepmind_bot_gazebo//models/perception_env2/meshes/B_Stack06_VB_65_baseColor.jpg
[0.460s] -- Up-to-date: /home/user/ros2_ws/install/deepmind_bot_gazebo/share/deepmind_bot_gazebo//models/perception_env2/meshes/B_Stack06_VB_60_baseColor.jpg
[0.460s] -- Up-to-date: /home/user/ros2_ws/install/deepmind_bot_gazebo/share/deepmind_bot_gazebo//models/perception_env2/meshes/B_Stack06_VB_59_baseColor.jpg
[0.460s] -- Up-to-date: /home/user/ros2_ws/install/deepmind_bot_gazebo/share/deepmind_bot_gazebo//models/perception_env2/meshes/B_Stack06_VB_3_baseColor.jpg
[0.460s] -- Up-to-date: /home/user/ros2_ws/install/deepmind_bot_gazebo/share/deepmind_bot_gazebo//models/perception_env2/meshes/B_Stack06_VB_43_baseColor.jpg
[0.460s] -- Up-to-date: /home/user/ros2_ws/install/deepmind_bot_gazebo/share/deepmind_bot_gazebo//models/perception_env2/meshes/B_Stack06_VB_4_baseColor.jpg
[0.460s] -- Up-to-date: /home/user/ros2_ws/install/deepmind_bot_gazebo/share/deepmind_bot_gazebo//models/perception_env2/meshes/B_Stack06_VB_49_baseColor.jpg
[0.460s] -- Up-to-date: /home/user/ros2_ws/install/deepmind_bot_gazebo/share/deepmind_bot_gazebo//models/perception_env2/meshes/Material__19546_baseColor.png
[0.463s] -- Up-to-date: /home/user/ros2_ws/install/deepmind_bot_gazebo/share/deepmind_bot_gazebo//models/perception_env2/meshes/B_Stack06_VB_67_baseColor.jpg
[0.465s] -- Up-to-date: /home/user/ros2_ws/install/deepmind_bot_gazebo/share/deepmind_bot_gazebo//models/perception_env2/meshes/B_Stack06_VB_12_baseColor.jpg
[0.472s] -- Up-to-date: /home/user/ros2_ws/install/deepmind_bot_gazebo/share/deepmind_bot_gazebo//models/perception_env2/meshes/B_Stack06_VB_36_baseColor.jpg
[0.472s] -- Up-to-date: /home/user/ros2_ws/install/deepmind_bot_gazebo/share/deepmind_bot_gazebo//models/perception_env2/meshes/B_Stack06_VB_37_baseColor.jpg
[0.472s] -- Up-to-date: /home/user/ros2_ws/install/deepmind_bot_gazebo/share/deepmind_bot_gazebo//models/perception_env2/meshes/B_Stack06_VB_68_baseColor.jpg
[0.473s] -- Up-to-date: /home/user/ros2_ws/install/deepmind_bot_gazebo/share/deepmind_bot_gazebo//models/perception_env2/meshes/B_Stack06_VB_66_baseColor.jpg
[0.474s] -- Up-to-date: /home/user/ros2_ws/install/deepmind_bot_gazebo/share/deepmind_bot_gazebo//models/perception_env2/meshes/B_Stack06_VB_0_baseColor.jpg
[0.474s] -- Up-to-date: /home/user/ros2_ws/install/deepmind_bot_gazebo/share/deepmind_bot_gazebo//models/perception_env2/meshes/B_Stack06_VB_30_baseColor.jpg
[0.474s] -- Up-to-date: /home/user/ros2_ws/install/deepmind_bot_gazebo/share/deepmind_bot_gazebo//models/perception_env2/meshes/B_Stack06_VB_71_baseColor.png
[0.474s] -- Up-to-date: /home/user/ros2_ws/install/deepmind_bot_gazebo/share/deepmind_bot_gazebo//models/perception_env2/meshes/B_Stack06_VB_57_baseColor.jpg
[0.474s] -- Up-to-date: /home/user/ros2_ws/install/deepmind_bot_gazebo/share/deepmind_bot_gazebo//models/perception_env2/meshes/B_Stack06_VB_10_baseColor.jpg
[0.474s] -- Up-to-date: /home/user/ros2_ws/install/deepmind_bot_gazebo/share/deepmind_bot_gazebo//models/perception_env2/meshes/B_Stack06_VB_39_baseColor.jpg
[0.474s] -- Up-to-date: /home/user/ros2_ws/install/deepmind_bot_gazebo/share/deepmind_bot_gazebo//models/perception_env2/meshes/B_Stack06_VB_5_baseColor.jpg
[0.474s] -- Up-to-date: /home/user/ros2_ws/install/deepmind_bot_gazebo/share/deepmind_bot_gazebo//models/perception_env2/meshes/Material__19546_2_baseColor.png
[0.474s] -- Up-to-date: /home/user/ros2_ws/install/deepmind_bot_gazebo/share/deepmind_bot_gazebo//models/perception_env2/meshes/Material__368_baseColor.jpg
[0.474s] -- Up-to-date: /home/user/ros2_ws/install/deepmind_bot_gazebo/share/deepmind_bot_gazebo//models/perception_env2/meshes/B_Stack06_VB_33_baseColor.jpg
[0.475s] -- Up-to-date: /home/user/ros2_ws/install/deepmind_bot_gazebo/share/deepmind_bot_gazebo//models/perception_env2/meshes/B_Stack06_VB_17_baseColor.png
[0.475s] -- Up-to-date: /home/user/ros2_ws/install/deepmind_bot_gazebo/share/deepmind_bot_gazebo//models/perception_env2/meshes/B_Stack06_VB_22_baseColor.jpg
[0.475s] -- Up-to-date: /home/user/ros2_ws/install/deepmind_bot_gazebo/share/deepmind_bot_gazebo//models/perception_env2/meshes/B_Stack06_VB_64_baseColor.jpg
[0.475s] -- Up-to-date: /home/user/ros2_ws/install/deepmind_bot_gazebo/share/deepmind_bot_gazebo//models/perception_env2/model.config
[0.475s] -- Up-to-date: /home/user/ros2_ws/install/deepmind_bot_gazebo/share/deepmind_bot_gazebo//models/perception_env1
[0.475s] -- Up-to-date: /home/user/ros2_ws/install/deepmind_bot_gazebo/share/deepmind_bot_gazebo//models/perception_env1/model.sdf
[0.475s] -- Up-to-date: /home/user/ros2_ws/install/deepmind_bot_gazebo/share/deepmind_bot_gazebo//models/perception_env1/meshes
[0.475s] -- Up-to-date: /home/user/ros2_ws/install/deepmind_bot_gazebo/share/deepmind_bot_gazebo//models/perception_env1/meshes/gallery_room.dae
[0.476s] -- Up-to-date: /home/user/ros2_ws/install/deepmind_bot_gazebo/share/deepmind_bot_gazebo//models/perception_env1/meshes/gallery_room_col.stl
[0.476s] -- Up-to-date: /home/user/ros2_ws/install/deepmind_bot_gazebo/share/deepmind_bot_gazebo//models/perception_env1/meshes/Material_baseColor.jpg
[0.477s] -- Up-to-date: /home/user/ros2_ws/install/deepmind_bot_gazebo/share/deepmind_bot_gazebo//models/perception_env1/model.config
[0.477s] -- Up-to-date: /home/user/ros2_ws/install/deepmind_bot_gazebo/share/deepmind_bot_gazebo//models/person3
[0.477s] -- Up-to-date: /home/user/ros2_ws/install/deepmind_bot_gazebo/share/deepmind_bot_gazebo//models/person3/model.sdf
[0.477s] -- Up-to-date: /home/user/ros2_ws/install/deepmind_bot_gazebo/share/deepmind_bot_gazebo//models/person3/meshes
[0.477s] -- Up-to-date: /home/user/ros2_ws/install/deepmind_bot_gazebo/share/deepmind_bot_gazebo//models/person3/meshes/person3.dae
[0.477s] -- Up-to-date: /home/user/ros2_ws/install/deepmind_bot_gazebo/share/deepmind_bot_gazebo//models/person3/meshes/091_W_Aya_2K_01_baseColor.jpeg
[0.477s] -- Up-to-date: /home/user/ros2_ws/install/deepmind_bot_gazebo/share/deepmind_bot_gazebo//models/person3/model.config
[0.478s] -- Up-to-date: /home/user/ros2_ws/install/deepmind_bot_gazebo/share/deepmind_bot_gazebo//models/painting_vangoh
[0.478s] -- Up-to-date: /home/user/ros2_ws/install/deepmind_bot_gazebo/share/deepmind_bot_gazebo//models/painting_vangoh/model.sdf
[0.478s] -- Up-to-date: /home/user/ros2_ws/install/deepmind_bot_gazebo/share/deepmind_bot_gazebo//models/painting_vangoh/meshes
[0.478s] -- Up-to-date: /home/user/ros2_ws/install/deepmind_bot_gazebo/share/deepmind_bot_gazebo//models/painting_vangoh/meshes/lambert1_baseColor.jpg
[0.478s] -- Up-to-date: /home/user/ros2_ws/install/deepmind_bot_gazebo/share/deepmind_bot_gazebo//models/painting_vangoh/meshes/Vincent_Willem_van_Gogh.jpg
[0.478s] -- Up-to-date: /home/user/ros2_ws/install/deepmind_bot_gazebo/share/deepmind_bot_gazebo//models/painting_vangoh/meshes/vangoh.dae
[0.478s] -- Up-to-date: /home/user/ros2_ws/install/deepmind_bot_gazebo/share/deepmind_bot_gazebo//models/painting_vangoh/model.config
[0.478s] -- Up-to-date: /home/user/ros2_ws/install/deepmind_bot_gazebo/share/deepmind_bot_gazebo//models/person1
[0.478s] -- Up-to-date: /home/user/ros2_ws/install/deepmind_bot_gazebo/share/deepmind_bot_gazebo//models/person1/model.sdf
[0.479s] -- Up-to-date: /home/user/ros2_ws/install/deepmind_bot_gazebo/share/deepmind_bot_gazebo//models/person1/meshes
[0.479s] -- Up-to-date: /home/user/ros2_ws/install/deepmind_bot_gazebo/share/deepmind_bot_gazebo//models/person1/meshes/person1.dae
[0.479s] -- Up-to-date: /home/user/ros2_ws/install/deepmind_bot_gazebo/share/deepmind_bot_gazebo//models/person1/meshes/material_0_baseColor.jpeg
[0.479s] -- Up-to-date: /home/user/ros2_ws/install/deepmind_bot_gazebo/share/deepmind_bot_gazebo//models/person1/model.config
[0.479s] -- Up-to-date: /home/user/ros2_ws/install/deepmind_bot_gazebo/share/deepmind_bot_gazebo//models/painting_monalisa
[0.479s] -- Up-to-date: /home/user/ros2_ws/install/deepmind_bot_gazebo/share/deepmind_bot_gazebo//models/painting_monalisa/model.sdf
[0.479s] -- Up-to-date: /home/user/ros2_ws/install/deepmind_bot_gazebo/share/deepmind_bot_gazebo//models/painting_monalisa/meshes
[0.479s] -- Up-to-date: /home/user/ros2_ws/install/deepmind_bot_gazebo/share/deepmind_bot_gazebo//models/painting_monalisa/meshes/monalisa.dae
[0.479s] -- Up-to-date: /home/user/ros2_ws/install/deepmind_bot_gazebo/share/deepmind_bot_gazebo//models/painting_monalisa/meshes/lambert1_baseColor.jpg
[0.480s] -- Up-to-date: /home/user/ros2_ws/install/deepmind_bot_gazebo/share/deepmind_bot_gazebo//models/painting_monalisa/meshes/Leonardo_da_Vinci_Mona_Lisa.jpg
[0.480s] -- Up-to-date: /home/user/ros2_ws/install/deepmind_bot_gazebo/share/deepmind_bot_gazebo//models/painting_monalisa/model.config
[0.482s] -- Up-to-date: /home/user/ros2_ws/install/deepmind_bot_gazebo/share/deepmind_bot_gazebo//models/perception_floor1
[0.482s] -- Up-to-date: /home/user/ros2_ws/install/deepmind_bot_gazebo/share/deepmind_bot_gazebo//models/perception_floor1/model.sdf
[0.483s] -- Up-to-date: /home/user/ros2_ws/install/deepmind_bot_gazebo/share/deepmind_bot_gazebo//models/perception_floor1/meshes
[0.483s] -- Up-to-date: /home/user/ros2_ws/install/deepmind_bot_gazebo/share/deepmind_bot_gazebo//models/perception_floor1/meshes/PerceptionFloorTexture.png
[0.484s] -- Up-to-date: /home/user/ros2_ws/install/deepmind_bot_gazebo/share/deepmind_bot_gazebo//models/perception_floor1/meshes/perception_floor.dae
[0.484s] -- Up-to-date: /home/user/ros2_ws/install/deepmind_bot_gazebo/share/deepmind_bot_gazebo//models/perception_floor1/meshes/PerceptionFloorTexture-export.png
[0.484s] -- Up-to-date: /home/user/ros2_ws/install/deepmind_bot_gazebo/share/deepmind_bot_gazebo//models/perception_floor1/model.config
[0.485s] -- Up-to-date: /home/user/ros2_ws/install/deepmind_bot_gazebo/share/deepmind_bot_gazebo//models/ground_plane_invisible
[0.485s] -- Up-to-date: /home/user/ros2_ws/install/deepmind_bot_gazebo/share/deepmind_bot_gazebo//models/ground_plane_invisible/model-1_2.sdf
[0.485s] -- Up-to-date: /home/user/ros2_ws/install/deepmind_bot_gazebo/share/deepmind_bot_gazebo//models/ground_plane_invisible/model-1_3.sdf
[0.485s] -- Up-to-date: /home/user/ros2_ws/install/deepmind_bot_gazebo/share/deepmind_bot_gazebo//models/ground_plane_invisible/model.sdf
[0.485s] -- Up-to-date: /home/user/ros2_ws/install/deepmind_bot_gazebo/share/deepmind_bot_gazebo//models/ground_plane_invisible/model-1_4.sdf
[0.486s] -- Up-to-date: /home/user/ros2_ws/install/deepmind_bot_gazebo/share/deepmind_bot_gazebo//models/ground_plane_invisible/model.config
[0.486s] -- Up-to-date: /home/user/ros2_ws/install/deepmind_bot_gazebo/share/ament_index/resource_index/package_run_dependencies/deepmind_bot_gazebo
[0.486s] -- Up-to-date: /home/user/ros2_ws/install/deepmind_bot_gazebo/share/ament_index/resource_index/parent_prefix_path/deepmind_bot_gazebo
[0.486s] -- Up-to-date: /home/user/ros2_ws/install/deepmind_bot_gazebo/share/deepmind_bot_gazebo/environment/ament_prefix_path.sh
[0.486s] -- Up-to-date: /home/user/ros2_ws/install/deepmind_bot_gazebo/share/deepmind_bot_gazebo/environment/ament_prefix_path.dsv
[0.486s] -- Up-to-date: /home/user/ros2_ws/install/deepmind_bot_gazebo/share/deepmind_bot_gazebo/environment/path.sh
[0.486s] -- Up-to-date: /home/user/ros2_ws/install/deepmind_bot_gazebo/share/deepmind_bot_gazebo/environment/path.dsv
[0.486s] -- Up-to-date: /home/user/ros2_ws/install/deepmind_bot_gazebo/share/deepmind_bot_gazebo/local_setup.bash
[0.486s] -- Up-to-date: /home/user/ros2_ws/install/deepmind_bot_gazebo/share/deepmind_bot_gazebo/local_setup.sh
[0.486s] -- Up-to-date: /home/user/ros2_ws/install/deepmind_bot_gazebo/share/deepmind_bot_gazebo/local_setup.zsh
[0.487s] -- Up-to-date: /home/user/ros2_ws/install/deepmind_bot_gazebo/share/deepmind_bot_gazebo/local_setup.dsv
[0.487s] -- Installing: /home/user/ros2_ws/install/deepmind_bot_gazebo/share/deepmind_bot_gazebo/package.dsv
[0.487s] -- Up-to-date: /home/user/ros2_ws/install/deepmind_bot_gazebo/share/ament_index/resource_index/packages/deepmind_bot_gazebo
[0.487s] -- Up-to-date: /home/user/ros2_ws/install/deepmind_bot_gazebo/share/deepmind_bot_gazebo/cmake/deepmind_bot_gazeboConfig.cmake
[0.487s] -- Up-to-date: /home/user/ros2_ws/install/deepmind_bot_gazebo/share/deepmind_bot_gazebo/cmake/deepmind_bot_gazeboConfig-version.cmake
[0.487s] -- Up-to-date: /home/user/ros2_ws/install/deepmind_bot_gazebo/share/deepmind_bot_gazebo/package.xml
[0.488s] Invoked command in '/home/user/ros2_ws/build/deepmind_bot_gazebo' returned '0': CMAKE_PREFIX_PATH=${CMAKE_PREFIX_PATH}:/home/simulations/ros2_sims_ws/install/rclrs_tests:/home/simulations/ros2_sims_ws/install/examples_rclrs_minimal_client_service:/home/simulations/ros2_sims_ws/install/sensor_msgs_py:/home/simulations/ros2_sims_ws/install/examples_rclrs_minimal_pub_sub:/home/simulations/ros2_sims_ws/install/examples_rclrs_message_demo:/home/simulations/ros2_sims_ws/install/rclrs:/home/simulations/ros2_sims_ws/install/rosidl_runtime_rs:/home/user/ros2_ws/install/advanced_perception:/opt/ros/humble _=/usr/bin/env /usr/bin/cmake --install /home/user/ros2_ws/build/deepmind_bot_gazebo
