[  1%] [34m[1mGenerating Rust code for ROS interfaces[0m
[  1%] Built target custom_msgs__rs
[  1%] Built target ament_cmake_python_copy_custom_msgs
[  2%] Built target custom_msgs__cpp
running egg_info
writing custom_msgs.egg-info/PKG-INFO
writing dependency_links to custom_msgs.egg-info/dependency_links.txt
writing top-level names to custom_msgs.egg-info/top_level.txt
reading manifest file 'custom_msgs.egg-info/SOURCES.txt'
writing manifest file 'custom_msgs.egg-info/SOURCES.txt'
[  2%] Built target ament_cmake_python_build_custom_msgs_egg
[ 13%] Built target custom_msgs__rosidl_typesupport_cpp
[ 25%] Built target custom_msgs__rosidl_typesupport_introspection_cpp
[ 36%] Built target custom_msgs__rosidl_typesupport_fastrtps_cpp
[ 47%] Built target custom_msgs__rosidl_generator_c
[ 59%] Built target custom_msgs__rosidl_typesupport_fastrtps_c
[ 70%] Built target custom_msgs__rosidl_typesupport_c
[ 81%] Built target custom_msgs__rosidl_typesupport_introspection_c
[ 81%] Built target custom_msgs
[ 82%] Built target custom_msgs__py
[ 93%] Built target custom_msgs__rosidl_generator_py
[ 95%] Built target custom_msgs__rosidl_typesupport_fastrtps_c__pyext
[ 97%] Built target custom_msgs__rosidl_typesupport_c__pyext
[100%] Built target custom_msgs__rosidl_typesupport_introspection_c__pyext
-- Install configuration: ""
-- Up-to-date: /home/user/ros2_ws/install/custom_msgs/share/ament_index/resource_index/rosidl_interfaces/custom_msgs
-- Up-to-date: /home/user/ros2_ws/install/custom_msgs/include/custom_msgs/custom_msgs
-- Up-to-date: /home/user/ros2_ws/install/custom_msgs/include/custom_msgs/custom_msgs/msg
-- Up-to-date: /home/user/ros2_ws/install/custom_msgs/include/custom_msgs/custom_msgs/msg/detail
-- Up-to-date: /home/user/ros2_ws/install/custom_msgs/include/custom_msgs/custom_msgs/msg/detail/inference_result__functions.h
-- Up-to-date: /home/user/ros2_ws/install/custom_msgs/include/custom_msgs/custom_msgs/msg/detail/segmentation_result__struct.h
-- Up-to-date: /home/user/ros2_ws/install/custom_msgs/include/custom_msgs/custom_msgs/msg/detail/pose_result__functions.c
-- Up-to-date: /home/user/ros2_ws/install/custom_msgs/include/custom_msgs/custom_msgs/msg/detail/inference_result__functions.c
-- Up-to-date: /home/user/ros2_ws/install/custom_msgs/include/custom_msgs/custom_msgs/msg/detail/pose_keypoint__functions.h
-- Up-to-date: /home/user/ros2_ws/install/custom_msgs/include/custom_msgs/custom_msgs/msg/detail/pose_keypoint__struct.h
-- Up-to-date: /home/user/ros2_ws/install/custom_msgs/include/custom_msgs/custom_msgs/msg/detail/detected_objects__functions.h
-- Up-to-date: /home/user/ros2_ws/install/custom_msgs/include/custom_msgs/custom_msgs/msg/detail/yolov8_inference__functions.c
-- Up-to-date: /home/user/ros2_ws/install/custom_msgs/include/custom_msgs/custom_msgs/msg/detail/segmentation_result__type_support.h
-- Up-to-date: /home/user/ros2_ws/install/custom_msgs/include/custom_msgs/custom_msgs/msg/detail/inference_result__type_support.h
-- Up-to-date: /home/user/ros2_ws/install/custom_msgs/include/custom_msgs/custom_msgs/msg/detail/yolov8_segmentation__struct.h
-- Up-to-date: /home/user/ros2_ws/install/custom_msgs/include/custom_msgs/custom_msgs/msg/detail/pose_result__functions.h
-- Up-to-date: /home/user/ros2_ws/install/custom_msgs/include/custom_msgs/custom_msgs/msg/detail/detected_surfaces__struct.h
-- Up-to-date: /home/user/ros2_ws/install/custom_msgs/include/custom_msgs/custom_msgs/msg/detail/segmentation_result__functions.h
-- Up-to-date: /home/user/ros2_ws/install/custom_msgs/include/custom_msgs/custom_msgs/msg/detail/detected_surfaces__type_support.h
-- Up-to-date: /home/user/ros2_ws/install/custom_msgs/include/custom_msgs/custom_msgs/msg/detail/yolov8_segmentation__functions.c
-- Up-to-date: /home/user/ros2_ws/install/custom_msgs/include/custom_msgs/custom_msgs/msg/detail/detected_surfaces__functions.h
-- Up-to-date: /home/user/ros2_ws/install/custom_msgs/include/custom_msgs/custom_msgs/msg/detail/yolov8_segmentation__functions.h
-- Up-to-date: /home/user/ros2_ws/install/custom_msgs/include/custom_msgs/custom_msgs/msg/detail/pose_result__struct.h
-- Up-to-date: /home/user/ros2_ws/install/custom_msgs/include/custom_msgs/custom_msgs/msg/detail/detected_objects__type_support.h
-- Up-to-date: /home/user/ros2_ws/install/custom_msgs/include/custom_msgs/custom_msgs/msg/detail/inference_result__struct.h
-- Up-to-date: /home/user/ros2_ws/install/custom_msgs/include/custom_msgs/custom_msgs/msg/detail/detected_objects__struct.h
-- Up-to-date: /home/user/ros2_ws/install/custom_msgs/include/custom_msgs/custom_msgs/msg/detail/yolov8_inference__struct.h
-- Up-to-date: /home/user/ros2_ws/install/custom_msgs/include/custom_msgs/custom_msgs/msg/detail/segmentation_result__functions.c
-- Up-to-date: /home/user/ros2_ws/install/custom_msgs/include/custom_msgs/custom_msgs/msg/detail/detected_objects__functions.c
-- Up-to-date: /home/user/ros2_ws/install/custom_msgs/include/custom_msgs/custom_msgs/msg/detail/pose_result__type_support.h
-- Up-to-date: /home/user/ros2_ws/install/custom_msgs/include/custom_msgs/custom_msgs/msg/detail/detected_surfaces__functions.c
-- Up-to-date: /home/user/ros2_ws/install/custom_msgs/include/custom_msgs/custom_msgs/msg/detail/pose_keypoint__type_support.h
-- Up-to-date: /home/user/ros2_ws/install/custom_msgs/include/custom_msgs/custom_msgs/msg/detail/yolov8_inference__functions.h
-- Up-to-date: /home/user/ros2_ws/install/custom_msgs/include/custom_msgs/custom_msgs/msg/detail/yolov8_inference__type_support.h
-- Up-to-date: /home/user/ros2_ws/install/custom_msgs/include/custom_msgs/custom_msgs/msg/detail/pose_keypoint__functions.c
-- Up-to-date: /home/user/ros2_ws/install/custom_msgs/include/custom_msgs/custom_msgs/msg/detail/yolov8_segmentation__type_support.h
-- Up-to-date: /home/user/ros2_ws/install/custom_msgs/include/custom_msgs/custom_msgs/msg/rosidl_generator_c__visibility_control.h
-- Up-to-date: /home/user/ros2_ws/install/custom_msgs/include/custom_msgs/custom_msgs/msg/yolov8_segmentation.h
-- Up-to-date: /home/user/ros2_ws/install/custom_msgs/include/custom_msgs/custom_msgs/msg/inference_result.h
-- Up-to-date: /home/user/ros2_ws/install/custom_msgs/include/custom_msgs/custom_msgs/msg/detected_objects.h
-- Up-to-date: /home/user/ros2_ws/install/custom_msgs/include/custom_msgs/custom_msgs/msg/detected_surfaces.h
-- Up-to-date: /home/user/ros2_ws/install/custom_msgs/include/custom_msgs/custom_msgs/msg/pose_keypoint.h
-- Up-to-date: /home/user/ros2_ws/install/custom_msgs/include/custom_msgs/custom_msgs/msg/pose_result.h
-- Up-to-date: /home/user/ros2_ws/install/custom_msgs/include/custom_msgs/custom_msgs/msg/yolov8_inference.h
-- Up-to-date: /home/user/ros2_ws/install/custom_msgs/include/custom_msgs/custom_msgs/msg/segmentation_result.h
-- Up-to-date: /home/user/ros2_ws/install/custom_msgs/share/custom_msgs/environment/library_path.sh
-- Up-to-date: /home/user/ros2_ws/install/custom_msgs/share/custom_msgs/environment/library_path.dsv
-- Up-to-date: /home/user/ros2_ws/install/custom_msgs/lib/libcustom_msgs__rosidl_generator_c.so
-- Up-to-date: /home/user/ros2_ws/install/custom_msgs/include/custom_msgs/custom_msgs
-- Up-to-date: /home/user/ros2_ws/install/custom_msgs/include/custom_msgs/custom_msgs/msg
-- Up-to-date: /home/user/ros2_ws/install/custom_msgs/include/custom_msgs/custom_msgs/msg/detail
-- Up-to-date: /home/user/ros2_ws/install/custom_msgs/include/custom_msgs/custom_msgs/msg/detail/yolov8_segmentation__rosidl_typesupport_fastrtps_c.h
-- Up-to-date: /home/user/ros2_ws/install/custom_msgs/include/custom_msgs/custom_msgs/msg/detail/segmentation_result__rosidl_typesupport_fastrtps_c.h
-- Up-to-date: /home/user/ros2_ws/install/custom_msgs/include/custom_msgs/custom_msgs/msg/detail/inference_result__rosidl_typesupport_fastrtps_c.h
-- Up-to-date: /home/user/ros2_ws/install/custom_msgs/include/custom_msgs/custom_msgs/msg/detail/pose_keypoint__rosidl_typesupport_fastrtps_c.h
-- Up-to-date: /home/user/ros2_ws/install/custom_msgs/include/custom_msgs/custom_msgs/msg/detail/pose_result__rosidl_typesupport_fastrtps_c.h
-- Up-to-date: /home/user/ros2_ws/install/custom_msgs/include/custom_msgs/custom_msgs/msg/detail/yolov8_inference__rosidl_typesupport_fastrtps_c.h
-- Up-to-date: /home/user/ros2_ws/install/custom_msgs/include/custom_msgs/custom_msgs/msg/detail/detected_surfaces__rosidl_typesupport_fastrtps_c.h
-- Up-to-date: /home/user/ros2_ws/install/custom_msgs/include/custom_msgs/custom_msgs/msg/detail/detected_objects__rosidl_typesupport_fastrtps_c.h
-- Up-to-date: /home/user/ros2_ws/install/custom_msgs/include/custom_msgs/custom_msgs/msg/rosidl_typesupport_fastrtps_c__visibility_control.h
-- Up-to-date: /home/user/ros2_ws/install/custom_msgs/lib/libcustom_msgs__rosidl_typesupport_fastrtps_c.so
-- Up-to-date: /home/user/ros2_ws/install/custom_msgs/include/custom_msgs/custom_msgs
-- Up-to-date: /home/user/ros2_ws/install/custom_msgs/include/custom_msgs/custom_msgs/msg
-- Up-to-date: /home/user/ros2_ws/install/custom_msgs/include/custom_msgs/custom_msgs/msg/detail
-- Up-to-date: /home/user/ros2_ws/install/custom_msgs/include/custom_msgs/custom_msgs/msg/detail/inference_result__rosidl_typesupport_introspection_c.h
-- Up-to-date: /home/user/ros2_ws/install/custom_msgs/include/custom_msgs/custom_msgs/msg/detail/pose_keypoint__rosidl_typesupport_introspection_c.h
-- Up-to-date: /home/user/ros2_ws/install/custom_msgs/include/custom_msgs/custom_msgs/msg/detail/detected_objects__type_support.c
-- Up-to-date: /home/user/ros2_ws/install/custom_msgs/include/custom_msgs/custom_msgs/msg/detail/pose_keypoint__type_support.c
-- Up-to-date: /home/user/ros2_ws/install/custom_msgs/include/custom_msgs/custom_msgs/msg/detail/detected_surfaces__type_support.c
-- Up-to-date: /home/user/ros2_ws/install/custom_msgs/include/custom_msgs/custom_msgs/msg/detail/segmentation_result__type_support.c
-- Up-to-date: /home/user/ros2_ws/install/custom_msgs/include/custom_msgs/custom_msgs/msg/detail/detected_surfaces__rosidl_typesupport_introspection_c.h
-- Up-to-date: /home/user/ros2_ws/install/custom_msgs/include/custom_msgs/custom_msgs/msg/detail/segmentation_result__rosidl_typesupport_introspection_c.h
-- Up-to-date: /home/user/ros2_ws/install/custom_msgs/include/custom_msgs/custom_msgs/msg/detail/inference_result__type_support.c
-- Up-to-date: /home/user/ros2_ws/install/custom_msgs/include/custom_msgs/custom_msgs/msg/detail/yolov8_segmentation__rosidl_typesupport_introspection_c.h
-- Up-to-date: /home/user/ros2_ws/install/custom_msgs/include/custom_msgs/custom_msgs/msg/detail/yolov8_inference__rosidl_typesupport_introspection_c.h
-- Up-to-date: /home/user/ros2_ws/install/custom_msgs/include/custom_msgs/custom_msgs/msg/detail/yolov8_segmentation__type_support.c
-- Up-to-date: /home/user/ros2_ws/install/custom_msgs/include/custom_msgs/custom_msgs/msg/detail/yolov8_inference__type_support.c
-- Up-to-date: /home/user/ros2_ws/install/custom_msgs/include/custom_msgs/custom_msgs/msg/detail/pose_result__rosidl_typesupport_introspection_c.h
-- Up-to-date: /home/user/ros2_ws/install/custom_msgs/include/custom_msgs/custom_msgs/msg/detail/pose_result__type_support.c
-- Up-to-date: /home/user/ros2_ws/install/custom_msgs/include/custom_msgs/custom_msgs/msg/detail/detected_objects__rosidl_typesupport_introspection_c.h
-- Up-to-date: /home/user/ros2_ws/install/custom_msgs/include/custom_msgs/custom_msgs/msg/rosidl_typesupport_introspection_c__visibility_control.h
-- Up-to-date: /home/user/ros2_ws/install/custom_msgs/lib/libcustom_msgs__rosidl_typesupport_introspection_c.so
-- Up-to-date: /home/user/ros2_ws/install/custom_msgs/lib/libcustom_msgs__rosidl_typesupport_c.so
-- Up-to-date: /home/user/ros2_ws/install/custom_msgs/include/custom_msgs/custom_msgs
-- Up-to-date: /home/user/ros2_ws/install/custom_msgs/include/custom_msgs/custom_msgs/msg
-- Up-to-date: /home/user/ros2_ws/install/custom_msgs/include/custom_msgs/custom_msgs/msg/detail
-- Up-to-date: /home/user/ros2_ws/install/custom_msgs/include/custom_msgs/custom_msgs/msg/detail/inference_result__builder.hpp
-- Up-to-date: /home/user/ros2_ws/install/custom_msgs/include/custom_msgs/custom_msgs/msg/detail/segmentation_result__traits.hpp
-- Up-to-date: /home/user/ros2_ws/install/custom_msgs/include/custom_msgs/custom_msgs/msg/detail/detected_objects__struct.hpp
-- Up-to-date: /home/user/ros2_ws/install/custom_msgs/include/custom_msgs/custom_msgs/msg/detail/pose_result__traits.hpp
-- Up-to-date: /home/user/ros2_ws/install/custom_msgs/include/custom_msgs/custom_msgs/msg/detail/yolov8_segmentation__builder.hpp
-- Up-to-date: /home/user/ros2_ws/install/custom_msgs/include/custom_msgs/custom_msgs/msg/detail/yolov8_segmentation__traits.hpp
-- Up-to-date: /home/user/ros2_ws/install/custom_msgs/include/custom_msgs/custom_msgs/msg/detail/pose_result__struct.hpp
-- Up-to-date: /home/user/ros2_ws/install/custom_msgs/include/custom_msgs/custom_msgs/msg/detail/detected_surfaces__traits.hpp
-- Up-to-date: /home/user/ros2_ws/install/custom_msgs/include/custom_msgs/custom_msgs/msg/detail/pose_keypoint__builder.hpp
-- Up-to-date: /home/user/ros2_ws/install/custom_msgs/include/custom_msgs/custom_msgs/msg/detail/pose_keypoint__struct.hpp
-- Up-to-date: /home/user/ros2_ws/install/custom_msgs/include/custom_msgs/custom_msgs/msg/detail/segmentation_result__builder.hpp
-- Up-to-date: /home/user/ros2_ws/install/custom_msgs/include/custom_msgs/custom_msgs/msg/detail/yolov8_inference__builder.hpp
-- Up-to-date: /home/user/ros2_ws/install/custom_msgs/include/custom_msgs/custom_msgs/msg/detail/segmentation_result__struct.hpp
-- Up-to-date: /home/user/ros2_ws/install/custom_msgs/include/custom_msgs/custom_msgs/msg/detail/pose_keypoint__traits.hpp
-- Up-to-date: /home/user/ros2_ws/install/custom_msgs/include/custom_msgs/custom_msgs/msg/detail/pose_result__builder.hpp
-- Up-to-date: /home/user/ros2_ws/install/custom_msgs/include/custom_msgs/custom_msgs/msg/detail/detected_surfaces__builder.hpp
-- Up-to-date: /home/user/ros2_ws/install/custom_msgs/include/custom_msgs/custom_msgs/msg/detail/yolov8_inference__struct.hpp
-- Up-to-date: /home/user/ros2_ws/install/custom_msgs/include/custom_msgs/custom_msgs/msg/detail/detected_objects__traits.hpp
-- Up-to-date: /home/user/ros2_ws/install/custom_msgs/include/custom_msgs/custom_msgs/msg/detail/detected_objects__builder.hpp
-- Up-to-date: /home/user/ros2_ws/install/custom_msgs/include/custom_msgs/custom_msgs/msg/detail/yolov8_inference__traits.hpp
-- Up-to-date: /home/user/ros2_ws/install/custom_msgs/include/custom_msgs/custom_msgs/msg/detail/detected_surfaces__struct.hpp
-- Up-to-date: /home/user/ros2_ws/install/custom_msgs/include/custom_msgs/custom_msgs/msg/detail/yolov8_segmentation__struct.hpp
-- Up-to-date: /home/user/ros2_ws/install/custom_msgs/include/custom_msgs/custom_msgs/msg/detail/inference_result__traits.hpp
-- Up-to-date: /home/user/ros2_ws/install/custom_msgs/include/custom_msgs/custom_msgs/msg/detail/inference_result__struct.hpp
-- Up-to-date: /home/user/ros2_ws/install/custom_msgs/include/custom_msgs/custom_msgs/msg/yolov8_inference.hpp
-- Up-to-date: /home/user/ros2_ws/install/custom_msgs/include/custom_msgs/custom_msgs/msg/yolov8_segmentation.hpp
-- Up-to-date: /home/user/ros2_ws/install/custom_msgs/include/custom_msgs/custom_msgs/msg/detected_surfaces.hpp
-- Up-to-date: /home/user/ros2_ws/install/custom_msgs/include/custom_msgs/custom_msgs/msg/pose_keypoint.hpp
-- Up-to-date: /home/user/ros2_ws/install/custom_msgs/include/custom_msgs/custom_msgs/msg/detected_objects.hpp
-- Up-to-date: /home/user/ros2_ws/install/custom_msgs/include/custom_msgs/custom_msgs/msg/pose_result.hpp
-- Up-to-date: /home/user/ros2_ws/install/custom_msgs/include/custom_msgs/custom_msgs/msg/segmentation_result.hpp
-- Up-to-date: /home/user/ros2_ws/install/custom_msgs/include/custom_msgs/custom_msgs/msg/inference_result.hpp
-- Up-to-date: /home/user/ros2_ws/install/custom_msgs/include/custom_msgs/custom_msgs
-- Up-to-date: /home/user/ros2_ws/install/custom_msgs/include/custom_msgs/custom_msgs/msg
-- Up-to-date: /home/user/ros2_ws/install/custom_msgs/include/custom_msgs/custom_msgs/msg/detail
-- Up-to-date: /home/user/ros2_ws/install/custom_msgs/include/custom_msgs/custom_msgs/msg/detail/pose_keypoint__rosidl_typesupport_fastrtps_cpp.hpp
-- Up-to-date: /home/user/ros2_ws/install/custom_msgs/include/custom_msgs/custom_msgs/msg/detail/inference_result__rosidl_typesupport_fastrtps_cpp.hpp
-- Up-to-date: /home/user/ros2_ws/install/custom_msgs/include/custom_msgs/custom_msgs/msg/detail/yolov8_segmentation__rosidl_typesupport_fastrtps_cpp.hpp
-- Up-to-date: /home/user/ros2_ws/install/custom_msgs/include/custom_msgs/custom_msgs/msg/detail/detected_objects__rosidl_typesupport_fastrtps_cpp.hpp
-- Up-to-date: /home/user/ros2_ws/install/custom_msgs/include/custom_msgs/custom_msgs/msg/detail/yolov8_inference__rosidl_typesupport_fastrtps_cpp.hpp
-- Up-to-date: /home/user/ros2_ws/install/custom_msgs/include/custom_msgs/custom_msgs/msg/detail/dds_fastrtps
-- Up-to-date: /home/user/ros2_ws/install/custom_msgs/include/custom_msgs/custom_msgs/msg/detail/pose_result__rosidl_typesupport_fastrtps_cpp.hpp
-- Up-to-date: /home/user/ros2_ws/install/custom_msgs/include/custom_msgs/custom_msgs/msg/detail/detected_surfaces__rosidl_typesupport_fastrtps_cpp.hpp
-- Up-to-date: /home/user/ros2_ws/install/custom_msgs/include/custom_msgs/custom_msgs/msg/detail/segmentation_result__rosidl_typesupport_fastrtps_cpp.hpp
-- Up-to-date: /home/user/ros2_ws/install/custom_msgs/include/custom_msgs/custom_msgs/msg/rosidl_typesupport_fastrtps_cpp__visibility_control.h
-- Up-to-date: /home/user/ros2_ws/install/custom_msgs/lib/libcustom_msgs__rosidl_typesupport_fastrtps_cpp.so
-- Up-to-date: /home/user/ros2_ws/install/custom_msgs/include/custom_msgs/custom_msgs
-- Up-to-date: /home/user/ros2_ws/install/custom_msgs/include/custom_msgs/custom_msgs/msg
-- Up-to-date: /home/user/ros2_ws/install/custom_msgs/include/custom_msgs/custom_msgs/msg/detail
-- Up-to-date: /home/user/ros2_ws/install/custom_msgs/include/custom_msgs/custom_msgs/msg/detail/yolov8_inference__type_support.cpp
-- Up-to-date: /home/user/ros2_ws/install/custom_msgs/include/custom_msgs/custom_msgs/msg/detail/segmentation_result__rosidl_typesupport_introspection_cpp.hpp
-- Up-to-date: /home/user/ros2_ws/install/custom_msgs/include/custom_msgs/custom_msgs/msg/detail/detected_surfaces__type_support.cpp
-- Up-to-date: /home/user/ros2_ws/install/custom_msgs/include/custom_msgs/custom_msgs/msg/detail/pose_keypoint__type_support.cpp
-- Up-to-date: /home/user/ros2_ws/install/custom_msgs/include/custom_msgs/custom_msgs/msg/detail/yolov8_segmentation__type_support.cpp
-- Up-to-date: /home/user/ros2_ws/install/custom_msgs/include/custom_msgs/custom_msgs/msg/detail/detected_objects__type_support.cpp
-- Up-to-date: /home/user/ros2_ws/install/custom_msgs/include/custom_msgs/custom_msgs/msg/detail/detected_surfaces__rosidl_typesupport_introspection_cpp.hpp
-- Up-to-date: /home/user/ros2_ws/install/custom_msgs/include/custom_msgs/custom_msgs/msg/detail/pose_result__rosidl_typesupport_introspection_cpp.hpp
-- Up-to-date: /home/user/ros2_ws/install/custom_msgs/include/custom_msgs/custom_msgs/msg/detail/yolov8_segmentation__rosidl_typesupport_introspection_cpp.hpp
-- Up-to-date: /home/user/ros2_ws/install/custom_msgs/include/custom_msgs/custom_msgs/msg/detail/pose_result__type_support.cpp
-- Up-to-date: /home/user/ros2_ws/install/custom_msgs/include/custom_msgs/custom_msgs/msg/detail/yolov8_inference__rosidl_typesupport_introspection_cpp.hpp
-- Up-to-date: /home/user/ros2_ws/install/custom_msgs/include/custom_msgs/custom_msgs/msg/detail/pose_keypoint__rosidl_typesupport_introspection_cpp.hpp
-- Up-to-date: /home/user/ros2_ws/install/custom_msgs/include/custom_msgs/custom_msgs/msg/detail/inference_result__type_support.cpp
-- Up-to-date: /home/user/ros2_ws/install/custom_msgs/include/custom_msgs/custom_msgs/msg/detail/detected_objects__rosidl_typesupport_introspection_cpp.hpp
-- Up-to-date: /home/user/ros2_ws/install/custom_msgs/include/custom_msgs/custom_msgs/msg/detail/segmentation_result__type_support.cpp
-- Up-to-date: /home/user/ros2_ws/install/custom_msgs/include/custom_msgs/custom_msgs/msg/detail/inference_result__rosidl_typesupport_introspection_cpp.hpp
-- Up-to-date: /home/user/ros2_ws/install/custom_msgs/lib/libcustom_msgs__rosidl_typesupport_introspection_cpp.so
-- Up-to-date: /home/user/ros2_ws/install/custom_msgs/lib/libcustom_msgs__rosidl_typesupport_cpp.so
-- Up-to-date: /home/user/ros2_ws/install/custom_msgs/share/ament_index/resource_index/rust_packages/custom_msgs
-- Up-to-date: /home/user/ros2_ws/install/custom_msgs/share/custom_msgs/rust
-- Installing: /home/user/ros2_ws/install/custom_msgs/share/custom_msgs/rust/Cargo.toml
-- Up-to-date: /home/user/ros2_ws/install/custom_msgs/share/custom_msgs/rust/src
-- Installing: /home/user/ros2_ws/install/custom_msgs/share/custom_msgs/rust/src/msg.rs
-- Installing: /home/user/ros2_ws/install/custom_msgs/share/custom_msgs/rust/src/lib.rs
-- Installing: /home/user/ros2_ws/install/custom_msgs/share/custom_msgs/rust/build.rs
-- Up-to-date: /home/user/ros2_ws/install/custom_msgs/share/custom_msgs/rust
-- Up-to-date: /home/user/ros2_ws/install/custom_msgs/share/custom_msgs/rust/Cargo.toml
-- Up-to-date: /home/user/ros2_ws/install/custom_msgs/share/custom_msgs/rust/src
-- Up-to-date: /home/user/ros2_ws/install/custom_msgs/share/custom_msgs/rust/src/msg.rs
-- Up-to-date: /home/user/ros2_ws/install/custom_msgs/share/custom_msgs/rust/src/lib.rs
-- Up-to-date: /home/user/ros2_ws/install/custom_msgs/share/custom_msgs/rust/build.rs
-- Up-to-date: /home/user/ros2_ws/install/custom_msgs/share/custom_msgs/rust
-- Up-to-date: /home/user/ros2_ws/install/custom_msgs/share/custom_msgs/rust/Cargo.toml
-- Up-to-date: /home/user/ros2_ws/install/custom_msgs/share/custom_msgs/rust/src
-- Up-to-date: /home/user/ros2_ws/install/custom_msgs/share/custom_msgs/rust/src/msg.rs
-- Up-to-date: /home/user/ros2_ws/install/custom_msgs/share/custom_msgs/rust/src/lib.rs
-- Up-to-date: /home/user/ros2_ws/install/custom_msgs/share/custom_msgs/rust/build.rs
-- Up-to-date: /home/user/ros2_ws/install/custom_msgs/share/custom_msgs/environment/pythonpath.sh
-- Up-to-date: /home/user/ros2_ws/install/custom_msgs/share/custom_msgs/environment/pythonpath.dsv
-- Up-to-date: /home/user/ros2_ws/install/custom_msgs/local/lib/python3.10/dist-packages/custom_msgs-0.0.0-py3.10.egg-info
-- Installing: /home/user/ros2_ws/install/custom_msgs/local/lib/python3.10/dist-packages/custom_msgs-0.0.0-py3.10.egg-info/PKG-INFO
-- Installing: /home/user/ros2_ws/install/custom_msgs/local/lib/python3.10/dist-packages/custom_msgs-0.0.0-py3.10.egg-info/top_level.txt
-- Installing: /home/user/ros2_ws/install/custom_msgs/local/lib/python3.10/dist-packages/custom_msgs-0.0.0-py3.10.egg-info/SOURCES.txt
-- Installing: /home/user/ros2_ws/install/custom_msgs/local/lib/python3.10/dist-packages/custom_msgs-0.0.0-py3.10.egg-info/dependency_links.txt
-- Up-to-date: /home/user/ros2_ws/install/custom_msgs/local/lib/python3.10/dist-packages/custom_msgs
-- Up-to-date: /home/user/ros2_ws/install/custom_msgs/local/lib/python3.10/dist-packages/custom_msgs/libcustom_msgs__rosidl_generator_py.so
-- Up-to-date: /home/user/ros2_ws/install/custom_msgs/local/lib/python3.10/dist-packages/custom_msgs/msg
-- Up-to-date: /home/user/ros2_ws/install/custom_msgs/local/lib/python3.10/dist-packages/custom_msgs/msg/_yolov8_segmentation_s.c
-- Up-to-date: /home/user/ros2_ws/install/custom_msgs/local/lib/python3.10/dist-packages/custom_msgs/msg/_segmentation_result_s.c
-- Up-to-date: /home/user/ros2_ws/install/custom_msgs/local/lib/python3.10/dist-packages/custom_msgs/msg/_detected_objects_s.c
-- Up-to-date: /home/user/ros2_ws/install/custom_msgs/local/lib/python3.10/dist-packages/custom_msgs/msg/_detected_objects.py
-- Up-to-date: /home/user/ros2_ws/install/custom_msgs/local/lib/python3.10/dist-packages/custom_msgs/msg/_pose_keypoint_s.c
-- Up-to-date: /home/user/ros2_ws/install/custom_msgs/local/lib/python3.10/dist-packages/custom_msgs/msg/_yolov8_segmentation.py
-- Up-to-date: /home/user/ros2_ws/install/custom_msgs/local/lib/python3.10/dist-packages/custom_msgs/msg/_yolov8_inference_s.c
-- Up-to-date: /home/user/ros2_ws/install/custom_msgs/local/lib/python3.10/dist-packages/custom_msgs/msg/__init__.py
-- Up-to-date: /home/user/ros2_ws/install/custom_msgs/local/lib/python3.10/dist-packages/custom_msgs/msg/_segmentation_result.py
-- Up-to-date: /home/user/ros2_ws/install/custom_msgs/local/lib/python3.10/dist-packages/custom_msgs/msg/_detected_surfaces_s.c
-- Up-to-date: /home/user/ros2_ws/install/custom_msgs/local/lib/python3.10/dist-packages/custom_msgs/msg/_pose_result_s.c
-- Up-to-date: /home/user/ros2_ws/install/custom_msgs/local/lib/python3.10/dist-packages/custom_msgs/msg/_pose_result.py
-- Up-to-date: /home/user/ros2_ws/install/custom_msgs/local/lib/python3.10/dist-packages/custom_msgs/msg/_inference_result_s.c
-- Up-to-date: /home/user/ros2_ws/install/custom_msgs/local/lib/python3.10/dist-packages/custom_msgs/msg/_detected_surfaces.py
-- Up-to-date: /home/user/ros2_ws/install/custom_msgs/local/lib/python3.10/dist-packages/custom_msgs/msg/_pose_keypoint.py
-- Up-to-date: /home/user/ros2_ws/install/custom_msgs/local/lib/python3.10/dist-packages/custom_msgs/msg/_yolov8_inference.py
-- Up-to-date: /home/user/ros2_ws/install/custom_msgs/local/lib/python3.10/dist-packages/custom_msgs/msg/_inference_result.py
-- Up-to-date: /home/user/ros2_ws/install/custom_msgs/local/lib/python3.10/dist-packages/custom_msgs/__init__.py
-- Up-to-date: /home/user/ros2_ws/install/custom_msgs/local/lib/python3.10/dist-packages/custom_msgs/custom_msgs_s__rosidl_typesupport_fastrtps_c.cpython-310-x86_64-linux-gnu.so
-- Up-to-date: /home/user/ros2_ws/install/custom_msgs/local/lib/python3.10/dist-packages/custom_msgs/custom_msgs_s__rosidl_typesupport_introspection_c.cpython-310-x86_64-linux-gnu.so
-- Up-to-date: /home/user/ros2_ws/install/custom_msgs/local/lib/python3.10/dist-packages/custom_msgs/_custom_msgs_s.ep.rosidl_typesupport_introspection_c.c
-- Up-to-date: /home/user/ros2_ws/install/custom_msgs/local/lib/python3.10/dist-packages/custom_msgs/_custom_msgs_s.ep.rosidl_typesupport_fastrtps_c.c
-- Up-to-date: /home/user/ros2_ws/install/custom_msgs/local/lib/python3.10/dist-packages/custom_msgs/custom_msgs_s__rosidl_typesupport_c.cpython-310-x86_64-linux-gnu.so
-- Up-to-date: /home/user/ros2_ws/install/custom_msgs/local/lib/python3.10/dist-packages/custom_msgs/_custom_msgs_s.ep.rosidl_typesupport_c.c
Listing '/home/user/ros2_ws/install/custom_msgs/local/lib/python3.10/dist-packages/custom_msgs'...
Listing '/home/user/ros2_ws/install/custom_msgs/local/lib/python3.10/dist-packages/custom_msgs/msg'...
-- Up-to-date: /home/user/ros2_ws/install/custom_msgs/local/lib/python3.10/dist-packages/custom_msgs/custom_msgs_s__rosidl_typesupport_fastrtps_c.cpython-310-x86_64-linux-gnu.so
-- Up-to-date: /home/user/ros2_ws/install/custom_msgs/local/lib/python3.10/dist-packages/custom_msgs/custom_msgs_s__rosidl_typesupport_introspection_c.cpython-310-x86_64-linux-gnu.so
-- Up-to-date: /home/user/ros2_ws/install/custom_msgs/local/lib/python3.10/dist-packages/custom_msgs/custom_msgs_s__rosidl_typesupport_c.cpython-310-x86_64-linux-gnu.so
-- Up-to-date: /home/user/ros2_ws/install/custom_msgs/lib/libcustom_msgs__rosidl_generator_py.so
-- Up-to-date: /home/user/ros2_ws/install/custom_msgs/share/custom_msgs/msg/DetectedSurfaces.idl
-- Up-to-date: /home/user/ros2_ws/install/custom_msgs/share/custom_msgs/msg/DetectedObjects.idl
-- Up-to-date: /home/user/ros2_ws/install/custom_msgs/share/custom_msgs/msg/InferenceResult.idl
-- Up-to-date: /home/user/ros2_ws/install/custom_msgs/share/custom_msgs/msg/Yolov8Inference.idl
-- Up-to-date: /home/user/ros2_ws/install/custom_msgs/share/custom_msgs/msg/PoseKeypoint.idl
-- Up-to-date: /home/user/ros2_ws/install/custom_msgs/share/custom_msgs/msg/PoseResult.idl
-- Up-to-date: /home/user/ros2_ws/install/custom_msgs/share/custom_msgs/msg/SegmentationResult.idl
-- Up-to-date: /home/user/ros2_ws/install/custom_msgs/share/custom_msgs/msg/Yolov8Segmentation.idl
-- Up-to-date: /home/user/ros2_ws/install/custom_msgs/share/custom_msgs/msg/DetectedSurfaces.msg
-- Up-to-date: /home/user/ros2_ws/install/custom_msgs/share/custom_msgs/msg/DetectedObjects.msg
-- Up-to-date: /home/user/ros2_ws/install/custom_msgs/share/custom_msgs/msg/InferenceResult.msg
-- Up-to-date: /home/user/ros2_ws/install/custom_msgs/share/custom_msgs/msg/Yolov8Inference.msg
-- Up-to-date: /home/user/ros2_ws/install/custom_msgs/share/custom_msgs/msg/PoseKeypoint.msg
-- Up-to-date: /home/user/ros2_ws/install/custom_msgs/share/custom_msgs/msg/PoseResult.msg
-- Up-to-date: /home/user/ros2_ws/install/custom_msgs/share/custom_msgs/msg/SegmentationResult.msg
-- Up-to-date: /home/user/ros2_ws/install/custom_msgs/share/custom_msgs/msg/Yolov8Segmentation.msg
-- Up-to-date: /home/user/ros2_ws/install/custom_msgs/share/ament_index/resource_index/package_run_dependencies/custom_msgs
-- Up-to-date: /home/user/ros2_ws/install/custom_msgs/share/ament_index/resource_index/parent_prefix_path/custom_msgs
-- Up-to-date: /home/user/ros2_ws/install/custom_msgs/share/custom_msgs/environment/ament_prefix_path.sh
-- Up-to-date: /home/user/ros2_ws/install/custom_msgs/share/custom_msgs/environment/ament_prefix_path.dsv
-- Up-to-date: /home/user/ros2_ws/install/custom_msgs/share/custom_msgs/environment/path.sh
-- Up-to-date: /home/user/ros2_ws/install/custom_msgs/share/custom_msgs/environment/path.dsv
-- Up-to-date: /home/user/ros2_ws/install/custom_msgs/share/custom_msgs/local_setup.bash
-- Up-to-date: /home/user/ros2_ws/install/custom_msgs/share/custom_msgs/local_setup.sh
-- Up-to-date: /home/user/ros2_ws/install/custom_msgs/share/custom_msgs/local_setup.zsh
-- Up-to-date: /home/user/ros2_ws/install/custom_msgs/share/custom_msgs/local_setup.dsv
-- Installing: /home/user/ros2_ws/install/custom_msgs/share/custom_msgs/package.dsv
-- Up-to-date: /home/user/ros2_ws/install/custom_msgs/share/ament_index/resource_index/packages/custom_msgs
-- Up-to-date: /home/user/ros2_ws/install/custom_msgs/share/custom_msgs/cmake/export_custom_msgs__rosidl_generator_cExport.cmake
-- Up-to-date: /home/user/ros2_ws/install/custom_msgs/share/custom_msgs/cmake/export_custom_msgs__rosidl_generator_cExport-noconfig.cmake
-- Up-to-date: /home/user/ros2_ws/install/custom_msgs/share/custom_msgs/cmake/export_custom_msgs__rosidl_typesupport_fastrtps_cExport.cmake
-- Up-to-date: /home/user/ros2_ws/install/custom_msgs/share/custom_msgs/cmake/export_custom_msgs__rosidl_typesupport_fastrtps_cExport-noconfig.cmake
-- Up-to-date: /home/user/ros2_ws/install/custom_msgs/share/custom_msgs/cmake/custom_msgs__rosidl_typesupport_introspection_cExport.cmake
-- Up-to-date: /home/user/ros2_ws/install/custom_msgs/share/custom_msgs/cmake/custom_msgs__rosidl_typesupport_introspection_cExport-noconfig.cmake
-- Up-to-date: /home/user/ros2_ws/install/custom_msgs/share/custom_msgs/cmake/custom_msgs__rosidl_typesupport_cExport.cmake
-- Up-to-date: /home/user/ros2_ws/install/custom_msgs/share/custom_msgs/cmake/custom_msgs__rosidl_typesupport_cExport-noconfig.cmake
-- Up-to-date: /home/user/ros2_ws/install/custom_msgs/share/custom_msgs/cmake/export_custom_msgs__rosidl_generator_cppExport.cmake
-- Up-to-date: /home/user/ros2_ws/install/custom_msgs/share/custom_msgs/cmake/export_custom_msgs__rosidl_typesupport_fastrtps_cppExport.cmake
-- Up-to-date: /home/user/ros2_ws/install/custom_msgs/share/custom_msgs/cmake/export_custom_msgs__rosidl_typesupport_fastrtps_cppExport-noconfig.cmake
-- Up-to-date: /home/user/ros2_ws/install/custom_msgs/share/custom_msgs/cmake/custom_msgs__rosidl_typesupport_introspection_cppExport.cmake
-- Up-to-date: /home/user/ros2_ws/install/custom_msgs/share/custom_msgs/cmake/custom_msgs__rosidl_typesupport_introspection_cppExport-noconfig.cmake
-- Up-to-date: /home/user/ros2_ws/install/custom_msgs/share/custom_msgs/cmake/custom_msgs__rosidl_typesupport_cppExport.cmake
-- Up-to-date: /home/user/ros2_ws/install/custom_msgs/share/custom_msgs/cmake/custom_msgs__rosidl_typesupport_cppExport-noconfig.cmake
-- Up-to-date: /home/user/ros2_ws/install/custom_msgs/share/custom_msgs/cmake/export_custom_msgs__rosidl_generator_pyExport.cmake
-- Up-to-date: /home/user/ros2_ws/install/custom_msgs/share/custom_msgs/cmake/export_custom_msgs__rosidl_generator_pyExport-noconfig.cmake
-- Up-to-date: /home/user/ros2_ws/install/custom_msgs/share/custom_msgs/cmake/rosidl_cmake-extras.cmake
-- Up-to-date: /home/user/ros2_ws/install/custom_msgs/share/custom_msgs/cmake/ament_cmake_export_dependencies-extras.cmake
-- Up-to-date: /home/user/ros2_ws/install/custom_msgs/share/custom_msgs/cmake/ament_cmake_export_include_directories-extras.cmake
-- Up-to-date: /home/user/ros2_ws/install/custom_msgs/share/custom_msgs/cmake/ament_cmake_export_libraries-extras.cmake
-- Up-to-date: /home/user/ros2_ws/install/custom_msgs/share/custom_msgs/cmake/ament_cmake_export_targets-extras.cmake
-- Up-to-date: /home/user/ros2_ws/install/custom_msgs/share/custom_msgs/cmake/rosidl_cmake_export_typesupport_targets-extras.cmake
-- Up-to-date: /home/user/ros2_ws/install/custom_msgs/share/custom_msgs/cmake/rosidl_cmake_export_typesupport_libraries-extras.cmake
-- Up-to-date: /home/user/ros2_ws/install/custom_msgs/share/custom_msgs/cmake/custom_msgsConfig.cmake
-- Up-to-date: /home/user/ros2_ws/install/custom_msgs/share/custom_msgs/cmake/custom_msgsConfig-version.cmake
-- Up-to-date: /home/user/ros2_ws/install/custom_msgs/share/custom_msgs/package.xml
