[0.065s] Invoking command in '/home/user/ros2_ws/build/custom_msgs': CMAKE_PREFIX_PATH=${CMAKE_PREFIX_PATH}:/home/simulations/ros2_sims_ws/install/rclrs_tests:/home/simulations/ros2_sims_ws/install/examples_rclrs_minimal_client_service:/home/simulations/ros2_sims_ws/install/sensor_msgs_py:/home/simulations/ros2_sims_ws/install/examples_rclrs_minimal_pub_sub:/home/simulations/ros2_sims_ws/install/examples_rclrs_message_demo:/home/simulations/ros2_sims_ws/install/rclrs:/home/simulations/ros2_sims_ws/install/rosidl_runtime_rs:/home/user/ros2_ws/install/advanced_perception:/opt/ros/humble _=/usr/bin/env /usr/bin/cmake --build /home/user/ros2_ws/build/custom_msgs -- -j8 -l8
[0.313s] [  1%] [34m[1mGenerating Rust code for ROS interfaces[0m
[1.093s] [  1%] Built target custom_msgs__rs
[1.148s] [  1%] Built target ament_cmake_python_copy_custom_msgs
[1.185s] [  2%] Built target custom_msgs__cpp
[1.639s] running egg_info
[1.640s] writing custom_msgs.egg-info/PKG-INFO
[1.640s] writing dependency_links to custom_msgs.egg-info/dependency_links.txt
[1.640s] writing top-level names to custom_msgs.egg-info/top_level.txt
[1.643s] reading manifest file 'custom_msgs.egg-info/SOURCES.txt'
[1.644s] writing manifest file 'custom_msgs.egg-info/SOURCES.txt'
[1.688s] [  2%] Built target ament_cmake_python_build_custom_msgs_egg
[1.740s] [ 13%] Built target custom_msgs__rosidl_typesupport_cpp
[1.790s] [ 25%] Built target custom_msgs__rosidl_typesupport_introspection_cpp
[1.835s] [ 36%] Built target custom_msgs__rosidl_typesupport_fastrtps_cpp
[1.882s] [ 47%] Built target custom_msgs__rosidl_generator_c
[1.929s] [ 59%] Built target custom_msgs__rosidl_typesupport_fastrtps_c
[1.970s] [ 70%] Built target custom_msgs__rosidl_typesupport_c
[2.017s] [ 81%] Built target custom_msgs__rosidl_typesupport_introspection_c
[2.059s] [ 81%] Built target custom_msgs
[2.102s] [ 82%] Built target custom_msgs__py
[2.147s] [ 93%] Built target custom_msgs__rosidl_generator_py
[2.186s] [ 95%] Built target custom_msgs__rosidl_typesupport_fastrtps_c__pyext
[2.233s] [ 97%] Built target custom_msgs__rosidl_typesupport_c__pyext
[2.276s] [100%] Built target custom_msgs__rosidl_typesupport_introspection_c__pyext
[2.297s] Invoked command in '/home/user/ros2_ws/build/custom_msgs' returned '0': CMAKE_PREFIX_PATH=${CMAKE_PREFIX_PATH}:/home/simulations/ros2_sims_ws/install/rclrs_tests:/home/simulations/ros2_sims_ws/install/examples_rclrs_minimal_client_service:/home/simulations/ros2_sims_ws/install/sensor_msgs_py:/home/simulations/ros2_sims_ws/install/examples_rclrs_minimal_pub_sub:/home/simulations/ros2_sims_ws/install/examples_rclrs_message_demo:/home/simulations/ros2_sims_ws/install/rclrs:/home/simulations/ros2_sims_ws/install/rosidl_runtime_rs:/home/user/ros2_ws/install/advanced_perception:/opt/ros/humble _=/usr/bin/env /usr/bin/cmake --build /home/user/ros2_ws/build/custom_msgs -- -j8 -l8
[2.939s] Invoking command in '/home/user/ros2_ws/build/custom_msgs': CMAKE_PREFIX_PATH=${CMAKE_PREFIX_PATH}:/home/simulations/ros2_sims_ws/install/rclrs_tests:/home/simulations/ros2_sims_ws/install/examples_rclrs_minimal_client_service:/home/simulations/ros2_sims_ws/install/sensor_msgs_py:/home/simulations/ros2_sims_ws/install/examples_rclrs_minimal_pub_sub:/home/simulations/ros2_sims_ws/install/examples_rclrs_message_demo:/home/simulations/ros2_sims_ws/install/rclrs:/home/simulations/ros2_sims_ws/install/rosidl_runtime_rs:/home/user/ros2_ws/install/advanced_perception:/opt/ros/humble _=/usr/bin/env /usr/bin/cmake --install /home/user/ros2_ws/build/custom_msgs
[2.955s] -- Install configuration: ""
[2.955s] -- Up-to-date: /home/user/ros2_ws/install/custom_msgs/share/ament_index/resource_index/rosidl_interfaces/custom_msgs
[2.956s] -- Up-to-date: /home/user/ros2_ws/install/custom_msgs/include/custom_msgs/custom_msgs
[2.956s] -- Up-to-date: /home/user/ros2_ws/install/custom_msgs/include/custom_msgs/custom_msgs/msg
[2.956s] -- Up-to-date: /home/user/ros2_ws/install/custom_msgs/include/custom_msgs/custom_msgs/msg/detail
[2.956s] -- Up-to-date: /home/user/ros2_ws/install/custom_msgs/include/custom_msgs/custom_msgs/msg/detail/inference_result__functions.h
[2.956s] -- Up-to-date: /home/user/ros2_ws/install/custom_msgs/include/custom_msgs/custom_msgs/msg/detail/segmentation_result__struct.h
[2.956s] -- Up-to-date: /home/user/ros2_ws/install/custom_msgs/include/custom_msgs/custom_msgs/msg/detail/pose_result__functions.c
[2.956s] -- Up-to-date: /home/user/ros2_ws/install/custom_msgs/include/custom_msgs/custom_msgs/msg/detail/inference_result__functions.c
[2.956s] -- Up-to-date: /home/user/ros2_ws/install/custom_msgs/include/custom_msgs/custom_msgs/msg/detail/pose_keypoint__functions.h
[2.956s] -- Up-to-date: /home/user/ros2_ws/install/custom_msgs/include/custom_msgs/custom_msgs/msg/detail/pose_keypoint__struct.h
[2.957s] -- Up-to-date: /home/user/ros2_ws/install/custom_msgs/include/custom_msgs/custom_msgs/msg/detail/detected_objects__functions.h
[2.957s] -- Up-to-date: /home/user/ros2_ws/install/custom_msgs/include/custom_msgs/custom_msgs/msg/detail/yolov8_inference__functions.c
[2.957s] -- Up-to-date: /home/user/ros2_ws/install/custom_msgs/include/custom_msgs/custom_msgs/msg/detail/segmentation_result__type_support.h
[2.957s] -- Up-to-date: /home/user/ros2_ws/install/custom_msgs/include/custom_msgs/custom_msgs/msg/detail/inference_result__type_support.h
[2.957s] -- Up-to-date: /home/user/ros2_ws/install/custom_msgs/include/custom_msgs/custom_msgs/msg/detail/yolov8_segmentation__struct.h
[2.957s] -- Up-to-date: /home/user/ros2_ws/install/custom_msgs/include/custom_msgs/custom_msgs/msg/detail/pose_result__functions.h
[2.957s] -- Up-to-date: /home/user/ros2_ws/install/custom_msgs/include/custom_msgs/custom_msgs/msg/detail/detected_surfaces__struct.h
[2.957s] -- Up-to-date: /home/user/ros2_ws/install/custom_msgs/include/custom_msgs/custom_msgs/msg/detail/segmentation_result__functions.h
[2.957s] -- Up-to-date: /home/user/ros2_ws/install/custom_msgs/include/custom_msgs/custom_msgs/msg/detail/detected_surfaces__type_support.h
[2.957s] -- Up-to-date: /home/user/ros2_ws/install/custom_msgs/include/custom_msgs/custom_msgs/msg/detail/yolov8_segmentation__functions.c
[2.957s] -- Up-to-date: /home/user/ros2_ws/install/custom_msgs/include/custom_msgs/custom_msgs/msg/detail/detected_surfaces__functions.h
[2.957s] -- Up-to-date: /home/user/ros2_ws/install/custom_msgs/include/custom_msgs/custom_msgs/msg/detail/yolov8_segmentation__functions.h
[2.957s] -- Up-to-date: /home/user/ros2_ws/install/custom_msgs/include/custom_msgs/custom_msgs/msg/detail/pose_result__struct.h
[2.957s] -- Up-to-date: /home/user/ros2_ws/install/custom_msgs/include/custom_msgs/custom_msgs/msg/detail/detected_objects__type_support.h
[2.957s] -- Up-to-date: /home/user/ros2_ws/install/custom_msgs/include/custom_msgs/custom_msgs/msg/detail/inference_result__struct.h
[2.957s] -- Up-to-date: /home/user/ros2_ws/install/custom_msgs/include/custom_msgs/custom_msgs/msg/detail/detected_objects__struct.h
[2.958s] -- Up-to-date: /home/user/ros2_ws/install/custom_msgs/include/custom_msgs/custom_msgs/msg/detail/yolov8_inference__struct.h
[2.958s] -- Up-to-date: /home/user/ros2_ws/install/custom_msgs/include/custom_msgs/custom_msgs/msg/detail/segmentation_result__functions.c
[2.958s] -- Up-to-date: /home/user/ros2_ws/install/custom_msgs/include/custom_msgs/custom_msgs/msg/detail/detected_objects__functions.c
[2.958s] -- Up-to-date: /home/user/ros2_ws/install/custom_msgs/include/custom_msgs/custom_msgs/msg/detail/pose_result__type_support.h
[2.958s] -- Up-to-date: /home/user/ros2_ws/install/custom_msgs/include/custom_msgs/custom_msgs/msg/detail/detected_surfaces__functions.c
[2.958s] -- Up-to-date: /home/user/ros2_ws/install/custom_msgs/include/custom_msgs/custom_msgs/msg/detail/pose_keypoint__type_support.h
[2.959s] -- Up-to-date: /home/user/ros2_ws/install/custom_msgs/include/custom_msgs/custom_msgs/msg/detail/yolov8_inference__functions.h
[2.959s] -- Up-to-date: /home/user/ros2_ws/install/custom_msgs/include/custom_msgs/custom_msgs/msg/detail/yolov8_inference__type_support.h
[2.959s] -- Up-to-date: /home/user/ros2_ws/install/custom_msgs/include/custom_msgs/custom_msgs/msg/detail/pose_keypoint__functions.c
[2.960s] -- Up-to-date: /home/user/ros2_ws/install/custom_msgs/include/custom_msgs/custom_msgs/msg/detail/yolov8_segmentation__type_support.h
[2.960s] -- Up-to-date: /home/user/ros2_ws/install/custom_msgs/include/custom_msgs/custom_msgs/msg/rosidl_generator_c__visibility_control.h
[2.960s] -- Up-to-date: /home/user/ros2_ws/install/custom_msgs/include/custom_msgs/custom_msgs/msg/yolov8_segmentation.h
[2.960s] -- Up-to-date: /home/user/ros2_ws/install/custom_msgs/include/custom_msgs/custom_msgs/msg/inference_result.h
[2.960s] -- Up-to-date: /home/user/ros2_ws/install/custom_msgs/include/custom_msgs/custom_msgs/msg/detected_objects.h
[2.961s] -- Up-to-date: /home/user/ros2_ws/install/custom_msgs/include/custom_msgs/custom_msgs/msg/detected_surfaces.h
[2.961s] -- Up-to-date: /home/user/ros2_ws/install/custom_msgs/include/custom_msgs/custom_msgs/msg/pose_keypoint.h
[2.961s] -- Up-to-date: /home/user/ros2_ws/install/custom_msgs/include/custom_msgs/custom_msgs/msg/pose_result.h
[2.961s] -- Up-to-date: /home/user/ros2_ws/install/custom_msgs/include/custom_msgs/custom_msgs/msg/yolov8_inference.h
[2.961s] -- Up-to-date: /home/user/ros2_ws/install/custom_msgs/include/custom_msgs/custom_msgs/msg/segmentation_result.h
[2.961s] -- Up-to-date: /home/user/ros2_ws/install/custom_msgs/share/custom_msgs/environment/library_path.sh
[2.962s] -- Up-to-date: /home/user/ros2_ws/install/custom_msgs/share/custom_msgs/environment/library_path.dsv
[2.962s] -- Up-to-date: /home/user/ros2_ws/install/custom_msgs/lib/libcustom_msgs__rosidl_generator_c.so
[2.962s] -- Up-to-date: /home/user/ros2_ws/install/custom_msgs/include/custom_msgs/custom_msgs
[2.962s] -- Up-to-date: /home/user/ros2_ws/install/custom_msgs/include/custom_msgs/custom_msgs/msg
[2.962s] -- Up-to-date: /home/user/ros2_ws/install/custom_msgs/include/custom_msgs/custom_msgs/msg/detail
[2.963s] -- Up-to-date: /home/user/ros2_ws/install/custom_msgs/include/custom_msgs/custom_msgs/msg/detail/yolov8_segmentation__rosidl_typesupport_fastrtps_c.h
[2.963s] -- Up-to-date: /home/user/ros2_ws/install/custom_msgs/include/custom_msgs/custom_msgs/msg/detail/segmentation_result__rosidl_typesupport_fastrtps_c.h
[2.963s] -- Up-to-date: /home/user/ros2_ws/install/custom_msgs/include/custom_msgs/custom_msgs/msg/detail/inference_result__rosidl_typesupport_fastrtps_c.h
[2.963s] -- Up-to-date: /home/user/ros2_ws/install/custom_msgs/include/custom_msgs/custom_msgs/msg/detail/pose_keypoint__rosidl_typesupport_fastrtps_c.h
[2.964s] -- Up-to-date: /home/user/ros2_ws/install/custom_msgs/include/custom_msgs/custom_msgs/msg/detail/pose_result__rosidl_typesupport_fastrtps_c.h
[2.964s] -- Up-to-date: /home/user/ros2_ws/install/custom_msgs/include/custom_msgs/custom_msgs/msg/detail/yolov8_inference__rosidl_typesupport_fastrtps_c.h
[2.964s] -- Up-to-date: /home/user/ros2_ws/install/custom_msgs/include/custom_msgs/custom_msgs/msg/detail/detected_surfaces__rosidl_typesupport_fastrtps_c.h
[2.964s] -- Up-to-date: /home/user/ros2_ws/install/custom_msgs/include/custom_msgs/custom_msgs/msg/detail/detected_objects__rosidl_typesupport_fastrtps_c.h
[2.964s] -- Up-to-date: /home/user/ros2_ws/install/custom_msgs/include/custom_msgs/custom_msgs/msg/rosidl_typesupport_fastrtps_c__visibility_control.h
[2.965s] -- Up-to-date: /home/user/ros2_ws/install/custom_msgs/lib/libcustom_msgs__rosidl_typesupport_fastrtps_c.so
[2.965s] -- Up-to-date: /home/user/ros2_ws/install/custom_msgs/include/custom_msgs/custom_msgs
[2.965s] -- Up-to-date: /home/user/ros2_ws/install/custom_msgs/include/custom_msgs/custom_msgs/msg
[2.965s] -- Up-to-date: /home/user/ros2_ws/install/custom_msgs/include/custom_msgs/custom_msgs/msg/detail
[2.965s] -- Up-to-date: /home/user/ros2_ws/install/custom_msgs/include/custom_msgs/custom_msgs/msg/detail/inference_result__rosidl_typesupport_introspection_c.h
[2.965s] -- Up-to-date: /home/user/ros2_ws/install/custom_msgs/include/custom_msgs/custom_msgs/msg/detail/pose_keypoint__rosidl_typesupport_introspection_c.h
[2.965s] -- Up-to-date: /home/user/ros2_ws/install/custom_msgs/include/custom_msgs/custom_msgs/msg/detail/detected_objects__type_support.c
[2.965s] -- Up-to-date: /home/user/ros2_ws/install/custom_msgs/include/custom_msgs/custom_msgs/msg/detail/pose_keypoint__type_support.c
[2.965s] -- Up-to-date: /home/user/ros2_ws/install/custom_msgs/include/custom_msgs/custom_msgs/msg/detail/detected_surfaces__type_support.c
[2.965s] -- Up-to-date: /home/user/ros2_ws/install/custom_msgs/include/custom_msgs/custom_msgs/msg/detail/segmentation_result__type_support.c
[2.965s] -- Up-to-date: /home/user/ros2_ws/install/custom_msgs/include/custom_msgs/custom_msgs/msg/detail/detected_surfaces__rosidl_typesupport_introspection_c.h
[2.966s] -- Up-to-date: /home/user/ros2_ws/install/custom_msgs/include/custom_msgs/custom_msgs/msg/detail/segmentation_result__rosidl_typesupport_introspection_c.h
[2.966s] -- Up-to-date: /home/user/ros2_ws/install/custom_msgs/include/custom_msgs/custom_msgs/msg/detail/inference_result__type_support.c
[2.966s] -- Up-to-date: /home/user/ros2_ws/install/custom_msgs/include/custom_msgs/custom_msgs/msg/detail/yolov8_segmentation__rosidl_typesupport_introspection_c.h
[2.966s] -- Up-to-date: /home/user/ros2_ws/install/custom_msgs/include/custom_msgs/custom_msgs/msg/detail/yolov8_inference__rosidl_typesupport_introspection_c.h
[2.966s] -- Up-to-date: /home/user/ros2_ws/install/custom_msgs/include/custom_msgs/custom_msgs/msg/detail/yolov8_segmentation__type_support.c
[2.966s] -- Up-to-date: /home/user/ros2_ws/install/custom_msgs/include/custom_msgs/custom_msgs/msg/detail/yolov8_inference__type_support.c
[2.966s] -- Up-to-date: /home/user/ros2_ws/install/custom_msgs/include/custom_msgs/custom_msgs/msg/detail/pose_result__rosidl_typesupport_introspection_c.h
[2.966s] -- Up-to-date: /home/user/ros2_ws/install/custom_msgs/include/custom_msgs/custom_msgs/msg/detail/pose_result__type_support.c
[2.967s] -- Up-to-date: /home/user/ros2_ws/install/custom_msgs/include/custom_msgs/custom_msgs/msg/detail/detected_objects__rosidl_typesupport_introspection_c.h
[2.967s] -- Up-to-date: /home/user/ros2_ws/install/custom_msgs/include/custom_msgs/custom_msgs/msg/rosidl_typesupport_introspection_c__visibility_control.h
[2.967s] -- Up-to-date: /home/user/ros2_ws/install/custom_msgs/lib/libcustom_msgs__rosidl_typesupport_introspection_c.so
[2.967s] -- Up-to-date: /home/user/ros2_ws/install/custom_msgs/lib/libcustom_msgs__rosidl_typesupport_c.so
[2.967s] -- Up-to-date: /home/user/ros2_ws/install/custom_msgs/include/custom_msgs/custom_msgs
[2.967s] -- Up-to-date: /home/user/ros2_ws/install/custom_msgs/include/custom_msgs/custom_msgs/msg
[2.967s] -- Up-to-date: /home/user/ros2_ws/install/custom_msgs/include/custom_msgs/custom_msgs/msg/detail
[2.967s] -- Up-to-date: /home/user/ros2_ws/install/custom_msgs/include/custom_msgs/custom_msgs/msg/detail/inference_result__builder.hpp
[2.967s] -- Up-to-date: /home/user/ros2_ws/install/custom_msgs/include/custom_msgs/custom_msgs/msg/detail/segmentation_result__traits.hpp
[2.967s] -- Up-to-date: /home/user/ros2_ws/install/custom_msgs/include/custom_msgs/custom_msgs/msg/detail/detected_objects__struct.hpp
[2.968s] -- Up-to-date: /home/user/ros2_ws/install/custom_msgs/include/custom_msgs/custom_msgs/msg/detail/pose_result__traits.hpp
[2.968s] -- Up-to-date: /home/user/ros2_ws/install/custom_msgs/include/custom_msgs/custom_msgs/msg/detail/yolov8_segmentation__builder.hpp
[2.968s] -- Up-to-date: /home/user/ros2_ws/install/custom_msgs/include/custom_msgs/custom_msgs/msg/detail/yolov8_segmentation__traits.hpp
[2.968s] -- Up-to-date: /home/user/ros2_ws/install/custom_msgs/include/custom_msgs/custom_msgs/msg/detail/pose_result__struct.hpp
[2.968s] -- Up-to-date: /home/user/ros2_ws/install/custom_msgs/include/custom_msgs/custom_msgs/msg/detail/detected_surfaces__traits.hpp
[2.968s] -- Up-to-date: /home/user/ros2_ws/install/custom_msgs/include/custom_msgs/custom_msgs/msg/detail/pose_keypoint__builder.hpp
[2.969s] -- Up-to-date: /home/user/ros2_ws/install/custom_msgs/include/custom_msgs/custom_msgs/msg/detail/pose_keypoint__struct.hpp
[2.969s] -- Up-to-date: /home/user/ros2_ws/install/custom_msgs/include/custom_msgs/custom_msgs/msg/detail/segmentation_result__builder.hpp
[2.969s] -- Up-to-date: /home/user/ros2_ws/install/custom_msgs/include/custom_msgs/custom_msgs/msg/detail/yolov8_inference__builder.hpp
[2.969s] -- Up-to-date: /home/user/ros2_ws/install/custom_msgs/include/custom_msgs/custom_msgs/msg/detail/segmentation_result__struct.hpp
[2.969s] -- Up-to-date: /home/user/ros2_ws/install/custom_msgs/include/custom_msgs/custom_msgs/msg/detail/pose_keypoint__traits.hpp
[2.969s] -- Up-to-date: /home/user/ros2_ws/install/custom_msgs/include/custom_msgs/custom_msgs/msg/detail/pose_result__builder.hpp
[2.969s] -- Up-to-date: /home/user/ros2_ws/install/custom_msgs/include/custom_msgs/custom_msgs/msg/detail/detected_surfaces__builder.hpp
[2.969s] -- Up-to-date: /home/user/ros2_ws/install/custom_msgs/include/custom_msgs/custom_msgs/msg/detail/yolov8_inference__struct.hpp
[2.970s] -- Up-to-date: /home/user/ros2_ws/install/custom_msgs/include/custom_msgs/custom_msgs/msg/detail/detected_objects__traits.hpp
[2.970s] -- Up-to-date: /home/user/ros2_ws/install/custom_msgs/include/custom_msgs/custom_msgs/msg/detail/detected_objects__builder.hpp
[2.970s] -- Up-to-date: /home/user/ros2_ws/install/custom_msgs/include/custom_msgs/custom_msgs/msg/detail/yolov8_inference__traits.hpp
[2.970s] -- Up-to-date: /home/user/ros2_ws/install/custom_msgs/include/custom_msgs/custom_msgs/msg/detail/detected_surfaces__struct.hpp
[2.970s] -- Up-to-date: /home/user/ros2_ws/install/custom_msgs/include/custom_msgs/custom_msgs/msg/detail/yolov8_segmentation__struct.hpp
[2.970s] -- Up-to-date: /home/user/ros2_ws/install/custom_msgs/include/custom_msgs/custom_msgs/msg/detail/inference_result__traits.hpp
[2.970s] -- Up-to-date: /home/user/ros2_ws/install/custom_msgs/include/custom_msgs/custom_msgs/msg/detail/inference_result__struct.hpp
[2.970s] -- Up-to-date: /home/user/ros2_ws/install/custom_msgs/include/custom_msgs/custom_msgs/msg/yolov8_inference.hpp
[2.970s] -- Up-to-date: /home/user/ros2_ws/install/custom_msgs/include/custom_msgs/custom_msgs/msg/yolov8_segmentation.hpp
[2.970s] -- Up-to-date: /home/user/ros2_ws/install/custom_msgs/include/custom_msgs/custom_msgs/msg/detected_surfaces.hpp
[2.971s] -- Up-to-date: /home/user/ros2_ws/install/custom_msgs/include/custom_msgs/custom_msgs/msg/pose_keypoint.hpp
[2.971s] -- Up-to-date: /home/user/ros2_ws/install/custom_msgs/include/custom_msgs/custom_msgs/msg/detected_objects.hpp
[2.971s] -- Up-to-date: /home/user/ros2_ws/install/custom_msgs/include/custom_msgs/custom_msgs/msg/pose_result.hpp
[2.971s] -- Up-to-date: /home/user/ros2_ws/install/custom_msgs/include/custom_msgs/custom_msgs/msg/segmentation_result.hpp
[2.971s] -- Up-to-date: /home/user/ros2_ws/install/custom_msgs/include/custom_msgs/custom_msgs/msg/inference_result.hpp
[2.971s] -- Up-to-date: /home/user/ros2_ws/install/custom_msgs/include/custom_msgs/custom_msgs
[2.971s] -- Up-to-date: /home/user/ros2_ws/install/custom_msgs/include/custom_msgs/custom_msgs/msg
[2.971s] -- Up-to-date: /home/user/ros2_ws/install/custom_msgs/include/custom_msgs/custom_msgs/msg/detail
[2.971s] -- Up-to-date: /home/user/ros2_ws/install/custom_msgs/include/custom_msgs/custom_msgs/msg/detail/pose_keypoint__rosidl_typesupport_fastrtps_cpp.hpp
[2.971s] -- Up-to-date: /home/user/ros2_ws/install/custom_msgs/include/custom_msgs/custom_msgs/msg/detail/inference_result__rosidl_typesupport_fastrtps_cpp.hpp
[2.972s] -- Up-to-date: /home/user/ros2_ws/install/custom_msgs/include/custom_msgs/custom_msgs/msg/detail/yolov8_segmentation__rosidl_typesupport_fastrtps_cpp.hpp
[2.972s] -- Up-to-date: /home/user/ros2_ws/install/custom_msgs/include/custom_msgs/custom_msgs/msg/detail/detected_objects__rosidl_typesupport_fastrtps_cpp.hpp
[2.972s] -- Up-to-date: /home/user/ros2_ws/install/custom_msgs/include/custom_msgs/custom_msgs/msg/detail/yolov8_inference__rosidl_typesupport_fastrtps_cpp.hpp
[2.972s] -- Up-to-date: /home/user/ros2_ws/install/custom_msgs/include/custom_msgs/custom_msgs/msg/detail/dds_fastrtps
[2.972s] -- Up-to-date: /home/user/ros2_ws/install/custom_msgs/include/custom_msgs/custom_msgs/msg/detail/pose_result__rosidl_typesupport_fastrtps_cpp.hpp
[2.972s] -- Up-to-date: /home/user/ros2_ws/install/custom_msgs/include/custom_msgs/custom_msgs/msg/detail/detected_surfaces__rosidl_typesupport_fastrtps_cpp.hpp
[2.972s] -- Up-to-date: /home/user/ros2_ws/install/custom_msgs/include/custom_msgs/custom_msgs/msg/detail/segmentation_result__rosidl_typesupport_fastrtps_cpp.hpp
[2.972s] -- Up-to-date: /home/user/ros2_ws/install/custom_msgs/include/custom_msgs/custom_msgs/msg/rosidl_typesupport_fastrtps_cpp__visibility_control.h
[2.972s] -- Up-to-date: /home/user/ros2_ws/install/custom_msgs/lib/libcustom_msgs__rosidl_typesupport_fastrtps_cpp.so
[2.973s] -- Up-to-date: /home/user/ros2_ws/install/custom_msgs/include/custom_msgs/custom_msgs
[2.973s] -- Up-to-date: /home/user/ros2_ws/install/custom_msgs/include/custom_msgs/custom_msgs/msg
[2.973s] -- Up-to-date: /home/user/ros2_ws/install/custom_msgs/include/custom_msgs/custom_msgs/msg/detail
[2.973s] -- Up-to-date: /home/user/ros2_ws/install/custom_msgs/include/custom_msgs/custom_msgs/msg/detail/yolov8_inference__type_support.cpp
[2.973s] -- Up-to-date: /home/user/ros2_ws/install/custom_msgs/include/custom_msgs/custom_msgs/msg/detail/segmentation_result__rosidl_typesupport_introspection_cpp.hpp
[2.973s] -- Up-to-date: /home/user/ros2_ws/install/custom_msgs/include/custom_msgs/custom_msgs/msg/detail/detected_surfaces__type_support.cpp
[2.973s] -- Up-to-date: /home/user/ros2_ws/install/custom_msgs/include/custom_msgs/custom_msgs/msg/detail/pose_keypoint__type_support.cpp
[2.973s] -- Up-to-date: /home/user/ros2_ws/install/custom_msgs/include/custom_msgs/custom_msgs/msg/detail/yolov8_segmentation__type_support.cpp
[2.973s] -- Up-to-date: /home/user/ros2_ws/install/custom_msgs/include/custom_msgs/custom_msgs/msg/detail/detected_objects__type_support.cpp
[2.974s] -- Up-to-date: /home/user/ros2_ws/install/custom_msgs/include/custom_msgs/custom_msgs/msg/detail/detected_surfaces__rosidl_typesupport_introspection_cpp.hpp
[2.974s] -- Up-to-date: /home/user/ros2_ws/install/custom_msgs/include/custom_msgs/custom_msgs/msg/detail/pose_result__rosidl_typesupport_introspection_cpp.hpp
[2.974s] -- Up-to-date: /home/user/ros2_ws/install/custom_msgs/include/custom_msgs/custom_msgs/msg/detail/yolov8_segmentation__rosidl_typesupport_introspection_cpp.hpp
[2.974s] -- Up-to-date: /home/user/ros2_ws/install/custom_msgs/include/custom_msgs/custom_msgs/msg/detail/pose_result__type_support.cpp
[2.974s] -- Up-to-date: /home/user/ros2_ws/install/custom_msgs/include/custom_msgs/custom_msgs/msg/detail/yolov8_inference__rosidl_typesupport_introspection_cpp.hpp
[2.974s] -- Up-to-date: /home/user/ros2_ws/install/custom_msgs/include/custom_msgs/custom_msgs/msg/detail/pose_keypoint__rosidl_typesupport_introspection_cpp.hpp
[2.974s] -- Up-to-date: /home/user/ros2_ws/install/custom_msgs/include/custom_msgs/custom_msgs/msg/detail/inference_result__type_support.cpp
[2.974s] -- Up-to-date: /home/user/ros2_ws/install/custom_msgs/include/custom_msgs/custom_msgs/msg/detail/detected_objects__rosidl_typesupport_introspection_cpp.hpp
[2.974s] -- Up-to-date: /home/user/ros2_ws/install/custom_msgs/include/custom_msgs/custom_msgs/msg/detail/segmentation_result__type_support.cpp
[2.974s] -- Up-to-date: /home/user/ros2_ws/install/custom_msgs/include/custom_msgs/custom_msgs/msg/detail/inference_result__rosidl_typesupport_introspection_cpp.hpp
[2.974s] -- Up-to-date: /home/user/ros2_ws/install/custom_msgs/lib/libcustom_msgs__rosidl_typesupport_introspection_cpp.so
[2.975s] -- Up-to-date: /home/user/ros2_ws/install/custom_msgs/lib/libcustom_msgs__rosidl_typesupport_cpp.so
[2.975s] -- Up-to-date: /home/user/ros2_ws/install/custom_msgs/share/ament_index/resource_index/rust_packages/custom_msgs
[2.975s] -- Up-to-date: /home/user/ros2_ws/install/custom_msgs/share/custom_msgs/rust
[2.975s] -- Installing: /home/user/ros2_ws/install/custom_msgs/share/custom_msgs/rust/Cargo.toml
[2.975s] -- Up-to-date: /home/user/ros2_ws/install/custom_msgs/share/custom_msgs/rust/src
[2.975s] -- Installing: /home/user/ros2_ws/install/custom_msgs/share/custom_msgs/rust/src/msg.rs
[2.975s] -- Installing: /home/user/ros2_ws/install/custom_msgs/share/custom_msgs/rust/src/lib.rs
[2.975s] -- Installing: /home/user/ros2_ws/install/custom_msgs/share/custom_msgs/rust/build.rs
[2.975s] -- Up-to-date: /home/user/ros2_ws/install/custom_msgs/share/custom_msgs/rust
[2.975s] -- Up-to-date: /home/user/ros2_ws/install/custom_msgs/share/custom_msgs/rust/Cargo.toml
[2.976s] -- Up-to-date: /home/user/ros2_ws/install/custom_msgs/share/custom_msgs/rust/src
[2.976s] -- Up-to-date: /home/user/ros2_ws/install/custom_msgs/share/custom_msgs/rust/src/msg.rs
[2.976s] -- Up-to-date: /home/user/ros2_ws/install/custom_msgs/share/custom_msgs/rust/src/lib.rs
[2.976s] -- Up-to-date: /home/user/ros2_ws/install/custom_msgs/share/custom_msgs/rust/build.rs
[2.976s] -- Up-to-date: /home/user/ros2_ws/install/custom_msgs/share/custom_msgs/rust
[2.976s] -- Up-to-date: /home/user/ros2_ws/install/custom_msgs/share/custom_msgs/rust/Cargo.toml
[2.976s] -- Up-to-date: /home/user/ros2_ws/install/custom_msgs/share/custom_msgs/rust/src
[2.976s] -- Up-to-date: /home/user/ros2_ws/install/custom_msgs/share/custom_msgs/rust/src/msg.rs
[2.976s] -- Up-to-date: /home/user/ros2_ws/install/custom_msgs/share/custom_msgs/rust/src/lib.rs
[2.976s] -- Up-to-date: /home/user/ros2_ws/install/custom_msgs/share/custom_msgs/rust/build.rs
[2.977s] -- Up-to-date: /home/user/ros2_ws/install/custom_msgs/share/custom_msgs/environment/pythonpath.sh
[2.977s] -- Up-to-date: /home/user/ros2_ws/install/custom_msgs/share/custom_msgs/environment/pythonpath.dsv
[2.977s] -- Up-to-date: /home/user/ros2_ws/install/custom_msgs/local/lib/python3.10/dist-packages/custom_msgs-0.0.0-py3.10.egg-info
[2.977s] -- Installing: /home/user/ros2_ws/install/custom_msgs/local/lib/python3.10/dist-packages/custom_msgs-0.0.0-py3.10.egg-info/PKG-INFO
[2.977s] -- Installing: /home/user/ros2_ws/install/custom_msgs/local/lib/python3.10/dist-packages/custom_msgs-0.0.0-py3.10.egg-info/top_level.txt
[2.977s] -- Installing: /home/user/ros2_ws/install/custom_msgs/local/lib/python3.10/dist-packages/custom_msgs-0.0.0-py3.10.egg-info/SOURCES.txt
[2.977s] -- Installing: /home/user/ros2_ws/install/custom_msgs/local/lib/python3.10/dist-packages/custom_msgs-0.0.0-py3.10.egg-info/dependency_links.txt
[2.977s] -- Up-to-date: /home/user/ros2_ws/install/custom_msgs/local/lib/python3.10/dist-packages/custom_msgs
[2.977s] -- Up-to-date: /home/user/ros2_ws/install/custom_msgs/local/lib/python3.10/dist-packages/custom_msgs/libcustom_msgs__rosidl_generator_py.so
[2.977s] -- Up-to-date: /home/user/ros2_ws/install/custom_msgs/local/lib/python3.10/dist-packages/custom_msgs/msg
[2.978s] -- Up-to-date: /home/user/ros2_ws/install/custom_msgs/local/lib/python3.10/dist-packages/custom_msgs/msg/_yolov8_segmentation_s.c
[2.978s] -- Up-to-date: /home/user/ros2_ws/install/custom_msgs/local/lib/python3.10/dist-packages/custom_msgs/msg/_segmentation_result_s.c
[2.978s] -- Up-to-date: /home/user/ros2_ws/install/custom_msgs/local/lib/python3.10/dist-packages/custom_msgs/msg/_detected_objects_s.c
[2.978s] -- Up-to-date: /home/user/ros2_ws/install/custom_msgs/local/lib/python3.10/dist-packages/custom_msgs/msg/_detected_objects.py
[2.978s] -- Up-to-date: /home/user/ros2_ws/install/custom_msgs/local/lib/python3.10/dist-packages/custom_msgs/msg/_pose_keypoint_s.c
[2.978s] -- Up-to-date: /home/user/ros2_ws/install/custom_msgs/local/lib/python3.10/dist-packages/custom_msgs/msg/_yolov8_segmentation.py
[2.978s] -- Up-to-date: /home/user/ros2_ws/install/custom_msgs/local/lib/python3.10/dist-packages/custom_msgs/msg/_yolov8_inference_s.c
[2.978s] -- Up-to-date: /home/user/ros2_ws/install/custom_msgs/local/lib/python3.10/dist-packages/custom_msgs/msg/__init__.py
[2.978s] -- Up-to-date: /home/user/ros2_ws/install/custom_msgs/local/lib/python3.10/dist-packages/custom_msgs/msg/_segmentation_result.py
[2.978s] -- Up-to-date: /home/user/ros2_ws/install/custom_msgs/local/lib/python3.10/dist-packages/custom_msgs/msg/_detected_surfaces_s.c
[2.978s] -- Up-to-date: /home/user/ros2_ws/install/custom_msgs/local/lib/python3.10/dist-packages/custom_msgs/msg/_pose_result_s.c
[2.979s] -- Up-to-date: /home/user/ros2_ws/install/custom_msgs/local/lib/python3.10/dist-packages/custom_msgs/msg/_pose_result.py
[2.979s] -- Up-to-date: /home/user/ros2_ws/install/custom_msgs/local/lib/python3.10/dist-packages/custom_msgs/msg/_inference_result_s.c
[2.979s] -- Up-to-date: /home/user/ros2_ws/install/custom_msgs/local/lib/python3.10/dist-packages/custom_msgs/msg/_detected_surfaces.py
[2.979s] -- Up-to-date: /home/user/ros2_ws/install/custom_msgs/local/lib/python3.10/dist-packages/custom_msgs/msg/_pose_keypoint.py
[2.979s] -- Up-to-date: /home/user/ros2_ws/install/custom_msgs/local/lib/python3.10/dist-packages/custom_msgs/msg/_yolov8_inference.py
[2.979s] -- Up-to-date: /home/user/ros2_ws/install/custom_msgs/local/lib/python3.10/dist-packages/custom_msgs/msg/_inference_result.py
[2.979s] -- Up-to-date: /home/user/ros2_ws/install/custom_msgs/local/lib/python3.10/dist-packages/custom_msgs/__init__.py
[2.979s] -- Up-to-date: /home/user/ros2_ws/install/custom_msgs/local/lib/python3.10/dist-packages/custom_msgs/custom_msgs_s__rosidl_typesupport_fastrtps_c.cpython-310-x86_64-linux-gnu.so
[2.980s] -- Up-to-date: /home/user/ros2_ws/install/custom_msgs/local/lib/python3.10/dist-packages/custom_msgs/custom_msgs_s__rosidl_typesupport_introspection_c.cpython-310-x86_64-linux-gnu.so
[2.980s] -- Up-to-date: /home/user/ros2_ws/install/custom_msgs/local/lib/python3.10/dist-packages/custom_msgs/_custom_msgs_s.ep.rosidl_typesupport_introspection_c.c
[2.980s] -- Up-to-date: /home/user/ros2_ws/install/custom_msgs/local/lib/python3.10/dist-packages/custom_msgs/_custom_msgs_s.ep.rosidl_typesupport_fastrtps_c.c
[2.980s] -- Up-to-date: /home/user/ros2_ws/install/custom_msgs/local/lib/python3.10/dist-packages/custom_msgs/custom_msgs_s__rosidl_typesupport_c.cpython-310-x86_64-linux-gnu.so
[2.980s] -- Up-to-date: /home/user/ros2_ws/install/custom_msgs/local/lib/python3.10/dist-packages/custom_msgs/_custom_msgs_s.ep.rosidl_typesupport_c.c
[3.043s] Listing '/home/user/ros2_ws/install/custom_msgs/local/lib/python3.10/dist-packages/custom_msgs'...
[3.043s] Listing '/home/user/ros2_ws/install/custom_msgs/local/lib/python3.10/dist-packages/custom_msgs/msg'...
[3.048s] -- Up-to-date: /home/user/ros2_ws/install/custom_msgs/local/lib/python3.10/dist-packages/custom_msgs/custom_msgs_s__rosidl_typesupport_fastrtps_c.cpython-310-x86_64-linux-gnu.so
[3.049s] -- Up-to-date: /home/user/ros2_ws/install/custom_msgs/local/lib/python3.10/dist-packages/custom_msgs/custom_msgs_s__rosidl_typesupport_introspection_c.cpython-310-x86_64-linux-gnu.so
[3.049s] -- Up-to-date: /home/user/ros2_ws/install/custom_msgs/local/lib/python3.10/dist-packages/custom_msgs/custom_msgs_s__rosidl_typesupport_c.cpython-310-x86_64-linux-gnu.so
[3.049s] -- Up-to-date: /home/user/ros2_ws/install/custom_msgs/lib/libcustom_msgs__rosidl_generator_py.so
[3.050s] -- Up-to-date: /home/user/ros2_ws/install/custom_msgs/share/custom_msgs/msg/DetectedSurfaces.idl
[3.050s] -- Up-to-date: /home/user/ros2_ws/install/custom_msgs/share/custom_msgs/msg/DetectedObjects.idl
[3.050s] -- Up-to-date: /home/user/ros2_ws/install/custom_msgs/share/custom_msgs/msg/InferenceResult.idl
[3.051s] -- Up-to-date: /home/user/ros2_ws/install/custom_msgs/share/custom_msgs/msg/Yolov8Inference.idl
[3.051s] -- Up-to-date: /home/user/ros2_ws/install/custom_msgs/share/custom_msgs/msg/PoseKeypoint.idl
[3.051s] -- Up-to-date: /home/user/ros2_ws/install/custom_msgs/share/custom_msgs/msg/PoseResult.idl
[3.051s] -- Up-to-date: /home/user/ros2_ws/install/custom_msgs/share/custom_msgs/msg/SegmentationResult.idl
[3.051s] -- Up-to-date: /home/user/ros2_ws/install/custom_msgs/share/custom_msgs/msg/Yolov8Segmentation.idl
[3.051s] -- Up-to-date: /home/user/ros2_ws/install/custom_msgs/share/custom_msgs/msg/DetectedSurfaces.msg
[3.052s] -- Up-to-date: /home/user/ros2_ws/install/custom_msgs/share/custom_msgs/msg/DetectedObjects.msg
[3.052s] -- Up-to-date: /home/user/ros2_ws/install/custom_msgs/share/custom_msgs/msg/InferenceResult.msg
[3.052s] -- Up-to-date: /home/user/ros2_ws/install/custom_msgs/share/custom_msgs/msg/Yolov8Inference.msg
[3.052s] -- Up-to-date: /home/user/ros2_ws/install/custom_msgs/share/custom_msgs/msg/PoseKeypoint.msg
[3.052s] -- Up-to-date: /home/user/ros2_ws/install/custom_msgs/share/custom_msgs/msg/PoseResult.msg
[3.052s] -- Up-to-date: /home/user/ros2_ws/install/custom_msgs/share/custom_msgs/msg/SegmentationResult.msg
[3.052s] -- Up-to-date: /home/user/ros2_ws/install/custom_msgs/share/custom_msgs/msg/Yolov8Segmentation.msg
[3.052s] -- Up-to-date: /home/user/ros2_ws/install/custom_msgs/share/ament_index/resource_index/package_run_dependencies/custom_msgs
[3.052s] -- Up-to-date: /home/user/ros2_ws/install/custom_msgs/share/ament_index/resource_index/parent_prefix_path/custom_msgs
[3.052s] -- Up-to-date: /home/user/ros2_ws/install/custom_msgs/share/custom_msgs/environment/ament_prefix_path.sh
[3.053s] -- Up-to-date: /home/user/ros2_ws/install/custom_msgs/share/custom_msgs/environment/ament_prefix_path.dsv
[3.053s] -- Up-to-date: /home/user/ros2_ws/install/custom_msgs/share/custom_msgs/environment/path.sh
[3.053s] -- Up-to-date: /home/user/ros2_ws/install/custom_msgs/share/custom_msgs/environment/path.dsv
[3.053s] -- Up-to-date: /home/user/ros2_ws/install/custom_msgs/share/custom_msgs/local_setup.bash
[3.053s] -- Up-to-date: /home/user/ros2_ws/install/custom_msgs/share/custom_msgs/local_setup.sh
[3.053s] -- Up-to-date: /home/user/ros2_ws/install/custom_msgs/share/custom_msgs/local_setup.zsh
[3.053s] -- Up-to-date: /home/user/ros2_ws/install/custom_msgs/share/custom_msgs/local_setup.dsv
[3.053s] -- Installing: /home/user/ros2_ws/install/custom_msgs/share/custom_msgs/package.dsv
[3.053s] -- Up-to-date: /home/user/ros2_ws/install/custom_msgs/share/ament_index/resource_index/packages/custom_msgs
[3.053s] -- Up-to-date: /home/user/ros2_ws/install/custom_msgs/share/custom_msgs/cmake/export_custom_msgs__rosidl_generator_cExport.cmake
[3.053s] -- Up-to-date: /home/user/ros2_ws/install/custom_msgs/share/custom_msgs/cmake/export_custom_msgs__rosidl_generator_cExport-noconfig.cmake
[3.054s] -- Up-to-date: /home/user/ros2_ws/install/custom_msgs/share/custom_msgs/cmake/export_custom_msgs__rosidl_typesupport_fastrtps_cExport.cmake
[3.054s] -- Up-to-date: /home/user/ros2_ws/install/custom_msgs/share/custom_msgs/cmake/export_custom_msgs__rosidl_typesupport_fastrtps_cExport-noconfig.cmake
[3.054s] -- Up-to-date: /home/user/ros2_ws/install/custom_msgs/share/custom_msgs/cmake/custom_msgs__rosidl_typesupport_introspection_cExport.cmake
[3.055s] -- Up-to-date: /home/user/ros2_ws/install/custom_msgs/share/custom_msgs/cmake/custom_msgs__rosidl_typesupport_introspection_cExport-noconfig.cmake
[3.055s] -- Up-to-date: /home/user/ros2_ws/install/custom_msgs/share/custom_msgs/cmake/custom_msgs__rosidl_typesupport_cExport.cmake
[3.055s] -- Up-to-date: /home/user/ros2_ws/install/custom_msgs/share/custom_msgs/cmake/custom_msgs__rosidl_typesupport_cExport-noconfig.cmake
[3.056s] -- Up-to-date: /home/user/ros2_ws/install/custom_msgs/share/custom_msgs/cmake/export_custom_msgs__rosidl_generator_cppExport.cmake
[3.057s] -- Up-to-date: /home/user/ros2_ws/install/custom_msgs/share/custom_msgs/cmake/export_custom_msgs__rosidl_typesupport_fastrtps_cppExport.cmake
[3.057s] -- Up-to-date: /home/user/ros2_ws/install/custom_msgs/share/custom_msgs/cmake/export_custom_msgs__rosidl_typesupport_fastrtps_cppExport-noconfig.cmake
[3.058s] -- Up-to-date: /home/user/ros2_ws/install/custom_msgs/share/custom_msgs/cmake/custom_msgs__rosidl_typesupport_introspection_cppExport.cmake
[3.058s] -- Up-to-date: /home/user/ros2_ws/install/custom_msgs/share/custom_msgs/cmake/custom_msgs__rosidl_typesupport_introspection_cppExport-noconfig.cmake
[3.058s] -- Up-to-date: /home/user/ros2_ws/install/custom_msgs/share/custom_msgs/cmake/custom_msgs__rosidl_typesupport_cppExport.cmake
[3.059s] -- Up-to-date: /home/user/ros2_ws/install/custom_msgs/share/custom_msgs/cmake/custom_msgs__rosidl_typesupport_cppExport-noconfig.cmake
[3.059s] -- Up-to-date: /home/user/ros2_ws/install/custom_msgs/share/custom_msgs/cmake/export_custom_msgs__rosidl_generator_pyExport.cmake
[3.059s] -- Up-to-date: /home/user/ros2_ws/install/custom_msgs/share/custom_msgs/cmake/export_custom_msgs__rosidl_generator_pyExport-noconfig.cmake
[3.060s] -- Up-to-date: /home/user/ros2_ws/install/custom_msgs/share/custom_msgs/cmake/rosidl_cmake-extras.cmake
[3.060s] -- Up-to-date: /home/user/ros2_ws/install/custom_msgs/share/custom_msgs/cmake/ament_cmake_export_dependencies-extras.cmake
[3.060s] -- Up-to-date: /home/user/ros2_ws/install/custom_msgs/share/custom_msgs/cmake/ament_cmake_export_include_directories-extras.cmake
[3.060s] -- Up-to-date: /home/user/ros2_ws/install/custom_msgs/share/custom_msgs/cmake/ament_cmake_export_libraries-extras.cmake
[3.060s] -- Up-to-date: /home/user/ros2_ws/install/custom_msgs/share/custom_msgs/cmake/ament_cmake_export_targets-extras.cmake
[3.060s] -- Up-to-date: /home/user/ros2_ws/install/custom_msgs/share/custom_msgs/cmake/rosidl_cmake_export_typesupport_targets-extras.cmake
[3.060s] -- Up-to-date: /home/user/ros2_ws/install/custom_msgs/share/custom_msgs/cmake/rosidl_cmake_export_typesupport_libraries-extras.cmake
[3.060s] -- Up-to-date: /home/user/ros2_ws/install/custom_msgs/share/custom_msgs/cmake/custom_msgsConfig.cmake
[3.060s] -- Up-to-date: /home/user/ros2_ws/install/custom_msgs/share/custom_msgs/cmake/custom_msgsConfig-version.cmake
[3.060s] -- Up-to-date: /home/user/ros2_ws/install/custom_msgs/share/custom_msgs/package.xml
[3.065s] Invoked command in '/home/user/ros2_ws/build/custom_msgs' returned '0': CMAKE_PREFIX_PATH=${CMAKE_PREFIX_PATH}:/home/simulations/ros2_sims_ws/install/rclrs_tests:/home/simulations/ros2_sims_ws/install/examples_rclrs_minimal_client_service:/home/simulations/ros2_sims_ws/install/sensor_msgs_py:/home/simulations/ros2_sims_ws/install/examples_rclrs_minimal_pub_sub:/home/simulations/ros2_sims_ws/install/examples_rclrs_message_demo:/home/simulations/ros2_sims_ws/install/rclrs:/home/simulations/ros2_sims_ws/install/rosidl_runtime_rs:/home/user/ros2_ws/install/advanced_perception:/opt/ros/humble _=/usr/bin/env /usr/bin/cmake --install /home/user/ros2_ws/build/custom_msgs
